[2023-10-23 09:54:54,589][root][WARNING] - Mephisto supports rich run-time metrics visualization through Prometheus and Grafana. If you'd like to use this feature, use `mephisto metrics install` to install.(Current install dir is '/mephisto/mephisto/scripts/metrics')'
[2023-10-23 09:55:18,306][mephisto.operations.operator][INFO] - Creating a task run under task name: crowdwork
[2023-10-23 09:55:21,233][sh.command][INFO] - <Command '/bin/rm -rf /mephisto/data/data/runs/NO_PROJECT/1/build/router', pid 53>: process started
[2023-10-23 09:55:22,382][sh.command][INFO] - <Command '/bin/rm -rf /mephisto/data/data/runs/NO_PROJECT/1/build/router', pid 65>: process started
[2023-10-23 09:55:22,395][mephisto.operations.client_io_handler][INFO] - Sending alive
[2023-10-23 09:55:22,396][mephisto.operations.client_io_handler][INFO] - Sending alive
[2023-10-23 09:55:22,417][mephisto.operations.client_io_handler][INFO] - Sending alive
[2023-10-23 09:55:22,418][mephisto.abstractions.architects.channels.websocket_channel][INFO] - channel open
[2023-10-23 09:55:22,739][mephisto.operations.operator][INFO] - Operator running task ID = 1
[2023-10-23 09:55:22,744][mephisto.abstractions.providers.mock.mock_unit][INFO] - Mock task launched: http://localhost:3000 for preview, http://localhost:3000/?worker_id=x&assignment_id=1 for assignment 1
[2023-10-23 09:55:22,750][mephisto.abstractions.providers.mock.mock_unit][INFO] - Mock task launched: http://localhost:3000 for preview, http://localhost:3000/?worker_id=x&assignment_id=2 for assignment 1
[2023-10-23 09:55:22,756][mephisto.abstractions.providers.mock.mock_unit][INFO] - Mock task launched: http://localhost:3000 for preview, http://localhost:3000/?worker_id=x&assignment_id=3 for assignment 2
[2023-10-23 09:55:22,761][mephisto.abstractions.providers.mock.mock_unit][INFO] - Mock task launched: http://localhost:3000 for preview, http://localhost:3000/?worker_id=x&assignment_id=4 for assignment 2
[2023-10-23 09:55:37,411][mephisto.operations.client_io_handler][WARNING] - [31;1m[Version Mismatch!!][0m: Package `mephisto-task` version mismatch. Expected version 2.0.4 but frontend is currently using 2.0.3. This may cause unexpected errors, be sure to update your `mephisto-task` dependency with `npm install mephisto-task@2.0.4 --save`. If this warning still persists or the version isn't found, please open an issue at https://github.com/facebookresearch/Mephisto/issues
[2023-10-23 09:55:52,750][mephisto.operations.operator][INFO] - Operator running task ID = 1
[2023-10-23 09:56:14,913][mephisto.operations.client_io_handler][WARNING] - [31;1m[Version Mismatch!!][0m: Package `mephisto-task` version mismatch. Expected version 2.0.4 but frontend is currently using 2.0.3. This may cause unexpected errors, be sure to update your `mephisto-task` dependency with `npm install mephisto-task@2.0.4 --save`. If this warning still persists or the version isn't found, please open an issue at https://github.com/facebookresearch/Mephisto/issues
[2023-10-23 09:56:22,763][mephisto.operations.operator][INFO] - Operator running task ID = 1
[2023-10-23 09:56:52,773][mephisto.operations.operator][INFO] - Operator running task ID = 1
[2023-10-23 09:56:59,485][mephisto.operations.client_io_handler][WARNING] - [31;1m[Version Mismatch!!][0m: Package `mephisto-task` version mismatch. Expected version 2.0.4 but frontend is currently using 2.0.3. This may cause unexpected errors, be sure to update your `mephisto-task` dependency with `npm install mephisto-task@2.0.4 --save`. If this warning still persists or the version isn't found, please open an issue at https://github.com/facebookresearch/Mephisto/issues
[2023-10-23 09:57:01,440][mephisto.operations.client_io_handler][WARNING] - [31;1m[Version Mismatch!!][0m: Package `mephisto-task` version mismatch. Expected version 2.0.4 but frontend is currently using 2.0.3. This may cause unexpected errors, be sure to update your `mephisto-task` dependency with `npm install mephisto-task@2.0.4 --save`. If this warning still persists or the version isn't found, please open an issue at https://github.com/facebookresearch/Mephisto/issues
[2023-10-23 09:57:22,782][mephisto.operations.operator][INFO] - Operator running task ID = 1
[2023-10-23 09:57:52,792][mephisto.operations.operator][INFO] - Operator running task ID = 1
[2023-10-23 09:58:22,806][mephisto.operations.operator][INFO] - Operator running task ID = 1
[2023-10-23 09:58:52,172][mephisto.operations.client_io_handler][WARNING] - [31;1m[Version Mismatch!!][0m: Package `mephisto-task` version mismatch. Expected version 2.0.4 but frontend is currently using 2.0.3. This may cause unexpected errors, be sure to update your `mephisto-task` dependency with `npm install mephisto-task@2.0.4 --save`. If this warning still persists or the version isn't found, please open an issue at https://github.com/facebookresearch/Mephisto/issues
[2023-10-23 09:58:52,815][mephisto.operations.operator][INFO] - Operator running task ID = 1
[2023-10-23 09:59:22,826][mephisto.operations.operator][INFO] - Operator running task ID = 1
[2023-10-23 09:59:52,838][mephisto.operations.operator][INFO] - Operator running task ID = 1
[2023-10-23 10:00:22,626][mephisto.operations.client_io_handler][WARNING] - [31;1m[Version Mismatch!!][0m: Package `mephisto-task` version mismatch. Expected version 2.0.4 but frontend is currently using 2.0.3. This may cause unexpected errors, be sure to update your `mephisto-task` dependency with `npm install mephisto-task@2.0.4 --save`. If this warning still persists or the version isn't found, please open an issue at https://github.com/facebookresearch/Mephisto/issues
[2023-10-23 10:00:22,847][mephisto.operations.operator][INFO] - Operator running task ID = 1
[2023-10-23 10:00:52,856][mephisto.operations.operator][INFO] - Operator running task ID = 1
[2023-10-23 10:01:04,419][mephisto.operations.client_io_handler][WARNING] - [31;1m[Version Mismatch!!][0m: Package `mephisto-task` version mismatch. Expected version 2.0.4 but frontend is currently using 2.0.3. This may cause unexpected errors, be sure to update your `mephisto-task` dependency with `npm install mephisto-task@2.0.4 --save`. If this warning still persists or the version isn't found, please open an issue at https://github.com/facebookresearch/Mephisto/issues
[2023-10-23 10:01:21,861][mephisto.operations.client_io_handler][WARNING] - [31;1m[Version Mismatch!!][0m: Package `mephisto-task` version mismatch. Expected version 2.0.4 but frontend is currently using 2.0.3. This may cause unexpected errors, be sure to update your `mephisto-task` dependency with `npm install mephisto-task@2.0.4 --save`. If this warning still persists or the version isn't found, please open an issue at https://github.com/facebookresearch/Mephisto/issues
[2023-10-23 10:01:22,866][mephisto.operations.operator][INFO] - Operator running task ID = 1
[2023-10-23 10:01:24,115][mephisto.operations.client_io_handler][WARNING] - [31;1m[Version Mismatch!!][0m: Package `mephisto-task` version mismatch. Expected version 2.0.4 but frontend is currently using 2.0.3. This may cause unexpected errors, be sure to update your `mephisto-task` dependency with `npm install mephisto-task@2.0.4 --save`. If this warning still persists or the version isn't found, please open an issue at https://github.com/facebookresearch/Mephisto/issues
[2023-10-23 10:01:34,387][mephisto.operations.client_io_handler][WARNING] - [31;1m[Version Mismatch!!][0m: Package `mephisto-task` version mismatch. Expected version 2.0.4 but frontend is currently using 2.0.3. This may cause unexpected errors, be sure to update your `mephisto-task` dependency with `npm install mephisto-task@2.0.4 --save`. If this warning still persists or the version isn't found, please open an issue at https://github.com/facebookresearch/Mephisto/issues
[2023-10-23 10:01:52,876][mephisto.operations.operator][INFO] - Operator running task ID = 1
[2023-10-23 10:02:08,965][mephisto.operations.client_io_handler][WARNING] - [31;1m[Version Mismatch!!][0m: Package `mephisto-task` version mismatch. Expected version 2.0.4 but frontend is currently using 2.0.3. This may cause unexpected errors, be sure to update your `mephisto-task` dependency with `npm install mephisto-task@2.0.4 --save`. If this warning still persists or the version isn't found, please open an issue at https://github.com/facebookresearch/Mephisto/issues
[2023-10-23 10:02:16,985][mephisto.operations.client_io_handler][WARNING] - [31;1m[Version Mismatch!!][0m: Package `mephisto-task` version mismatch. Expected version 2.0.4 but frontend is currently using 2.0.3. This may cause unexpected errors, be sure to update your `mephisto-task` dependency with `npm install mephisto-task@2.0.4 --save`. If this warning still persists or the version isn't found, please open an issue at https://github.com/facebookresearch/Mephisto/issues
[2023-10-23 10:02:22,888][mephisto.operations.operator][INFO] - Operator running task ID = 1
[2023-10-23 10:02:52,898][mephisto.operations.operator][INFO] - Operator running task ID = 1
[2023-10-23 10:03:22,907][mephisto.operations.operator][INFO] - Operator running task ID = 1
[2023-10-23 10:03:51,487][mephisto.operations.client_io_handler][WARNING] - [31;1m[Version Mismatch!!][0m: Package `mephisto-task` version mismatch. Expected version 2.0.4 but frontend is currently using 2.0.3. This may cause unexpected errors, be sure to update your `mephisto-task` dependency with `npm install mephisto-task@2.0.4 --save`. If this warning still persists or the version isn't found, please open an issue at https://github.com/facebookresearch/Mephisto/issues
[2023-10-23 10:03:52,916][mephisto.operations.operator][INFO] - Operator running task ID = 1
[2023-10-23 10:04:03,164][mephisto.operations.client_io_handler][WARNING] - [31;1m[Version Mismatch!!][0m: Package `mephisto-task` version mismatch. Expected version 2.0.4 but frontend is currently using 2.0.3. This may cause unexpected errors, be sure to update your `mephisto-task` dependency with `npm install mephisto-task@2.0.4 --save`. If this warning still persists or the version isn't found, please open an issue at https://github.com/facebookresearch/Mephisto/issues
[2023-10-23 10:04:22,928][mephisto.operations.operator][INFO] - Operator running task ID = 1
[2023-10-23 10:04:52,938][mephisto.operations.operator][INFO] - Operator running task ID = 1
[2023-10-23 10:04:53,023][mephisto.operations.client_io_handler][WARNING] - [31;1m[Version Mismatch!!][0m: Package `mephisto-task` version mismatch. Expected version 2.0.4 but frontend is currently using 2.0.3. This may cause unexpected errors, be sure to update your `mephisto-task` dependency with `npm install mephisto-task@2.0.4 --save`. If this warning still persists or the version isn't found, please open an issue at https://github.com/facebookresearch/Mephisto/issues
[2023-10-23 10:05:09,210][mephisto.operations.client_io_handler][WARNING] - [31;1m[Version Mismatch!!][0m: Package `mephisto-task` version mismatch. Expected version 2.0.4 but frontend is currently using 2.0.3. This may cause unexpected errors, be sure to update your `mephisto-task` dependency with `npm install mephisto-task@2.0.4 --save`. If this warning still persists or the version isn't found, please open an issue at https://github.com/facebookresearch/Mephisto/issues
[2023-10-23 10:05:22,950][mephisto.operations.operator][INFO] - Operator running task ID = 1
[2023-10-23 10:05:52,959][mephisto.operations.operator][INFO] - Operator running task ID = 1
[2023-10-23 10:06:22,970][mephisto.operations.operator][INFO] - Operator running task ID = 1
[2023-10-23 10:06:52,980][mephisto.operations.operator][INFO] - Operator running task ID = 1
[2023-10-23 10:07:03,511][mephisto.operations.client_io_handler][WARNING] - [31;1m[Version Mismatch!!][0m: Package `mephisto-task` version mismatch. Expected version 2.0.4 but frontend is currently using 2.0.3. This may cause unexpected errors, be sure to update your `mephisto-task` dependency with `npm install mephisto-task@2.0.4 --save`. If this warning still persists or the version isn't found, please open an issue at https://github.com/facebookresearch/Mephisto/issues
[2023-10-23 10:07:22,992][mephisto.operations.operator][INFO] - Operator running task ID = 1
[2023-10-23 10:07:48,306][mephisto.operations.client_io_handler][WARNING] - [31;1m[Version Mismatch!!][0m: Package `mephisto-task` version mismatch. Expected version 2.0.4 but frontend is currently using 2.0.3. This may cause unexpected errors, be sure to update your `mephisto-task` dependency with `npm install mephisto-task@2.0.4 --save`. If this warning still persists or the version isn't found, please open an issue at https://github.com/facebookresearch/Mephisto/issues
[2023-10-23 10:07:53,000][mephisto.operations.operator][INFO] - Operator running task ID = 1
[2023-10-23 10:08:23,012][mephisto.operations.operator][INFO] - Operator running task ID = 1
[2023-10-23 10:08:31,201][mephisto.operations.client_io_handler][WARNING] - [31;1m[Version Mismatch!!][0m: Package `mephisto-task` version mismatch. Expected version 2.0.4 but frontend is currently using 2.0.3. This may cause unexpected errors, be sure to update your `mephisto-task` dependency with `npm install mephisto-task@2.0.4 --save`. If this warning still persists or the version isn't found, please open an issue at https://github.com/facebookresearch/Mephisto/issues
[2023-10-23 10:08:53,021][mephisto.operations.operator][INFO] - Operator running task ID = 1
[2023-10-23 10:09:21,966][mephisto.operations.client_io_handler][WARNING] - [31;1m[Version Mismatch!!][0m: Package `mephisto-task` version mismatch. Expected version 2.0.4 but frontend is currently using 2.0.3. This may cause unexpected errors, be sure to update your `mephisto-task` dependency with `npm install mephisto-task@2.0.4 --save`. If this warning still persists or the version isn't found, please open an issue at https://github.com/facebookresearch/Mephisto/issues
[2023-10-23 10:09:23,029][mephisto.operations.operator][INFO] - Operator running task ID = 1
[2023-10-23 10:09:53,038][mephisto.operations.operator][INFO] - Operator running task ID = 1
[2023-10-23 10:10:23,051][mephisto.operations.operator][INFO] - Operator running task ID = 1
[2023-10-23 10:10:36,575][mephisto.operations.client_io_handler][WARNING] - [31;1m[Version Mismatch!!][0m: Package `mephisto-task` version mismatch. Expected version 2.0.4 but frontend is currently using 2.0.3. This may cause unexpected errors, be sure to update your `mephisto-task` dependency with `npm install mephisto-task@2.0.4 --save`. If this warning still persists or the version isn't found, please open an issue at https://github.com/facebookresearch/Mephisto/issues
[2023-10-23 10:10:53,060][mephisto.operations.operator][INFO] - Operator running task ID = 1
[2023-10-23 10:11:23,072][mephisto.operations.operator][INFO] - Operator running task ID = 1
[2023-10-23 10:11:53,080][mephisto.operations.operator][INFO] - Operator running task ID = 1
[2023-10-23 10:12:23,092][mephisto.operations.operator][INFO] - Operator running task ID = 1
[2023-10-23 10:12:53,102][mephisto.operations.operator][INFO] - Operator running task ID = 1
[2023-10-23 10:13:23,113][mephisto.operations.operator][INFO] - Operator running task ID = 1
[2023-10-23 10:13:53,119][mephisto.operations.operator][INFO] - Operator running task ID = 1
[2023-10-23 10:14:23,130][mephisto.operations.operator][INFO] - Operator running task ID = 1
[2023-10-23 10:14:53,139][mephisto.operations.operator][INFO] - Operator running task ID = 1
[2023-10-23 10:15:23,151][mephisto.operations.operator][INFO] - Operator running task ID = 1
[2023-10-23 10:15:53,159][mephisto.operations.operator][INFO] - Operator running task ID = 1
[2023-10-23 10:16:23,170][mephisto.operations.operator][INFO] - Operator running task ID = 1
[2023-10-23 10:16:53,178][mephisto.operations.operator][INFO] - Operator running task ID = 1
[2023-10-23 10:17:23,188][mephisto.operations.operator][INFO] - Operator running task ID = 1
[2023-10-23 10:17:53,196][mephisto.operations.operator][INFO] - Operator running task ID = 1
[2023-10-23 10:18:07,328][mephisto.operations.client_io_handler][WARNING] - [31;1m[Version Mismatch!!][0m: Package `mephisto-task` version mismatch. Expected version 2.0.4 but frontend is currently using 2.0.3. This may cause unexpected errors, be sure to update your `mephisto-task` dependency with `npm install mephisto-task@2.0.4 --save`. If this warning still persists or the version isn't found, please open an issue at https://github.com/facebookresearch/Mephisto/issues
[2023-10-23 10:18:23,208][mephisto.operations.operator][INFO] - Operator running task ID = 1
[2023-10-23 10:18:53,217][mephisto.operations.operator][INFO] - Operator running task ID = 1
