[2023-10-23 09:00:56,765][root][WARNING] - Mephisto supports rich run-time metrics visualization through Prometheus and Grafana. If you'd like to use this feature, use `mephisto metrics install` to install.(Current install dir is '/mephisto/mephisto/scripts/metrics')'
[2023-10-23 09:01:31,209][mephisto.abstractions.blueprints.static_react_task.static_react_blueprint][INFO] - If you want your server to update on reload whenever you make changes to your webapp, then make sure to set 

link_task_source: [blue]true[/blue]

in your task's hydra configuration and run 

[purple]cd[/purple] webapp [red]&&[/red] [green]npm[/green] run dev:watch

in a separate terminal window. For more information check out:
https://mephisto.ai/docs/guides/tutorials/custom_react/#12-launching-the-task

[2023-10-23 09:01:31,222][mephisto.operations.operator][INFO] - Creating a task run under task name: crowdwork
[2023-10-23 09:01:36,135][sh.command][INFO] - <Command '/bin/rm -rf /mephisto/data/data/runs/NO_PROJECT/1/build/router', pid 19>: process started
[2023-10-23 09:01:37,294][sh.command][INFO] - <Command '/bin/rm -rf /mephisto/data/data/runs/NO_PROJECT/1/build/router', pid 31>: process started
[2023-10-23 09:01:37,305][mephisto.operations.client_io_handler][INFO] - Sending alive
[2023-10-23 09:01:37,305][mephisto.operations.client_io_handler][INFO] - Sending alive
[2023-10-23 09:01:37,327][mephisto.operations.client_io_handler][INFO] - Sending alive
[2023-10-23 09:01:37,328][mephisto.abstractions.architects.channels.websocket_channel][INFO] - channel open
[2023-10-23 09:01:37,699][mephisto.operations.operator][INFO] - Operator running task ID = 1
[2023-10-23 09:01:37,713][mephisto.abstractions.providers.mock.mock_unit][INFO] - Mock task launched: http://localhost:3051 for preview, http://localhost:3051/?worker_id=x&assignment_id=1 for assignment 1
[2023-10-23 09:01:37,726][mephisto.abstractions.providers.mock.mock_unit][INFO] - Mock task launched: http://localhost:3051 for preview, http://localhost:3051/?worker_id=x&assignment_id=2 for assignment 1
[2023-10-23 09:01:37,740][mephisto.abstractions.providers.mock.mock_unit][INFO] - Mock task launched: http://localhost:3051 for preview, http://localhost:3051/?worker_id=x&assignment_id=3 for assignment 2
[2023-10-23 09:01:37,754][mephisto.abstractions.providers.mock.mock_unit][INFO] - Mock task launched: http://localhost:3051 for preview, http://localhost:3051/?worker_id=x&assignment_id=4 for assignment 2
[2023-10-23 09:01:48,615][mephisto.operations.client_io_handler][WARNING] - [31;1m[Version Mismatch!!][0m: Package `mephisto-task` version mismatch. Expected version 2.0.4 but frontend is currently using 2.0.3. This may cause unexpected errors, be sure to update your `mephisto-task` dependency with `npm install mephisto-task@2.0.4 --save`. If this warning still persists or the version isn't found, please open an issue at https://github.com/facebookresearch/Mephisto/issues
[2023-10-23 09:02:07,710][mephisto.operations.operator][INFO] - Operator running task ID = 1
[2023-10-23 09:02:37,722][mephisto.operations.operator][INFO] - Operator running task ID = 1
[2023-10-23 09:03:07,733][mephisto.operations.operator][INFO] - Operator running task ID = 1
[2023-10-23 09:03:37,745][mephisto.operations.operator][INFO] - Operator running task ID = 1
[2023-10-23 09:04:07,756][mephisto.operations.operator][INFO] - Operator running task ID = 1
[2023-10-23 09:04:37,768][mephisto.operations.operator][INFO] - Operator running task ID = 1
[2023-10-23 09:05:07,779][mephisto.operations.operator][INFO] - Operator running task ID = 1
[2023-10-23 09:05:37,791][mephisto.operations.operator][INFO] - Operator running task ID = 1
[2023-10-23 09:06:07,800][mephisto.operations.operator][INFO] - Operator running task ID = 1
[2023-10-23 09:06:37,810][mephisto.operations.operator][INFO] - Operator running task ID = 1
[2023-10-23 09:07:07,820][mephisto.operations.operator][INFO] - Operator running task ID = 1
[2023-10-23 09:07:37,831][mephisto.operations.operator][INFO] - Operator running task ID = 1
[2023-10-23 09:08:07,842][mephisto.operations.operator][INFO] - Operator running task ID = 1
[2023-10-23 09:08:37,856][mephisto.operations.operator][INFO] - Operator running task ID = 1
[2023-10-23 09:09:07,866][mephisto.operations.operator][INFO] - Operator running task ID = 1
[2023-10-23 09:09:37,878][mephisto.operations.operator][INFO] - Operator running task ID = 1
[2023-10-23 09:10:07,887][mephisto.operations.operator][INFO] - Operator running task ID = 1
[2023-10-23 09:10:37,898][mephisto.operations.operator][INFO] - Operator running task ID = 1
[2023-10-23 09:11:07,908][mephisto.operations.operator][INFO] - Operator running task ID = 1
[2023-10-23 09:11:37,922][mephisto.operations.operator][INFO] - Operator running task ID = 1
[2023-10-23 09:12:07,931][mephisto.operations.operator][INFO] - Operator running task ID = 1
[2023-10-23 09:12:37,943][mephisto.operations.operator][INFO] - Operator running task ID = 1
[2023-10-23 09:13:07,953][mephisto.operations.operator][INFO] - Operator running task ID = 1
[2023-10-23 09:13:37,964][mephisto.operations.operator][INFO] - Operator running task ID = 1
[2023-10-23 09:14:07,975][mephisto.operations.operator][INFO] - Operator running task ID = 1
[2023-10-23 09:14:37,986][mephisto.operations.operator][INFO] - Operator running task ID = 1
[2023-10-23 09:15:07,995][mephisto.operations.operator][INFO] - Operator running task ID = 1
[2023-10-23 09:15:38,008][mephisto.operations.operator][INFO] - Operator running task ID = 1
[2023-10-23 09:16:08,017][mephisto.operations.operator][INFO] - Operator running task ID = 1
[2023-10-23 09:16:38,027][mephisto.operations.operator][INFO] - Operator running task ID = 1
[2023-10-23 09:17:08,037][mephisto.operations.operator][INFO] - Operator running task ID = 1
[2023-10-23 09:17:38,048][mephisto.operations.operator][INFO] - Operator running task ID = 1
[2023-10-23 09:18:08,056][mephisto.operations.operator][INFO] - Operator running task ID = 1
[2023-10-23 09:18:38,069][mephisto.operations.operator][INFO] - Operator running task ID = 1
[2023-10-23 09:19:08,079][mephisto.operations.operator][INFO] - Operator running task ID = 1
