[2023-10-23 11:36:39,242][root][WARNING] - Mephisto supports rich run-time metrics visualization through Prometheus and Grafana. If you'd like to use this feature, use `mephisto metrics install` to install.(Current install dir is '/mephisto/mephisto/scripts/metrics')'
[2023-10-23 11:37:10,178][mephisto.operations.operator][INFO] - Creating a task run under task name: crowdwork
[2023-10-23 11:37:14,060][sh.command][INFO] - <Command '/bin/rm -rf /mephisto/data/data/runs/NO_PROJECT/1/build/router', pid 83>: process started
[2023-10-23 11:37:15,206][sh.command][INFO] - <Command '/bin/rm -rf /mephisto/data/data/runs/NO_PROJECT/1/build/router', pid 95>: process started
[2023-10-23 11:37:15,223][mephisto.operations.client_io_handler][INFO] - Sending alive
[2023-10-23 11:37:15,224][mephisto.operations.client_io_handler][INFO] - Sending alive
[2023-10-23 11:37:15,245][mephisto.operations.client_io_handler][INFO] - Sending alive
[2023-10-23 11:37:15,245][mephisto.abstractions.architects.channels.websocket_channel][INFO] - channel open
[2023-10-23 11:37:15,560][mephisto.operations.operator][INFO] - Operator running task ID = 1
[2023-10-23 11:37:15,566][mephisto.abstractions.providers.mock.mock_unit][INFO] - Mock task launched: http://localhost:3000 for preview, http://localhost:3000/?worker_id=x&assignment_id=1 for assignment 1
[2023-10-23 11:37:15,572][mephisto.abstractions.providers.mock.mock_unit][INFO] - Mock task launched: http://localhost:3000 for preview, http://localhost:3000/?worker_id=x&assignment_id=2 for assignment 1
[2023-10-23 11:37:15,578][mephisto.abstractions.providers.mock.mock_unit][INFO] - Mock task launched: http://localhost:3000 for preview, http://localhost:3000/?worker_id=x&assignment_id=3 for assignment 2
[2023-10-23 11:37:15,583][mephisto.abstractions.providers.mock.mock_unit][INFO] - Mock task launched: http://localhost:3000 for preview, http://localhost:3000/?worker_id=x&assignment_id=4 for assignment 2
[2023-10-23 11:37:18,557][mephisto.operations.client_io_handler][WARNING] - [31;1m[Version Mismatch!!][0m: Package `mephisto-task` version mismatch. Expected version 2.0.4 but frontend is currently using 2.0.3. This may cause unexpected errors, be sure to update your `mephisto-task` dependency with `npm install mephisto-task@2.0.4 --save`. If this warning still persists or the version isn't found, please open an issue at https://github.com/facebookresearch/Mephisto/issues
[2023-10-23 11:37:45,572][mephisto.operations.operator][INFO] - Operator running task ID = 1
[2023-10-23 11:37:58,208][mephisto.operations.client_io_handler][WARNING] - [31;1m[Version Mismatch!!][0m: Package `mephisto-task` version mismatch. Expected version 2.0.4 but frontend is currently using 2.0.3. This may cause unexpected errors, be sure to update your `mephisto-task` dependency with `npm install mephisto-task@2.0.4 --save`. If this warning still persists or the version isn't found, please open an issue at https://github.com/facebookresearch/Mephisto/issues
[2023-10-23 11:38:15,584][mephisto.operations.operator][INFO] - Operator running task ID = 1
[2023-10-23 11:38:18,009][mephisto.operations.client_io_handler][WARNING] - [31;1m[Version Mismatch!!][0m: Package `mephisto-task` version mismatch. Expected version 2.0.4 but frontend is currently using 2.0.3. This may cause unexpected errors, be sure to update your `mephisto-task` dependency with `npm install mephisto-task@2.0.4 --save`. If this warning still persists or the version isn't found, please open an issue at https://github.com/facebookresearch/Mephisto/issues
[2023-10-23 11:38:20,215][mephisto.operations.client_io_handler][WARNING] - [31;1m[Version Mismatch!!][0m: Package `mephisto-task` version mismatch. Expected version 2.0.4 but frontend is currently using 2.0.3. This may cause unexpected errors, be sure to update your `mephisto-task` dependency with `npm install mephisto-task@2.0.4 --save`. If this warning still persists or the version isn't found, please open an issue at https://github.com/facebookresearch/Mephisto/issues
[2023-10-23 11:38:45,595][mephisto.operations.operator][INFO] - Operator running task ID = 1
[2023-10-23 11:39:15,608][mephisto.operations.operator][INFO] - Operator running task ID = 1
[2023-10-23 11:39:33,099][mephisto.operations.client_io_handler][WARNING] - [31;1m[Version Mismatch!!][0m: Package `mephisto-task` version mismatch. Expected version 2.0.4 but frontend is currently using 2.0.3. This may cause unexpected errors, be sure to update your `mephisto-task` dependency with `npm install mephisto-task@2.0.4 --save`. If this warning still persists or the version isn't found, please open an issue at https://github.com/facebookresearch/Mephisto/issues
[2023-10-23 11:39:35,404][mephisto.operations.client_io_handler][WARNING] - [31;1m[Version Mismatch!!][0m: Package `mephisto-task` version mismatch. Expected version 2.0.4 but frontend is currently using 2.0.3. This may cause unexpected errors, be sure to update your `mephisto-task` dependency with `npm install mephisto-task@2.0.4 --save`. If this warning still persists or the version isn't found, please open an issue at https://github.com/facebookresearch/Mephisto/issues
[2023-10-23 11:39:45,615][mephisto.operations.operator][INFO] - Operator running task ID = 1
[2023-10-23 11:40:01,523][mephisto.operations.client_io_handler][WARNING] - [31;1m[Version Mismatch!!][0m: Package `mephisto-task` version mismatch. Expected version 2.0.4 but frontend is currently using 2.0.3. This may cause unexpected errors, be sure to update your `mephisto-task` dependency with `npm install mephisto-task@2.0.4 --save`. If this warning still persists or the version isn't found, please open an issue at https://github.com/facebookresearch/Mephisto/issues
[2023-10-23 11:40:15,627][mephisto.operations.operator][INFO] - Operator running task ID = 1
[2023-10-23 11:40:45,639][mephisto.operations.operator][INFO] - Operator running task ID = 1
[2023-10-23 11:41:15,650][mephisto.operations.operator][INFO] - Operator running task ID = 1
[2023-10-23 11:41:45,659][mephisto.operations.operator][INFO] - Operator running task ID = 1
[2023-10-23 11:42:15,667][mephisto.operations.operator][INFO] - Operator running task ID = 1
[2023-10-23 11:42:45,676][mephisto.operations.operator][INFO] - Operator running task ID = 1
[2023-10-23 11:43:15,687][mephisto.operations.operator][INFO] - Operator running task ID = 1
[2023-10-23 11:43:45,698][mephisto.operations.operator][INFO] - Operator running task ID = 1
[2023-10-23 11:44:15,710][mephisto.operations.operator][INFO] - Operator running task ID = 1
[2023-10-23 11:44:45,720][mephisto.operations.operator][INFO] - Operator running task ID = 1
[2023-10-23 11:45:15,732][mephisto.operations.operator][INFO] - Operator running task ID = 1
[2023-10-23 11:45:45,742][mephisto.operations.operator][INFO] - Operator running task ID = 1
[2023-10-23 11:46:15,750][mephisto.operations.operator][INFO] - Operator running task ID = 1
[2023-10-23 11:46:45,759][mephisto.operations.operator][INFO] - Operator running task ID = 1
[2023-10-23 11:47:15,770][mephisto.operations.operator][INFO] - Operator running task ID = 1
[2023-10-23 11:47:45,780][mephisto.operations.operator][INFO] - Operator running task ID = 1
[2023-10-23 11:48:15,792][mephisto.operations.operator][INFO] - Operator running task ID = 1
[2023-10-23 11:48:45,801][mephisto.operations.operator][INFO] - Operator running task ID = 1
[2023-10-23 11:49:15,813][mephisto.operations.operator][INFO] - Operator running task ID = 1
[2023-10-23 11:49:45,822][mephisto.operations.operator][INFO] - Operator running task ID = 1
[2023-10-23 11:50:15,834][mephisto.operations.operator][INFO] - Operator running task ID = 1
[2023-10-23 11:50:45,843][mephisto.operations.operator][INFO] - Operator running task ID = 1
[2023-10-23 11:51:15,854][mephisto.operations.operator][INFO] - Operator running task ID = 1
[2023-10-23 11:51:45,863][mephisto.operations.operator][INFO] - Operator running task ID = 1
[2023-10-23 11:52:15,874][mephisto.operations.operator][INFO] - Operator running task ID = 1
[2023-10-23 11:52:45,883][mephisto.operations.operator][INFO] - Operator running task ID = 1
[2023-10-23 11:53:15,894][mephisto.operations.operator][INFO] - Operator running task ID = 1
[2023-10-23 11:53:45,910][mephisto.operations.operator][INFO] - Operator running task ID = 1
[2023-10-23 11:54:15,921][mephisto.operations.operator][INFO] - Operator running task ID = 1
[2023-10-23 11:54:45,930][mephisto.operations.operator][INFO] - Operator running task ID = 1
[2023-10-23 11:55:15,940][mephisto.operations.operator][INFO] - Operator running task ID = 1
[2023-10-23 11:55:45,949][mephisto.operations.operator][INFO] - Operator running task ID = 1
[2023-10-23 11:56:15,960][mephisto.operations.operator][INFO] - Operator running task ID = 1
[2023-10-23 11:56:45,967][mephisto.operations.operator][INFO] - Operator running task ID = 1
[2023-10-23 11:57:15,980][mephisto.operations.operator][INFO] - Operator running task ID = 1
[2023-10-23 11:57:45,989][mephisto.operations.operator][INFO] - Operator running task ID = 1
[2023-10-23 11:58:15,996][mephisto.operations.operator][INFO] - Operator running task ID = 1
[2023-10-23 11:58:46,004][mephisto.operations.operator][INFO] - Operator running task ID = 1
[2023-10-23 11:59:16,014][mephisto.operations.operator][INFO] - Operator running task ID = 1
[2023-10-23 11:59:46,021][mephisto.operations.operator][INFO] - Operator running task ID = 1
[2023-10-23 12:00:16,032][mephisto.operations.operator][INFO] - Operator running task ID = 1
[2023-10-23 12:00:46,039][mephisto.operations.operator][INFO] - Operator running task ID = 1
[2023-10-23 12:01:16,049][mephisto.operations.operator][INFO] - Operator running task ID = 1
[2023-10-23 12:01:46,057][mephisto.operations.operator][INFO] - Operator running task ID = 1
[2023-10-23 12:02:16,066][mephisto.operations.operator][INFO] - Operator running task ID = 1
[2023-10-23 12:02:46,075][mephisto.operations.operator][INFO] - Operator running task ID = 1
[2023-10-23 12:03:16,084][mephisto.operations.operator][INFO] - Operator running task ID = 1
[2023-10-23 12:03:46,092][mephisto.operations.operator][INFO] - Operator running task ID = 1
[2023-10-23 12:04:16,103][mephisto.operations.operator][INFO] - Operator running task ID = 1
[2023-10-23 12:04:46,111][mephisto.operations.operator][INFO] - Operator running task ID = 1
[2023-10-23 12:05:16,123][mephisto.operations.operator][INFO] - Operator running task ID = 1
[2023-10-23 12:05:46,130][mephisto.operations.operator][INFO] - Operator running task ID = 1
[2023-10-23 12:06:16,139][mephisto.operations.operator][INFO] - Operator running task ID = 1
[2023-10-23 12:06:46,147][mephisto.operations.operator][INFO] - Operator running task ID = 1
[2023-10-23 12:07:16,155][mephisto.operations.operator][INFO] - Operator running task ID = 1
[2023-10-23 12:07:46,162][mephisto.operations.operator][INFO] - Operator running task ID = 1
[2023-10-23 12:08:16,169][mephisto.operations.operator][INFO] - Operator running task ID = 1
[2023-10-23 12:08:46,174][mephisto.operations.operator][INFO] - Operator running task ID = 1
[2023-10-23 12:09:16,185][mephisto.operations.operator][INFO] - Operator running task ID = 1
[2023-10-23 12:09:46,193][mephisto.operations.operator][INFO] - Operator running task ID = 1
[2023-10-23 12:10:16,201][mephisto.operations.operator][INFO] - Operator running task ID = 1
[2023-10-23 12:10:46,211][mephisto.operations.operator][INFO] - Operator running task ID = 1
[2023-10-23 12:11:16,221][mephisto.operations.operator][INFO] - Operator running task ID = 1
[2023-10-23 12:11:46,227][mephisto.operations.operator][INFO] - Operator running task ID = 1
[2023-10-23 12:12:16,237][mephisto.operations.operator][INFO] - Operator running task ID = 1
[2023-10-23 12:12:46,244][mephisto.operations.operator][INFO] - Operator running task ID = 1
[2023-10-23 12:13:16,254][mephisto.operations.operator][INFO] - Operator running task ID = 1
[2023-10-23 12:13:46,261][mephisto.operations.operator][INFO] - Operator running task ID = 1
[2023-10-23 12:14:16,270][mephisto.operations.operator][INFO] - Operator running task ID = 1
[2023-10-23 12:14:46,277][mephisto.operations.operator][INFO] - Operator running task ID = 1
[2023-10-23 12:15:16,286][mephisto.operations.operator][INFO] - Operator running task ID = 1
[2023-10-23 12:15:46,294][mephisto.operations.operator][INFO] - Operator running task ID = 1
[2023-10-23 12:16:16,303][mephisto.operations.operator][INFO] - Operator running task ID = 1
[2023-10-23 12:16:46,309][mephisto.operations.operator][INFO] - Operator running task ID = 1
[2023-10-23 12:17:16,316][mephisto.operations.operator][INFO] - Operator running task ID = 1
[2023-10-23 12:17:46,322][mephisto.operations.operator][INFO] - Operator running task ID = 1
[2023-10-23 12:18:16,331][mephisto.operations.operator][INFO] - Operator running task ID = 1
[2023-10-23 12:18:46,337][mephisto.operations.operator][INFO] - Operator running task ID = 1
[2023-10-23 12:19:16,347][mephisto.operations.operator][INFO] - Operator running task ID = 1
[2023-10-23 12:19:46,354][mephisto.operations.operator][INFO] - Operator running task ID = 1
[2023-10-23 12:20:16,362][mephisto.operations.operator][INFO] - Operator running task ID = 1
[2023-10-23 12:20:46,369][mephisto.operations.operator][INFO] - Operator running task ID = 1
[2023-10-23 12:21:16,377][mephisto.operations.operator][INFO] - Operator running task ID = 1
[2023-10-23 12:21:46,384][mephisto.operations.operator][INFO] - Operator running task ID = 1
[2023-10-23 12:22:16,392][mephisto.operations.operator][INFO] - Operator running task ID = 1
[2023-10-23 12:22:46,399][mephisto.operations.operator][INFO] - Operator running task ID = 1
[2023-10-23 12:23:16,407][mephisto.operations.operator][INFO] - Operator running task ID = 1
[2023-10-23 12:23:46,412][mephisto.operations.operator][INFO] - Operator running task ID = 1
[2023-10-23 12:24:16,420][mephisto.operations.operator][INFO] - Operator running task ID = 1
[2023-10-23 12:24:46,426][mephisto.operations.operator][INFO] - Operator running task ID = 1
[2023-10-23 12:25:16,434][mephisto.operations.operator][INFO] - Operator running task ID = 1
[2023-10-23 12:25:46,441][mephisto.operations.operator][INFO] - Operator running task ID = 1
[2023-10-23 12:26:16,448][mephisto.operations.operator][INFO] - Operator running task ID = 1
[2023-10-23 12:26:46,455][mephisto.operations.operator][INFO] - Operator running task ID = 1
[2023-10-23 12:27:16,461][mephisto.operations.operator][INFO] - Operator running task ID = 1
[2023-10-23 12:27:46,467][mephisto.operations.operator][INFO] - Operator running task ID = 1
[2023-10-23 12:28:16,473][mephisto.operations.operator][INFO] - Operator running task ID = 1
[2023-10-23 12:28:46,478][mephisto.operations.operator][INFO] - Operator running task ID = 1
[2023-10-23 12:29:16,486][mephisto.operations.operator][INFO] - Operator running task ID = 1
[2023-10-23 12:29:46,493][mephisto.operations.operator][INFO] - Operator running task ID = 1
[2023-10-23 12:30:16,501][mephisto.operations.operator][INFO] - Operator running task ID = 1
[2023-10-23 12:30:46,506][mephisto.operations.operator][INFO] - Operator running task ID = 1
[2023-10-23 12:31:16,513][mephisto.operations.operator][INFO] - Operator running task ID = 1
[2023-10-23 12:31:46,517][mephisto.operations.operator][INFO] - Operator running task ID = 1
[2023-10-23 12:32:16,524][mephisto.operations.operator][INFO] - Operator running task ID = 1
[2023-10-23 12:32:46,530][mephisto.operations.operator][INFO] - Operator running task ID = 1
[2023-10-23 12:33:16,537][mephisto.operations.operator][INFO] - Operator running task ID = 1
[2023-10-23 12:33:46,544][mephisto.operations.operator][INFO] - Operator running task ID = 1
[2023-10-23 12:34:16,551][mephisto.operations.operator][INFO] - Operator running task ID = 1
[2023-10-23 12:34:46,557][mephisto.operations.operator][INFO] - Operator running task ID = 1
[2023-10-23 12:35:16,563][mephisto.operations.operator][INFO] - Operator running task ID = 1
[2023-10-23 12:35:46,567][mephisto.operations.operator][INFO] - Operator running task ID = 1
[2023-10-23 12:36:16,573][mephisto.operations.operator][INFO] - Operator running task ID = 1
[2023-10-23 12:36:46,578][mephisto.operations.operator][INFO] - Operator running task ID = 1
[2023-10-23 12:37:16,585][mephisto.operations.operator][INFO] - Operator running task ID = 1
[2023-10-23 12:37:46,590][mephisto.operations.operator][INFO] - Operator running task ID = 1
[2023-10-23 12:38:16,598][mephisto.operations.operator][INFO] - Operator running task ID = 1
[2023-10-23 12:38:46,611][mephisto.operations.operator][INFO] - Operator running task ID = 1
[2023-10-23 12:39:16,622][mephisto.operations.operator][INFO] - Operator running task ID = 1
[2023-10-23 12:39:46,635][mephisto.operations.operator][INFO] - Operator running task ID = 1
[2023-10-23 12:40:16,646][mephisto.operations.operator][INFO] - Operator running task ID = 1
[2023-10-23 12:40:46,656][mephisto.operations.operator][INFO] - Operator running task ID = 1
[2023-10-23 12:41:16,667][mephisto.operations.operator][INFO] - Operator running task ID = 1
[2023-10-23 12:41:46,680][mephisto.operations.operator][INFO] - Operator running task ID = 1
[2023-10-23 12:42:16,693][mephisto.operations.operator][INFO] - Operator running task ID = 1
[2023-10-23 12:42:46,705][mephisto.operations.operator][INFO] - Operator running task ID = 1
[2023-10-23 12:43:16,715][mephisto.operations.operator][INFO] - Operator running task ID = 1
[2023-10-23 12:43:46,726][mephisto.operations.operator][INFO] - Operator running task ID = 1
[2023-10-23 12:44:16,739][mephisto.operations.operator][INFO] - Operator running task ID = 1
[2023-10-23 12:44:46,750][mephisto.operations.operator][INFO] - Operator running task ID = 1
[2023-10-23 12:45:16,762][mephisto.operations.operator][INFO] - Operator running task ID = 1
[2023-10-23 12:45:46,774][mephisto.operations.operator][INFO] - Operator running task ID = 1
[2023-10-23 12:46:16,784][mephisto.operations.operator][INFO] - Operator running task ID = 1
[2023-10-23 12:46:46,795][mephisto.operations.operator][INFO] - Operator running task ID = 1
[2023-10-23 12:47:16,805][mephisto.operations.operator][INFO] - Operator running task ID = 1
[2023-10-23 12:47:46,816][mephisto.operations.operator][INFO] - Operator running task ID = 1
[2023-10-23 12:48:16,825][mephisto.operations.operator][INFO] - Operator running task ID = 1
[2023-10-23 12:48:46,837][mephisto.operations.operator][INFO] - Operator running task ID = 1
[2023-10-23 12:49:16,848][mephisto.operations.operator][INFO] - Operator running task ID = 1
[2023-10-23 12:49:46,861][mephisto.operations.operator][INFO] - Operator running task ID = 1
[2023-10-23 12:50:16,871][mephisto.operations.operator][INFO] - Operator running task ID = 1
[2023-10-23 12:50:46,884][mephisto.operations.operator][INFO] - Operator running task ID = 1
[2023-10-23 12:51:16,894][mephisto.operations.operator][INFO] - Operator running task ID = 1
[2023-10-23 12:51:46,906][mephisto.operations.operator][INFO] - Operator running task ID = 1
[2023-10-23 12:52:16,916][mephisto.operations.operator][INFO] - Operator running task ID = 1
[2023-10-23 12:52:46,928][mephisto.operations.operator][INFO] - Operator running task ID = 1
[2023-10-23 12:53:16,937][mephisto.operations.operator][INFO] - Operator running task ID = 1
[2023-10-23 12:53:46,950][mephisto.operations.operator][INFO] - Operator running task ID = 1
[2023-10-23 12:54:16,959][mephisto.operations.operator][INFO] - Operator running task ID = 1
[2023-10-23 12:54:46,972][mephisto.operations.operator][INFO] - Operator running task ID = 1
[2023-10-23 12:55:16,981][mephisto.operations.operator][INFO] - Operator running task ID = 1
[2023-10-23 12:55:46,993][mephisto.operations.operator][INFO] - Operator running task ID = 1
[2023-10-23 12:56:17,003][mephisto.operations.operator][INFO] - Operator running task ID = 1
[2023-10-23 12:56:47,014][mephisto.operations.operator][INFO] - Operator running task ID = 1
[2023-10-23 12:57:17,023][mephisto.operations.operator][INFO] - Operator running task ID = 1
[2023-10-23 12:57:47,034][mephisto.operations.operator][INFO] - Operator running task ID = 1
[2023-10-23 12:58:17,043][mephisto.operations.operator][INFO] - Operator running task ID = 1
[2023-10-23 12:58:47,054][mephisto.operations.operator][INFO] - Operator running task ID = 1
[2023-10-23 12:59:17,062][mephisto.operations.operator][INFO] - Operator running task ID = 1
[2023-10-23 12:59:47,073][mephisto.operations.operator][INFO] - Operator running task ID = 1
[2023-10-23 13:00:17,082][mephisto.operations.operator][INFO] - Operator running task ID = 1
[2023-10-23 13:00:47,094][mephisto.operations.operator][INFO] - Operator running task ID = 1
[2023-10-23 13:01:17,102][mephisto.operations.operator][INFO] - Operator running task ID = 1
[2023-10-23 13:01:47,114][mephisto.operations.operator][INFO] - Operator running task ID = 1
[2023-10-23 13:02:17,123][mephisto.operations.operator][INFO] - Operator running task ID = 1
[2023-10-23 13:02:47,135][mephisto.operations.operator][INFO] - Operator running task ID = 1
[2023-10-23 13:03:17,144][mephisto.operations.operator][INFO] - Operator running task ID = 1
[2023-10-23 13:03:47,154][mephisto.operations.operator][INFO] - Operator running task ID = 1
[2023-10-23 13:04:17,163][mephisto.operations.operator][INFO] - Operator running task ID = 1
[2023-10-23 13:04:47,175][mephisto.operations.operator][INFO] - Operator running task ID = 1
[2023-10-23 13:05:17,184][mephisto.operations.operator][INFO] - Operator running task ID = 1
[2023-10-23 13:05:47,195][mephisto.operations.operator][INFO] - Operator running task ID = 1
[2023-10-23 13:06:17,204][mephisto.operations.operator][INFO] - Operator running task ID = 1
[2023-10-23 13:06:47,216][mephisto.operations.operator][INFO] - Operator running task ID = 1
[2023-10-23 13:07:17,224][mephisto.operations.operator][INFO] - Operator running task ID = 1
[2023-10-23 13:07:47,235][mephisto.operations.operator][INFO] - Operator running task ID = 1
[2023-10-23 13:08:17,242][mephisto.operations.operator][INFO] - Operator running task ID = 1
[2023-10-23 13:08:47,253][mephisto.operations.operator][INFO] - Operator running task ID = 1
[2023-10-23 13:09:17,263][mephisto.operations.operator][INFO] - Operator running task ID = 1
[2023-10-23 13:09:47,272][mephisto.operations.operator][INFO] - Operator running task ID = 1
[2023-10-23 13:10:17,281][mephisto.operations.operator][INFO] - Operator running task ID = 1
[2023-10-23 13:10:47,293][mephisto.operations.operator][INFO] - Operator running task ID = 1
[2023-10-23 13:11:17,300][mephisto.operations.operator][INFO] - Operator running task ID = 1
[2023-10-23 13:11:47,310][mephisto.operations.operator][INFO] - Operator running task ID = 1
[2023-10-23 13:12:17,318][mephisto.operations.operator][INFO] - Operator running task ID = 1
[2023-10-23 13:12:47,326][mephisto.operations.operator][INFO] - Operator running task ID = 1
[2023-10-23 13:13:17,331][mephisto.operations.operator][INFO] - Operator running task ID = 1
[2023-10-23 13:13:47,341][mephisto.operations.operator][INFO] - Operator running task ID = 1
[2023-10-23 13:14:17,347][mephisto.operations.operator][INFO] - Operator running task ID = 1
[2023-10-23 13:14:47,357][mephisto.operations.operator][INFO] - Operator running task ID = 1
[2023-10-23 13:15:17,365][mephisto.operations.operator][INFO] - Operator running task ID = 1
[2023-10-23 13:15:47,373][mephisto.operations.operator][INFO] - Operator running task ID = 1
[2023-10-23 13:16:17,382][mephisto.operations.operator][INFO] - Operator running task ID = 1
[2023-10-23 13:16:47,391][mephisto.operations.operator][INFO] - Operator running task ID = 1
[2023-10-23 13:17:17,399][mephisto.operations.operator][INFO] - Operator running task ID = 1
[2023-10-23 13:17:47,407][mephisto.operations.operator][INFO] - Operator running task ID = 1
[2023-10-23 13:18:17,416][mephisto.operations.operator][INFO] - Operator running task ID = 1
[2023-10-23 13:18:47,425][mephisto.operations.operator][INFO] - Operator running task ID = 1
[2023-10-23 13:19:17,433][mephisto.operations.operator][INFO] - Operator running task ID = 1
[2023-10-23 13:19:47,443][mephisto.operations.operator][INFO] - Operator running task ID = 1
[2023-10-23 13:20:17,453][mephisto.operations.operator][INFO] - Operator running task ID = 1
[2023-10-23 13:20:47,461][mephisto.operations.operator][INFO] - Operator running task ID = 1
[2023-10-23 13:21:17,468][mephisto.operations.operator][INFO] - Operator running task ID = 1
[2023-10-23 13:21:47,477][mephisto.operations.operator][INFO] - Operator running task ID = 1
[2023-10-23 13:22:17,484][mephisto.operations.operator][INFO] - Operator running task ID = 1
[2023-10-23 13:22:47,492][mephisto.operations.operator][INFO] - Operator running task ID = 1
[2023-10-23 13:23:17,499][mephisto.operations.operator][INFO] - Operator running task ID = 1
[2023-10-23 13:23:47,508][mephisto.operations.operator][INFO] - Operator running task ID = 1
[2023-10-23 13:24:17,515][mephisto.operations.operator][INFO] - Operator running task ID = 1
[2023-10-23 13:24:47,523][mephisto.operations.operator][INFO] - Operator running task ID = 1
[2023-10-23 13:25:17,530][mephisto.operations.operator][INFO] - Operator running task ID = 1
[2023-10-23 13:25:47,539][mephisto.operations.operator][INFO] - Operator running task ID = 1
[2023-10-23 13:26:17,547][mephisto.operations.operator][INFO] - Operator running task ID = 1
[2023-10-23 13:26:47,556][mephisto.operations.operator][INFO] - Operator running task ID = 1
[2023-10-23 13:27:17,563][mephisto.operations.operator][INFO] - Operator running task ID = 1
[2023-10-23 13:27:47,572][mephisto.operations.operator][INFO] - Operator running task ID = 1
[2023-10-23 13:28:17,578][mephisto.operations.operator][INFO] - Operator running task ID = 1
[2023-10-23 13:28:47,587][mephisto.operations.operator][INFO] - Operator running task ID = 1
[2023-10-23 13:29:17,595][mephisto.operations.operator][INFO] - Operator running task ID = 1
[2023-10-23 13:29:47,605][mephisto.operations.operator][INFO] - Operator running task ID = 1
[2023-10-23 13:30:17,612][mephisto.operations.operator][INFO] - Operator running task ID = 1
[2023-10-23 13:30:47,619][mephisto.operations.operator][INFO] - Operator running task ID = 1
[2023-10-23 13:31:17,625][mephisto.operations.operator][INFO] - Operator running task ID = 1
[2023-10-23 13:31:47,631][mephisto.operations.operator][INFO] - Operator running task ID = 1
[2023-10-23 13:32:17,637][mephisto.operations.operator][INFO] - Operator running task ID = 1
[2023-10-23 13:32:47,644][mephisto.operations.operator][INFO] - Operator running task ID = 1
[2023-10-23 13:33:17,650][mephisto.operations.operator][INFO] - Operator running task ID = 1
[2023-10-23 13:33:47,658][mephisto.operations.operator][INFO] - Operator running task ID = 1
[2023-10-23 13:34:17,663][mephisto.operations.operator][INFO] - Operator running task ID = 1
[2023-10-23 13:34:47,672][mephisto.operations.operator][INFO] - Operator running task ID = 1
[2023-10-23 13:35:17,679][mephisto.operations.operator][INFO] - Operator running task ID = 1
[2023-10-23 13:35:47,687][mephisto.operations.operator][INFO] - Operator running task ID = 1
[2023-10-23 13:36:17,693][mephisto.operations.operator][INFO] - Operator running task ID = 1
[2023-10-23 13:36:47,702][mephisto.operations.operator][INFO] - Operator running task ID = 1
[2023-10-23 13:37:17,707][mephisto.operations.operator][INFO] - Operator running task ID = 1
[2023-10-23 13:37:47,716][mephisto.operations.operator][INFO] - Operator running task ID = 1
[2023-10-23 13:38:17,721][mephisto.operations.operator][INFO] - Operator running task ID = 1
[2023-10-23 13:38:47,729][mephisto.operations.operator][INFO] - Operator running task ID = 1
[2023-10-23 13:39:17,734][mephisto.operations.operator][INFO] - Operator running task ID = 1
[2023-10-23 13:39:47,743][mephisto.operations.operator][INFO] - Operator running task ID = 1
[2023-10-23 13:40:17,749][mephisto.operations.operator][INFO] - Operator running task ID = 1
[2023-10-23 13:40:47,758][mephisto.operations.operator][INFO] - Operator running task ID = 1
[2023-10-23 13:41:17,764][mephisto.operations.operator][INFO] - Operator running task ID = 1
[2023-10-23 13:41:47,773][mephisto.operations.operator][INFO] - Operator running task ID = 1
[2023-10-23 13:42:17,777][mephisto.operations.operator][INFO] - Operator running task ID = 1
[2023-10-23 13:42:47,784][mephisto.operations.operator][INFO] - Operator running task ID = 1
[2023-10-23 13:43:17,789][mephisto.operations.operator][INFO] - Operator running task ID = 1
[2023-10-23 13:43:47,796][mephisto.operations.operator][INFO] - Operator running task ID = 1
[2023-10-23 13:44:17,801][mephisto.operations.operator][INFO] - Operator running task ID = 1
[2023-10-23 13:44:47,809][mephisto.operations.operator][INFO] - Operator running task ID = 1
[2023-10-23 13:45:17,815][mephisto.operations.operator][INFO] - Operator running task ID = 1
[2023-10-23 13:45:47,822][mephisto.operations.operator][INFO] - Operator running task ID = 1
[2023-10-23 13:46:17,827][mephisto.operations.operator][INFO] - Operator running task ID = 1
[2023-10-23 13:46:47,834][mephisto.operations.operator][INFO] - Operator running task ID = 1
[2023-10-23 13:47:17,839][mephisto.operations.operator][INFO] - Operator running task ID = 1
[2023-10-23 13:47:47,846][mephisto.operations.operator][INFO] - Operator running task ID = 1
[2023-10-23 13:48:17,850][mephisto.operations.operator][INFO] - Operator running task ID = 1
[2023-10-23 13:48:47,855][mephisto.operations.operator][INFO] - Operator running task ID = 1
[2023-10-23 13:49:17,859][mephisto.operations.operator][INFO] - Operator running task ID = 1
[2023-10-23 13:49:47,867][mephisto.operations.operator][INFO] - Operator running task ID = 1
[2023-10-23 13:50:17,874][mephisto.operations.operator][INFO] - Operator running task ID = 1
[2023-10-23 13:50:47,882][mephisto.operations.operator][INFO] - Operator running task ID = 1
[2023-10-23 13:51:17,889][mephisto.operations.operator][INFO] - Operator running task ID = 1
[2023-10-23 13:51:47,898][mephisto.operations.operator][INFO] - Operator running task ID = 1
[2023-10-23 13:52:17,907][mephisto.operations.operator][INFO] - Operator running task ID = 1
[2023-10-23 13:52:47,916][mephisto.operations.operator][INFO] - Operator running task ID = 1
[2023-10-23 13:53:17,923][mephisto.operations.operator][INFO] - Operator running task ID = 1
[2023-10-23 13:53:47,931][mephisto.operations.operator][INFO] - Operator running task ID = 1
[2023-10-23 13:54:17,940][mephisto.operations.operator][INFO] - Operator running task ID = 1
[2023-10-23 13:54:47,948][mephisto.operations.operator][INFO] - Operator running task ID = 1
[2023-10-23 13:55:17,955][mephisto.operations.operator][INFO] - Operator running task ID = 1
[2023-10-23 13:55:47,963][mephisto.operations.operator][INFO] - Operator running task ID = 1
[2023-10-23 13:56:17,971][mephisto.operations.operator][INFO] - Operator running task ID = 1
[2023-10-23 13:56:47,980][mephisto.operations.operator][INFO] - Operator running task ID = 1
[2023-10-23 13:57:17,986][mephisto.operations.operator][INFO] - Operator running task ID = 1
[2023-10-23 13:57:47,994][mephisto.operations.operator][INFO] - Operator running task ID = 1
[2023-10-23 13:58:18,002][mephisto.operations.operator][INFO] - Operator running task ID = 1
[2023-10-23 13:58:48,011][mephisto.operations.operator][INFO] - Operator running task ID = 1
[2023-10-23 13:59:18,018][mephisto.operations.operator][INFO] - Operator running task ID = 1
[2023-10-23 13:59:48,026][mephisto.operations.operator][INFO] - Operator running task ID = 1
[2023-10-23 14:00:18,032][mephisto.operations.operator][INFO] - Operator running task ID = 1
[2023-10-23 14:00:48,042][mephisto.operations.operator][INFO] - Operator running task ID = 1
[2023-10-23 14:01:18,049][mephisto.operations.operator][INFO] - Operator running task ID = 1
[2023-10-23 14:01:48,055][mephisto.operations.operator][INFO] - Operator running task ID = 1
[2023-10-23 14:02:18,062][mephisto.operations.operator][INFO] - Operator running task ID = 1
[2023-10-23 14:02:48,069][mephisto.operations.operator][INFO] - Operator running task ID = 1
[2023-10-23 14:03:18,074][mephisto.operations.operator][INFO] - Operator running task ID = 1
[2023-10-23 14:03:48,081][mephisto.operations.operator][INFO] - Operator running task ID = 1
[2023-10-23 14:04:18,087][mephisto.operations.operator][INFO] - Operator running task ID = 1
[2023-10-23 14:04:48,095][mephisto.operations.operator][INFO] - Operator running task ID = 1
[2023-10-23 14:05:18,100][mephisto.operations.operator][INFO] - Operator running task ID = 1
[2023-10-23 14:05:48,105][mephisto.operations.operator][INFO] - Operator running task ID = 1
[2023-10-23 14:06:18,113][mephisto.operations.operator][INFO] - Operator running task ID = 1
[2023-10-23 14:06:48,119][mephisto.operations.operator][INFO] - Operator running task ID = 1
[2023-10-23 14:07:18,124][mephisto.operations.operator][INFO] - Operator running task ID = 1
[2023-10-23 14:07:48,129][mephisto.operations.operator][INFO] - Operator running task ID = 1
[2023-10-23 14:08:18,135][mephisto.operations.operator][INFO] - Operator running task ID = 1
[2023-10-23 14:08:48,140][mephisto.operations.operator][INFO] - Operator running task ID = 1
[2023-10-23 14:09:18,145][mephisto.operations.operator][INFO] - Operator running task ID = 1
[2023-10-23 14:09:48,153][mephisto.operations.operator][INFO] - Operator running task ID = 1
[2023-10-23 14:10:18,157][mephisto.operations.operator][INFO] - Operator running task ID = 1
[2023-10-23 14:10:48,162][mephisto.operations.operator][INFO] - Operator running task ID = 1
[2023-10-23 14:11:18,164][mephisto.operations.operator][INFO] - Operator running task ID = 1
[2023-10-23 14:11:48,171][mephisto.operations.operator][INFO] - Operator running task ID = 1
[2023-10-23 14:12:18,177][mephisto.operations.operator][INFO] - Operator running task ID = 1
[2023-10-23 14:12:48,181][mephisto.operations.operator][INFO] - Operator running task ID = 1
[2023-10-23 14:13:18,185][mephisto.operations.operator][INFO] - Operator running task ID = 1
[2023-10-23 14:13:48,190][mephisto.operations.operator][INFO] - Operator running task ID = 1
[2023-10-23 14:14:18,195][mephisto.operations.operator][INFO] - Operator running task ID = 1
[2023-10-23 14:14:48,199][mephisto.operations.operator][INFO] - Operator running task ID = 1
[2023-10-23 14:15:18,204][mephisto.operations.operator][INFO] - Operator running task ID = 1
[2023-10-23 14:15:48,208][mephisto.operations.operator][INFO] - Operator running task ID = 1
[2023-10-23 14:16:18,212][mephisto.operations.operator][INFO] - Operator running task ID = 1
[2023-10-23 14:16:48,216][mephisto.operations.operator][INFO] - Operator running task ID = 1
[2023-10-23 14:17:18,219][mephisto.operations.operator][INFO] - Operator running task ID = 1
[2023-10-23 14:17:48,223][mephisto.operations.operator][INFO] - Operator running task ID = 1
[2023-10-23 14:18:18,226][mephisto.operations.operator][INFO] - Operator running task ID = 1
[2023-10-23 14:18:48,231][mephisto.operations.operator][INFO] - Operator running task ID = 1
[2023-10-23 14:19:18,235][mephisto.operations.operator][INFO] - Operator running task ID = 1
[2023-10-23 14:19:48,237][mephisto.operations.operator][INFO] - Operator running task ID = 1
[2023-10-23 14:20:18,241][mephisto.operations.operator][INFO] - Operator running task ID = 1
[2023-10-23 14:20:48,243][mephisto.operations.operator][INFO] - Operator running task ID = 1
[2023-10-23 14:21:18,246][mephisto.operations.operator][INFO] - Operator running task ID = 1
[2023-10-23 14:21:48,250][mephisto.operations.operator][INFO] - Operator running task ID = 1
[2023-10-23 14:22:18,256][mephisto.operations.operator][INFO] - Operator running task ID = 1
[2023-10-23 14:22:48,262][mephisto.operations.operator][INFO] - Operator running task ID = 1
[2023-10-23 14:23:18,270][mephisto.operations.operator][INFO] - Operator running task ID = 1
[2023-10-23 14:23:48,275][mephisto.operations.operator][INFO] - Operator running task ID = 1
[2023-10-23 14:24:18,284][mephisto.operations.operator][INFO] - Operator running task ID = 1
[2023-10-23 14:24:48,289][mephisto.operations.operator][INFO] - Operator running task ID = 1
[2023-10-23 14:25:18,298][mephisto.operations.operator][INFO] - Operator running task ID = 1
[2023-10-23 14:25:48,304][mephisto.operations.operator][INFO] - Operator running task ID = 1
[2023-10-23 14:26:18,311][mephisto.operations.operator][INFO] - Operator running task ID = 1
[2023-10-23 14:26:48,318][mephisto.operations.operator][INFO] - Operator running task ID = 1
[2023-10-23 14:27:18,325][mephisto.operations.operator][INFO] - Operator running task ID = 1
[2023-10-23 14:27:48,330][mephisto.operations.operator][INFO] - Operator running task ID = 1
[2023-10-23 14:28:18,336][mephisto.operations.operator][INFO] - Operator running task ID = 1
[2023-10-23 14:28:48,343][mephisto.operations.operator][INFO] - Operator running task ID = 1
[2023-10-23 14:29:18,350][mephisto.operations.operator][INFO] - Operator running task ID = 1
[2023-10-23 14:29:48,354][mephisto.operations.operator][INFO] - Operator running task ID = 1
[2023-10-23 14:30:18,361][mephisto.operations.operator][INFO] - Operator running task ID = 1
[2023-10-23 14:30:48,367][mephisto.operations.operator][INFO] - Operator running task ID = 1
[2023-10-23 14:31:18,376][mephisto.operations.operator][INFO] - Operator running task ID = 1
[2023-10-23 14:31:48,380][mephisto.operations.operator][INFO] - Operator running task ID = 1
[2023-10-23 14:32:18,387][mephisto.operations.operator][INFO] - Operator running task ID = 1
[2023-10-23 14:32:48,391][mephisto.operations.operator][INFO] - Operator running task ID = 1
[2023-10-23 14:33:18,399][mephisto.operations.operator][INFO] - Operator running task ID = 1
[2023-10-23 14:33:48,405][mephisto.operations.operator][INFO] - Operator running task ID = 1
[2023-10-23 14:34:18,408][mephisto.operations.operator][INFO] - Operator running task ID = 1
[2023-10-23 14:34:48,416][mephisto.operations.operator][INFO] - Operator running task ID = 1
[2023-10-23 14:35:18,426][mephisto.operations.operator][INFO] - Operator running task ID = 1
[2023-10-23 14:35:48,438][mephisto.operations.operator][INFO] - Operator running task ID = 1
[2023-10-23 14:36:18,449][mephisto.operations.operator][INFO] - Operator running task ID = 1
[2023-10-23 14:36:48,461][mephisto.operations.operator][INFO] - Operator running task ID = 1
[2023-10-23 14:37:18,472][mephisto.operations.operator][INFO] - Operator running task ID = 1
[2023-10-23 14:37:48,485][mephisto.operations.operator][INFO] - Operator running task ID = 1
[2023-10-23 14:38:18,495][mephisto.operations.operator][INFO] - Operator running task ID = 1
[2023-10-23 14:38:48,506][mephisto.operations.operator][INFO] - Operator running task ID = 1
[2023-10-23 14:39:18,516][mephisto.operations.operator][INFO] - Operator running task ID = 1
[2023-10-23 14:39:48,527][mephisto.operations.operator][INFO] - Operator running task ID = 1
[2023-10-23 14:40:18,538][mephisto.operations.operator][INFO] - Operator running task ID = 1
[2023-10-23 14:40:42,759][mephisto.operations.client_io_handler][WARNING] - [31;1m[Version Mismatch!!][0m: Package `mephisto-task` version mismatch. Expected version 2.0.4 but frontend is currently using 2.0.3. This may cause unexpected errors, be sure to update your `mephisto-task` dependency with `npm install mephisto-task@2.0.4 --save`. If this warning still persists or the version isn't found, please open an issue at https://github.com/facebookresearch/Mephisto/issues
[2023-10-23 14:40:48,550][mephisto.operations.operator][INFO] - Operator running task ID = 1
[2023-10-23 14:41:18,559][mephisto.operations.operator][INFO] - Operator running task ID = 1
[2023-10-23 14:41:48,572][mephisto.operations.operator][INFO] - Operator running task ID = 1
[2023-10-23 14:42:18,581][mephisto.operations.operator][INFO] - Operator running task ID = 1
[2023-10-23 14:42:48,594][mephisto.operations.operator][INFO] - Operator running task ID = 1
[2023-10-23 14:43:18,604][mephisto.operations.operator][INFO] - Operator running task ID = 1
[2023-10-23 14:43:48,616][mephisto.operations.operator][INFO] - Operator running task ID = 1
[2023-10-23 14:44:18,626][mephisto.operations.operator][INFO] - Operator running task ID = 1
[2023-10-23 14:44:48,639][mephisto.operations.operator][INFO] - Operator running task ID = 1
[2023-10-23 14:45:18,647][mephisto.operations.operator][INFO] - Operator running task ID = 1
[2023-10-23 14:45:48,659][mephisto.operations.operator][INFO] - Operator running task ID = 1
[2023-10-23 14:46:18,669][mephisto.operations.operator][INFO] - Operator running task ID = 1
[2023-10-23 14:46:48,680][mephisto.operations.operator][INFO] - Operator running task ID = 1
[2023-10-23 14:47:18,691][mephisto.operations.operator][INFO] - Operator running task ID = 1
[2023-10-23 14:47:48,702][mephisto.operations.operator][INFO] - Operator running task ID = 1
[2023-10-23 14:48:18,712][mephisto.operations.operator][INFO] - Operator running task ID = 1
[2023-10-23 14:48:48,725][mephisto.operations.operator][INFO] - Operator running task ID = 1
[2023-10-23 14:49:18,734][mephisto.operations.operator][INFO] - Operator running task ID = 1
[2023-10-23 14:49:48,747][mephisto.operations.operator][INFO] - Operator running task ID = 1
[2023-10-23 14:50:18,755][mephisto.operations.operator][INFO] - Operator running task ID = 1
[2023-10-23 14:50:48,767][mephisto.operations.operator][INFO] - Operator running task ID = 1
[2023-10-23 14:51:18,774][mephisto.operations.operator][INFO] - Operator running task ID = 1
[2023-10-23 14:51:48,793][mephisto.operations.operator][INFO] - Operator running task ID = 1
[2023-10-23 14:52:18,800][mephisto.operations.operator][INFO] - Operator running task ID = 1
[2023-10-23 14:52:48,808][mephisto.operations.operator][INFO] - Operator running task ID = 1
[2023-10-23 14:53:18,818][mephisto.operations.operator][INFO] - Operator running task ID = 1
[2023-10-23 14:53:48,829][mephisto.operations.operator][INFO] - Operator running task ID = 1
[2023-10-23 14:54:18,837][mephisto.operations.operator][INFO] - Operator running task ID = 1
[2023-10-23 14:54:48,848][mephisto.operations.operator][INFO] - Operator running task ID = 1
[2023-10-23 14:55:18,857][mephisto.operations.operator][INFO] - Operator running task ID = 1
[2023-10-23 14:55:48,870][mephisto.operations.operator][INFO] - Operator running task ID = 1
[2023-10-23 14:56:18,880][mephisto.operations.operator][INFO] - Operator running task ID = 1
[2023-10-23 14:56:48,890][mephisto.operations.operator][INFO] - Operator running task ID = 1
[2023-10-23 14:57:18,900][mephisto.operations.operator][INFO] - Operator running task ID = 1
[2023-10-23 14:57:48,910][mephisto.operations.operator][INFO] - Operator running task ID = 1
[2023-10-23 14:58:18,921][mephisto.operations.operator][INFO] - Operator running task ID = 1
