[2023-10-23 09:29:42,471][root][WARNING] - Mephisto supports rich run-time metrics visualization through Prometheus and Grafana. If you'd like to use this feature, use `mephisto metrics install` to install.(Current install dir is '/mephisto/mephisto/scripts/metrics')'
[2023-10-23 09:29:52,700][mephisto.operations.operator][INFO] - Creating a task run under task name: crowdwork
[2023-10-23 09:29:56,548][sh.command][INFO] - <Command '/bin/rm -rf /mephisto/data/data/runs/NO_PROJECT/1/build/router', pid 26>: process started
[2023-10-23 09:29:57,693][sh.command][INFO] - <Command '/bin/rm -rf /mephisto/data/data/runs/NO_PROJECT/1/build/router', pid 38>: process started
[2023-10-23 09:29:57,705][mephisto.operations.client_io_handler][INFO] - Sending alive
[2023-10-23 09:29:57,705][mephisto.operations.client_io_handler][INFO] - Sending alive
[2023-10-23 09:29:57,727][mephisto.operations.client_io_handler][INFO] - Sending alive
[2023-10-23 09:29:57,727][mephisto.abstractions.architects.channels.websocket_channel][INFO] - channel open
[2023-10-23 09:29:58,096][mephisto.operations.operator][INFO] - Operator running task ID = 1
[2023-10-23 09:29:58,109][mephisto.abstractions.providers.mock.mock_unit][INFO] - Mock task launched: http://localhost:3000 for preview, http://localhost:3000/?worker_id=x&assignment_id=1 for assignment 1
[2023-10-23 09:29:58,123][mephisto.abstractions.providers.mock.mock_unit][INFO] - Mock task launched: http://localhost:3000 for preview, http://localhost:3000/?worker_id=x&assignment_id=2 for assignment 1
[2023-10-23 09:29:58,137][mephisto.abstractions.providers.mock.mock_unit][INFO] - Mock task launched: http://localhost:3000 for preview, http://localhost:3000/?worker_id=x&assignment_id=3 for assignment 2
[2023-10-23 09:29:58,162][mephisto.abstractions.providers.mock.mock_unit][INFO] - Mock task launched: http://localhost:3000 for preview, http://localhost:3000/?worker_id=x&assignment_id=4 for assignment 2
[2023-10-23 09:30:24,650][mephisto.operations.client_io_handler][WARNING] - [31;1m[Version Mismatch!!][0m: Package `mephisto-task` version mismatch. Expected version 2.0.4 but frontend is currently using 2.0.3. This may cause unexpected errors, be sure to update your `mephisto-task` dependency with `npm install mephisto-task@2.0.4 --save`. If this warning still persists or the version isn't found, please open an issue at https://github.com/facebookresearch/Mephisto/issues
[2023-10-23 09:30:28,105][mephisto.operations.operator][INFO] - Operator running task ID = 1
[2023-10-23 09:30:58,117][mephisto.operations.operator][INFO] - Operator running task ID = 1
[2023-10-23 09:31:28,129][mephisto.operations.operator][INFO] - Operator running task ID = 1
[2023-10-23 09:31:58,142][mephisto.operations.operator][INFO] - Operator running task ID = 1
[2023-10-23 09:32:28,152][mephisto.operations.operator][INFO] - Operator running task ID = 1
[2023-10-23 09:32:58,163][mephisto.operations.operator][INFO] - Operator running task ID = 1
[2023-10-23 09:33:28,173][mephisto.operations.operator][INFO] - Operator running task ID = 1
[2023-10-23 09:33:58,185][mephisto.operations.operator][INFO] - Operator running task ID = 1
[2023-10-23 09:34:28,195][mephisto.operations.operator][INFO] - Operator running task ID = 1
[2023-10-23 09:34:58,209][mephisto.operations.operator][INFO] - Operator running task ID = 1
[2023-10-23 09:35:28,219][mephisto.operations.operator][INFO] - Operator running task ID = 1
[2023-10-23 09:35:58,231][mephisto.operations.operator][INFO] - Operator running task ID = 1
[2023-10-23 09:36:28,242][mephisto.operations.operator][INFO] - Operator running task ID = 1
[2023-10-23 09:36:58,254][mephisto.operations.operator][INFO] - Operator running task ID = 1
[2023-10-23 09:37:28,264][mephisto.operations.operator][INFO] - Operator running task ID = 1
[2023-10-23 09:37:58,276][mephisto.operations.operator][INFO] - Operator running task ID = 1
[2023-10-23 09:38:28,285][mephisto.operations.operator][INFO] - Operator running task ID = 1
[2023-10-23 09:38:58,296][mephisto.operations.operator][INFO] - Operator running task ID = 1
[2023-10-23 09:39:28,307][mephisto.operations.operator][INFO] - Operator running task ID = 1
[2023-10-23 09:39:58,319][mephisto.operations.operator][INFO] - Operator running task ID = 1
[2023-10-23 09:40:28,328][mephisto.operations.operator][INFO] - Operator running task ID = 1
[2023-10-23 09:40:58,340][mephisto.operations.operator][INFO] - Operator running task ID = 1
[2023-10-23 09:41:28,350][mephisto.operations.operator][INFO] - Operator running task ID = 1
[2023-10-23 09:41:58,361][mephisto.operations.operator][INFO] - Operator running task ID = 1
[2023-10-23 09:42:28,370][mephisto.operations.operator][INFO] - Operator running task ID = 1
[2023-10-23 09:42:58,381][mephisto.operations.operator][INFO] - Operator running task ID = 1
[2023-10-23 09:43:28,391][mephisto.operations.operator][INFO] - Operator running task ID = 1
[2023-10-23 09:43:58,402][mephisto.operations.operator][INFO] - Operator running task ID = 1
[2023-10-23 09:44:28,412][mephisto.operations.operator][INFO] - Operator running task ID = 1
[2023-10-23 09:45:00,964][mephisto.operations.operator][INFO] - Operator running task ID = 1
[2023-10-23 09:45:30,972][mephisto.operations.operator][INFO] - Operator running task ID = 1
[2023-10-23 09:46:00,982][mephisto.operations.operator][INFO] - Operator running task ID = 1
[2023-10-23 09:46:30,990][mephisto.operations.operator][INFO] - Operator running task ID = 1
[2023-10-23 09:47:01,001][mephisto.operations.operator][INFO] - Operator running task ID = 1
[2023-10-23 09:47:31,010][mephisto.operations.operator][INFO] - Operator running task ID = 1
