[2023-10-22 09:09:41,067][root][WARNING] - Mephisto supports rich run-time metrics visualization through Prometheus and Grafana. If you'd like to use this feature, use `mephisto metrics install` to install.(Current install dir is '/mephisto/mephisto/scripts/metrics')'
[2023-10-22 09:09:50,532][mephisto.operations.operator][INFO] - Creating a task run under task name: crowdwork
[2023-10-22 09:09:57,823][sh.command][INFO] - <Command '/bin/rm -rf /mephisto/data/data/runs/NO_PROJECT/1/build/router', pid 19>: process started
[2023-10-22 09:09:58,965][sh.command][INFO] - <Command '/bin/rm -rf /mephisto/data/data/runs/NO_PROJECT/1/build/router', pid 31>: process started
[2023-10-22 09:09:58,980][mephisto.operations.client_io_handler][INFO] - Sending alive
[2023-10-22 09:09:58,981][mephisto.operations.client_io_handler][INFO] - Sending alive
[2023-10-22 09:09:59,004][mephisto.operations.client_io_handler][INFO] - Sending alive
[2023-10-22 09:09:59,004][mephisto.abstractions.architects.channels.websocket_channel][INFO] - channel open
[2023-10-22 09:09:59,322][mephisto.operations.operator][INFO] - Operator running task ID = 1
[2023-10-22 09:09:59,327][mephisto.abstractions.providers.mock.mock_unit][INFO] - Mock task launched: http://localhost:3000 for preview, http://localhost:3000/?worker_id=x&assignment_id=1 for assignment 1
[2023-10-22 09:09:59,333][mephisto.abstractions.providers.mock.mock_unit][INFO] - Mock task launched: http://localhost:3000 for preview, http://localhost:3000/?worker_id=x&assignment_id=2 for assignment 1
[2023-10-22 09:09:59,338][mephisto.abstractions.providers.mock.mock_unit][INFO] - Mock task launched: http://localhost:3000 for preview, http://localhost:3000/?worker_id=x&assignment_id=3 for assignment 2
[2023-10-22 09:09:59,344][mephisto.abstractions.providers.mock.mock_unit][INFO] - Mock task launched: http://localhost:3000 for preview, http://localhost:3000/?worker_id=x&assignment_id=4 for assignment 2
[2023-10-22 09:10:29,332][mephisto.operations.operator][INFO] - Operator running task ID = 1
[2023-10-22 09:10:59,346][mephisto.operations.operator][INFO] - Operator running task ID = 1
[2023-10-22 09:11:29,356][mephisto.operations.operator][INFO] - Operator running task ID = 1
[2023-10-22 09:11:33,507][mephisto.operations.client_io_handler][WARNING] - [31;1m[Version Mismatch!!][0m: Package `mephisto-task` version mismatch. Expected version 2.0.4 but frontend is currently using 2.0.3. This may cause unexpected errors, be sure to update your `mephisto-task` dependency with `npm install mephisto-task@2.0.4 --save`. If this warning still persists or the version isn't found, please open an issue at https://github.com/facebookresearch/Mephisto/issues
[2023-10-22 09:11:59,368][mephisto.operations.operator][INFO] - Operator running task ID = 1
[2023-10-22 09:12:29,379][mephisto.operations.operator][INFO] - Operator running task ID = 1
[2023-10-22 09:12:59,391][mephisto.operations.operator][INFO] - Operator running task ID = 1
[2023-10-22 09:13:29,402][mephisto.operations.operator][INFO] - Operator running task ID = 1
[2023-10-22 09:13:58,481][mephisto.operations.client_io_handler][WARNING] - [31;1m[Version Mismatch!!][0m: Package `mephisto-task` version mismatch. Expected version 2.0.4 but frontend is currently using 2.0.3. This may cause unexpected errors, be sure to update your `mephisto-task` dependency with `npm install mephisto-task@2.0.4 --save`. If this warning still persists or the version isn't found, please open an issue at https://github.com/facebookresearch/Mephisto/issues
[2023-10-22 09:13:59,410][mephisto.operations.operator][INFO] - Operator running task ID = 1
[2023-10-22 09:14:29,420][mephisto.operations.operator][INFO] - Operator running task ID = 1
[2023-10-22 09:14:59,428][mephisto.operations.operator][INFO] - Operator running task ID = 1
[2023-10-22 09:15:27,579][mephisto.operations.client_io_handler][WARNING] - [31;1m[Version Mismatch!!][0m: Package `mephisto-task` version mismatch. Expected version 2.0.4 but frontend is currently using 2.0.3. This may cause unexpected errors, be sure to update your `mephisto-task` dependency with `npm install mephisto-task@2.0.4 --save`. If this warning still persists or the version isn't found, please open an issue at https://github.com/facebookresearch/Mephisto/issues
[2023-10-22 09:15:29,437][mephisto.operations.operator][INFO] - Operator running task ID = 1
[2023-10-22 09:15:59,449][mephisto.operations.operator][INFO] - Operator running task ID = 1
[2023-10-22 09:16:25,955][mephisto.operations.client_io_handler][WARNING] - [31;1m[Version Mismatch!!][0m: Package `mephisto-task` version mismatch. Expected version 2.0.4 but frontend is currently using 2.0.3. This may cause unexpected errors, be sure to update your `mephisto-task` dependency with `npm install mephisto-task@2.0.4 --save`. If this warning still persists or the version isn't found, please open an issue at https://github.com/facebookresearch/Mephisto/issues
[2023-10-22 09:16:29,458][mephisto.operations.operator][INFO] - Operator running task ID = 1
[2023-10-22 09:16:59,470][mephisto.operations.operator][INFO] - Operator running task ID = 1
[2023-10-22 09:17:29,480][mephisto.operations.operator][INFO] - Operator running task ID = 1
[2023-10-22 09:17:59,451][mephisto.operations.client_io_handler][WARNING] - [31;1m[Version Mismatch!!][0m: Package `mephisto-task` version mismatch. Expected version 2.0.4 but frontend is currently using 2.0.3. This may cause unexpected errors, be sure to update your `mephisto-task` dependency with `npm install mephisto-task@2.0.4 --save`. If this warning still persists or the version isn't found, please open an issue at https://github.com/facebookresearch/Mephisto/issues
[2023-10-22 09:17:59,490][mephisto.operations.operator][INFO] - Operator running task ID = 1
[2023-10-22 09:18:26,104][mephisto.operations.client_io_handler][WARNING] - [31;1m[Version Mismatch!!][0m: Package `mephisto-task` version mismatch. Expected version 2.0.4 but frontend is currently using 2.0.3. This may cause unexpected errors, be sure to update your `mephisto-task` dependency with `npm install mephisto-task@2.0.4 --save`. If this warning still persists or the version isn't found, please open an issue at https://github.com/facebookresearch/Mephisto/issues
[2023-10-22 09:18:29,499][mephisto.operations.operator][INFO] - Operator running task ID = 1
[2023-10-22 09:18:59,511][mephisto.operations.operator][INFO] - Operator running task ID = 1
[2023-10-22 09:19:13,151][mephisto.operations.client_io_handler][WARNING] - [31;1m[Version Mismatch!!][0m: Package `mephisto-task` version mismatch. Expected version 2.0.4 but frontend is currently using 2.0.3. This may cause unexpected errors, be sure to update your `mephisto-task` dependency with `npm install mephisto-task@2.0.4 --save`. If this warning still persists or the version isn't found, please open an issue at https://github.com/facebookresearch/Mephisto/issues
[2023-10-22 09:19:15,556][mephisto.operations.client_io_handler][WARNING] - [31;1m[Version Mismatch!!][0m: Package `mephisto-task` version mismatch. Expected version 2.0.4 but frontend is currently using 2.0.3. This may cause unexpected errors, be sure to update your `mephisto-task` dependency with `npm install mephisto-task@2.0.4 --save`. If this warning still persists or the version isn't found, please open an issue at https://github.com/facebookresearch/Mephisto/issues
[2023-10-22 09:19:29,521][mephisto.operations.operator][INFO] - Operator running task ID = 1
[2023-10-22 09:19:33,843][mephisto.operations.client_io_handler][WARNING] - [31;1m[Version Mismatch!!][0m: Package `mephisto-task` version mismatch. Expected version 2.0.4 but frontend is currently using 2.0.3. This may cause unexpected errors, be sure to update your `mephisto-task` dependency with `npm install mephisto-task@2.0.4 --save`. If this warning still persists or the version isn't found, please open an issue at https://github.com/facebookresearch/Mephisto/issues
[2023-10-22 09:19:48,877][mephisto.operations.client_io_handler][WARNING] - [31;1m[Version Mismatch!!][0m: Package `mephisto-task` version mismatch. Expected version 2.0.4 but frontend is currently using 2.0.3. This may cause unexpected errors, be sure to update your `mephisto-task` dependency with `npm install mephisto-task@2.0.4 --save`. If this warning still persists or the version isn't found, please open an issue at https://github.com/facebookresearch/Mephisto/issues
[2023-10-22 09:19:59,531][mephisto.operations.operator][INFO] - Operator running task ID = 1
[2023-10-22 09:19:59,854][mephisto.operations.client_io_handler][WARNING] - [31;1m[Version Mismatch!!][0m: Package `mephisto-task` version mismatch. Expected version 2.0.4 but frontend is currently using 2.0.3. This may cause unexpected errors, be sure to update your `mephisto-task` dependency with `npm install mephisto-task@2.0.4 --save`. If this warning still persists or the version isn't found, please open an issue at https://github.com/facebookresearch/Mephisto/issues
[2023-10-22 09:20:02,610][mephisto.operations.client_io_handler][WARNING] - [31;1m[Version Mismatch!!][0m: Package `mephisto-task` version mismatch. Expected version 2.0.4 but frontend is currently using 2.0.3. This may cause unexpected errors, be sure to update your `mephisto-task` dependency with `npm install mephisto-task@2.0.4 --save`. If this warning still persists or the version isn't found, please open an issue at https://github.com/facebookresearch/Mephisto/issues
[2023-10-22 09:20:23,457][mephisto.operations.client_io_handler][WARNING] - [31;1m[Version Mismatch!!][0m: Package `mephisto-task` version mismatch. Expected version 2.0.4 but frontend is currently using 2.0.3. This may cause unexpected errors, be sure to update your `mephisto-task` dependency with `npm install mephisto-task@2.0.4 --save`. If this warning still persists or the version isn't found, please open an issue at https://github.com/facebookresearch/Mephisto/issues
[2023-10-22 09:20:24,209][mephisto.operations.client_io_handler][WARNING] - [31;1m[Version Mismatch!!][0m: Package `mephisto-task` version mismatch. Expected version 2.0.4 but frontend is currently using 2.0.3. This may cause unexpected errors, be sure to update your `mephisto-task` dependency with `npm install mephisto-task@2.0.4 --save`. If this warning still persists or the version isn't found, please open an issue at https://github.com/facebookresearch/Mephisto/issues
[2023-10-22 09:20:29,540][mephisto.operations.operator][INFO] - Operator running task ID = 1
[2023-10-22 09:20:35,182][mephisto.operations.client_io_handler][WARNING] - [31;1m[Version Mismatch!!][0m: Package `mephisto-task` version mismatch. Expected version 2.0.4 but frontend is currently using 2.0.3. This may cause unexpected errors, be sure to update your `mephisto-task` dependency with `npm install mephisto-task@2.0.4 --save`. If this warning still persists or the version isn't found, please open an issue at https://github.com/facebookresearch/Mephisto/issues
[2023-10-22 09:20:36,034][mephisto.operations.client_io_handler][WARNING] - [31;1m[Version Mismatch!!][0m: Package `mephisto-task` version mismatch. Expected version 2.0.4 but frontend is currently using 2.0.3. This may cause unexpected errors, be sure to update your `mephisto-task` dependency with `npm install mephisto-task@2.0.4 --save`. If this warning still persists or the version isn't found, please open an issue at https://github.com/facebookresearch/Mephisto/issues
[2023-10-22 09:20:42,298][mephisto.operations.client_io_handler][WARNING] - [31;1m[Version Mismatch!!][0m: Package `mephisto-task` version mismatch. Expected version 2.0.4 but frontend is currently using 2.0.3. This may cause unexpected errors, be sure to update your `mephisto-task` dependency with `npm install mephisto-task@2.0.4 --save`. If this warning still persists or the version isn't found, please open an issue at https://github.com/facebookresearch/Mephisto/issues
[2023-10-22 09:20:42,999][mephisto.operations.client_io_handler][WARNING] - [31;1m[Version Mismatch!!][0m: Package `mephisto-task` version mismatch. Expected version 2.0.4 but frontend is currently using 2.0.3. This may cause unexpected errors, be sure to update your `mephisto-task` dependency with `npm install mephisto-task@2.0.4 --save`. If this warning still persists or the version isn't found, please open an issue at https://github.com/facebookresearch/Mephisto/issues
[2023-10-22 09:20:59,549][mephisto.operations.operator][INFO] - Operator running task ID = 1
[2023-10-22 09:21:23,639][mephisto.operations.client_io_handler][WARNING] - [31;1m[Version Mismatch!!][0m: Package `mephisto-task` version mismatch. Expected version 2.0.4 but frontend is currently using 2.0.3. This may cause unexpected errors, be sure to update your `mephisto-task` dependency with `npm install mephisto-task@2.0.4 --save`. If this warning still persists or the version isn't found, please open an issue at https://github.com/facebookresearch/Mephisto/issues
[2023-10-22 09:21:28,650][mephisto.operations.client_io_handler][WARNING] - [31;1m[Version Mismatch!!][0m: Package `mephisto-task` version mismatch. Expected version 2.0.4 but frontend is currently using 2.0.3. This may cause unexpected errors, be sure to update your `mephisto-task` dependency with `npm install mephisto-task@2.0.4 --save`. If this warning still persists or the version isn't found, please open an issue at https://github.com/facebookresearch/Mephisto/issues
[2023-10-22 09:21:29,558][mephisto.operations.operator][INFO] - Operator running task ID = 1
[2023-10-22 09:21:59,567][mephisto.operations.operator][INFO] - Operator running task ID = 1
[2023-10-22 09:22:29,575][mephisto.operations.operator][INFO] - Operator running task ID = 1
[2023-10-22 09:22:47,369][mephisto.operations.client_io_handler][WARNING] - [31;1m[Version Mismatch!!][0m: Package `mephisto-task` version mismatch. Expected version 2.0.4 but frontend is currently using 2.0.3. This may cause unexpected errors, be sure to update your `mephisto-task` dependency with `npm install mephisto-task@2.0.4 --save`. If this warning still persists or the version isn't found, please open an issue at https://github.com/facebookresearch/Mephisto/issues
[2023-10-22 09:22:59,585][mephisto.operations.operator][INFO] - Operator running task ID = 1
[2023-10-22 09:23:29,595][mephisto.operations.operator][INFO] - Operator running task ID = 1
[2023-10-22 09:23:59,606][mephisto.operations.operator][INFO] - Operator running task ID = 1
[2023-10-22 09:24:29,616][mephisto.operations.operator][INFO] - Operator running task ID = 1
[2023-10-22 09:24:59,628][mephisto.operations.operator][INFO] - Operator running task ID = 1
[2023-10-22 09:25:29,637][mephisto.operations.operator][INFO] - Operator running task ID = 1
[2023-10-22 09:25:59,648][mephisto.operations.operator][INFO] - Operator running task ID = 1
[2023-10-22 09:26:29,658][mephisto.operations.operator][INFO] - Operator running task ID = 1
[2023-10-22 09:26:59,669][mephisto.operations.operator][INFO] - Operator running task ID = 1
[2023-10-22 09:27:29,677][mephisto.operations.operator][INFO] - Operator running task ID = 1
[2023-10-22 09:27:59,689][mephisto.operations.operator][INFO] - Operator running task ID = 1
[2023-10-22 09:28:29,699][mephisto.operations.operator][INFO] - Operator running task ID = 1
[2023-10-22 09:28:59,711][mephisto.operations.operator][INFO] - Operator running task ID = 1
[2023-10-22 09:29:29,719][mephisto.operations.operator][INFO] - Operator running task ID = 1
[2023-10-22 09:29:59,732][mephisto.operations.operator][INFO] - Operator running task ID = 1
[2023-10-22 09:30:01,448][mephisto.operations.client_io_handler][WARNING] - [31;1m[Version Mismatch!!][0m: Package `mephisto-task` version mismatch. Expected version 2.0.4 but frontend is currently using 2.0.3. This may cause unexpected errors, be sure to update your `mephisto-task` dependency with `npm install mephisto-task@2.0.4 --save`. If this warning still persists or the version isn't found, please open an issue at https://github.com/facebookresearch/Mephisto/issues
[2023-10-22 09:30:26,852][mephisto.operations.client_io_handler][WARNING] - [31;1m[Version Mismatch!!][0m: Package `mephisto-task` version mismatch. Expected version 2.0.4 but frontend is currently using 2.0.3. This may cause unexpected errors, be sure to update your `mephisto-task` dependency with `npm install mephisto-task@2.0.4 --save`. If this warning still persists or the version isn't found, please open an issue at https://github.com/facebookresearch/Mephisto/issues
[2023-10-22 09:30:29,740][mephisto.operations.operator][INFO] - Operator running task ID = 1
[2023-10-22 09:30:59,750][mephisto.operations.operator][INFO] - Operator running task ID = 1
[2023-10-22 09:31:29,758][mephisto.operations.operator][INFO] - Operator running task ID = 1
[2023-10-22 09:31:46,578][mephisto.operations.client_io_handler][WARNING] - [31;1m[Version Mismatch!!][0m: Package `mephisto-task` version mismatch. Expected version 2.0.4 but frontend is currently using 2.0.3. This may cause unexpected errors, be sure to update your `mephisto-task` dependency with `npm install mephisto-task@2.0.4 --save`. If this warning still persists or the version isn't found, please open an issue at https://github.com/facebookresearch/Mephisto/issues
[2023-10-22 09:31:59,770][mephisto.operations.operator][INFO] - Operator running task ID = 1
[2023-10-22 09:32:29,777][mephisto.operations.operator][INFO] - Operator running task ID = 1
[2023-10-22 09:32:59,790][mephisto.operations.operator][INFO] - Operator running task ID = 1
[2023-10-22 09:33:29,798][mephisto.operations.operator][INFO] - Operator running task ID = 1
[2023-10-22 09:33:59,808][mephisto.operations.operator][INFO] - Operator running task ID = 1
[2023-10-22 09:34:29,816][mephisto.operations.operator][INFO] - Operator running task ID = 1
[2023-10-22 09:34:38,309][mephisto.operations.client_io_handler][WARNING] - [31;1m[Version Mismatch!!][0m: Package `mephisto-task` version mismatch. Expected version 2.0.4 but frontend is currently using 2.0.3. This may cause unexpected errors, be sure to update your `mephisto-task` dependency with `npm install mephisto-task@2.0.4 --save`. If this warning still persists or the version isn't found, please open an issue at https://github.com/facebookresearch/Mephisto/issues
[2023-10-22 09:34:59,824][mephisto.operations.operator][INFO] - Operator running task ID = 1
[2023-10-22 09:35:29,832][mephisto.operations.operator][INFO] - Operator running task ID = 1
[2023-10-22 09:35:59,844][mephisto.operations.operator][INFO] - Operator running task ID = 1
[2023-10-22 09:36:29,851][mephisto.operations.operator][INFO] - Operator running task ID = 1
[2023-10-22 09:36:59,861][mephisto.operations.operator][INFO] - Operator running task ID = 1
[2023-10-22 09:37:29,870][mephisto.operations.operator][INFO] - Operator running task ID = 1
[2023-10-22 09:37:59,878][mephisto.operations.operator][INFO] - Operator running task ID = 1
[2023-10-22 09:38:29,884][mephisto.operations.operator][INFO] - Operator running task ID = 1
[2023-10-22 09:38:37,474][mephisto.operations.client_io_handler][WARNING] - [31;1m[Version Mismatch!!][0m: Package `mephisto-task` version mismatch. Expected version 2.0.4 but frontend is currently using 2.0.3. This may cause unexpected errors, be sure to update your `mephisto-task` dependency with `npm install mephisto-task@2.0.4 --save`. If this warning still persists or the version isn't found, please open an issue at https://github.com/facebookresearch/Mephisto/issues
[2023-10-22 09:38:59,895][mephisto.operations.operator][INFO] - Operator running task ID = 1
[2023-10-22 09:39:28,388][mephisto.operations.client_io_handler][WARNING] - [31;1m[Version Mismatch!!][0m: Package `mephisto-task` version mismatch. Expected version 2.0.4 but frontend is currently using 2.0.3. This may cause unexpected errors, be sure to update your `mephisto-task` dependency with `npm install mephisto-task@2.0.4 --save`. If this warning still persists or the version isn't found, please open an issue at https://github.com/facebookresearch/Mephisto/issues
[2023-10-22 09:39:29,902][mephisto.operations.operator][INFO] - Operator running task ID = 1
[2023-10-22 09:39:59,911][mephisto.operations.operator][INFO] - Operator running task ID = 1
[2023-10-22 09:40:29,917][mephisto.operations.operator][INFO] - Operator running task ID = 1
[2023-10-22 09:40:59,929][mephisto.operations.operator][INFO] - Operator running task ID = 1
[2023-10-22 09:41:29,936][mephisto.operations.operator][INFO] - Operator running task ID = 1
[2023-10-22 09:41:59,946][mephisto.operations.operator][INFO] - Operator running task ID = 1
[2023-10-22 09:42:29,954][mephisto.operations.operator][INFO] - Operator running task ID = 1
[2023-10-22 09:42:59,962][mephisto.operations.operator][INFO] - Operator running task ID = 1
[2023-10-22 09:43:29,970][mephisto.operations.operator][INFO] - Operator running task ID = 1
[2023-10-22 09:43:59,979][mephisto.operations.operator][INFO] - Operator running task ID = 1
[2023-10-22 09:44:29,987][mephisto.operations.operator][INFO] - Operator running task ID = 1
[2023-10-22 09:44:59,997][mephisto.operations.operator][INFO] - Operator running task ID = 1
[2023-10-22 09:45:30,004][mephisto.operations.operator][INFO] - Operator running task ID = 1
[2023-10-22 09:45:34,572][mephisto.operations.client_io_handler][WARNING] - [31;1m[Version Mismatch!!][0m: Package `mephisto-task` version mismatch. Expected version 2.0.4 but frontend is currently using 2.0.3. This may cause unexpected errors, be sure to update your `mephisto-task` dependency with `npm install mephisto-task@2.0.4 --save`. If this warning still persists or the version isn't found, please open an issue at https://github.com/facebookresearch/Mephisto/issues
[2023-10-22 09:46:00,013][mephisto.operations.operator][INFO] - Operator running task ID = 1
[2023-10-22 09:46:02,182][mephisto.operations.client_io_handler][WARNING] - [31;1m[Version Mismatch!!][0m: Package `mephisto-task` version mismatch. Expected version 2.0.4 but frontend is currently using 2.0.3. This may cause unexpected errors, be sure to update your `mephisto-task` dependency with `npm install mephisto-task@2.0.4 --save`. If this warning still persists or the version isn't found, please open an issue at https://github.com/facebookresearch/Mephisto/issues
[2023-10-22 09:46:30,021][mephisto.operations.operator][INFO] - Operator running task ID = 1
[2023-10-22 09:46:38,212][mephisto.operations.client_io_handler][WARNING] - [31;1m[Version Mismatch!!][0m: Package `mephisto-task` version mismatch. Expected version 2.0.4 but frontend is currently using 2.0.3. This may cause unexpected errors, be sure to update your `mephisto-task` dependency with `npm install mephisto-task@2.0.4 --save`. If this warning still persists or the version isn't found, please open an issue at https://github.com/facebookresearch/Mephisto/issues
[2023-10-22 09:46:49,838][mephisto.operations.client_io_handler][WARNING] - [31;1m[Version Mismatch!!][0m: Package `mephisto-task` version mismatch. Expected version 2.0.4 but frontend is currently using 2.0.3. This may cause unexpected errors, be sure to update your `mephisto-task` dependency with `npm install mephisto-task@2.0.4 --save`. If this warning still persists or the version isn't found, please open an issue at https://github.com/facebookresearch/Mephisto/issues
[2023-10-22 09:47:00,027][mephisto.operations.operator][INFO] - Operator running task ID = 1
[2023-10-22 09:47:30,034][mephisto.operations.operator][INFO] - Operator running task ID = 1
[2023-10-22 09:48:00,045][mephisto.operations.operator][INFO] - Operator running task ID = 1
[2023-10-22 09:48:30,052][mephisto.operations.operator][INFO] - Operator running task ID = 1
[2023-10-22 09:49:00,060][mephisto.operations.operator][INFO] - Operator running task ID = 1
[2023-10-22 09:49:30,066][mephisto.operations.operator][INFO] - Operator running task ID = 1
[2023-10-22 09:50:00,074][mephisto.operations.operator][INFO] - Operator running task ID = 1
[2023-10-22 09:50:30,080][mephisto.operations.operator][INFO] - Operator running task ID = 1
[2023-10-22 09:51:00,089][mephisto.operations.operator][INFO] - Operator running task ID = 1
[2023-10-22 09:51:30,096][mephisto.operations.operator][INFO] - Operator running task ID = 1
[2023-10-22 09:52:00,103][mephisto.operations.operator][INFO] - Operator running task ID = 1
[2023-10-22 09:52:30,110][mephisto.operations.operator][INFO] - Operator running task ID = 1
[2023-10-22 09:53:00,118][mephisto.operations.operator][INFO] - Operator running task ID = 1
[2023-10-22 09:53:30,124][mephisto.operations.operator][INFO] - Operator running task ID = 1
[2023-10-22 09:54:00,132][mephisto.operations.operator][INFO] - Operator running task ID = 1
[2023-10-22 09:54:30,139][mephisto.operations.operator][INFO] - Operator running task ID = 1
[2023-10-22 09:55:00,147][mephisto.operations.operator][INFO] - Operator running task ID = 1
[2023-10-22 09:55:30,154][mephisto.operations.operator][INFO] - Operator running task ID = 1
[2023-10-22 09:56:00,163][mephisto.operations.operator][INFO] - Operator running task ID = 1
[2023-10-22 09:56:30,169][mephisto.operations.operator][INFO] - Operator running task ID = 1
[2023-10-22 09:57:00,177][mephisto.operations.operator][INFO] - Operator running task ID = 1
[2023-10-22 09:57:30,184][mephisto.operations.operator][INFO] - Operator running task ID = 1
[2023-10-22 09:58:00,192][mephisto.operations.operator][INFO] - Operator running task ID = 1
[2023-10-22 09:58:30,199][mephisto.operations.operator][INFO] - Operator running task ID = 1
[2023-10-22 09:59:00,207][mephisto.operations.operator][INFO] - Operator running task ID = 1
[2023-10-22 09:59:30,212][mephisto.operations.operator][INFO] - Operator running task ID = 1
[2023-10-22 10:00:00,220][mephisto.operations.operator][INFO] - Operator running task ID = 1
[2023-10-22 10:00:30,226][mephisto.operations.operator][INFO] - Operator running task ID = 1
[2023-10-22 10:01:00,234][mephisto.operations.operator][INFO] - Operator running task ID = 1
[2023-10-22 10:01:30,237][mephisto.operations.operator][INFO] - Operator running task ID = 1
[2023-10-22 10:02:00,245][mephisto.operations.operator][INFO] - Operator running task ID = 1
[2023-10-22 10:02:30,251][mephisto.operations.operator][INFO] - Operator running task ID = 1
[2023-10-22 10:03:00,257][mephisto.operations.operator][INFO] - Operator running task ID = 1
[2023-10-22 10:03:30,261][mephisto.operations.operator][INFO] - Operator running task ID = 1
[2023-10-22 10:04:00,267][mephisto.operations.operator][INFO] - Operator running task ID = 1
[2023-10-22 10:04:30,274][mephisto.operations.operator][INFO] - Operator running task ID = 1
[2023-10-22 10:05:00,281][mephisto.operations.operator][INFO] - Operator running task ID = 1
[2023-10-22 10:05:30,286][mephisto.operations.operator][INFO] - Operator running task ID = 1
[2023-10-22 10:06:00,292][mephisto.operations.operator][INFO] - Operator running task ID = 1
[2023-10-22 10:06:30,297][mephisto.operations.operator][INFO] - Operator running task ID = 1
[2023-10-22 10:07:00,304][mephisto.operations.operator][INFO] - Operator running task ID = 1
[2023-10-22 10:07:30,310][mephisto.operations.operator][INFO] - Operator running task ID = 1
[2023-10-22 10:08:00,318][mephisto.operations.operator][INFO] - Operator running task ID = 1
[2023-10-22 10:08:30,324][mephisto.operations.operator][INFO] - Operator running task ID = 1
[2023-10-22 10:09:00,331][mephisto.operations.operator][INFO] - Operator running task ID = 1
[2023-10-22 10:09:30,336][mephisto.operations.operator][INFO] - Operator running task ID = 1
[2023-10-22 10:10:00,341][mephisto.operations.operator][INFO] - Operator running task ID = 1
[2023-10-22 10:10:30,345][mephisto.operations.operator][INFO] - Operator running task ID = 1
[2023-10-22 10:11:00,355][mephisto.operations.operator][INFO] - Operator running task ID = 1
[2023-10-22 10:11:30,364][mephisto.operations.operator][INFO] - Operator running task ID = 1
[2023-10-22 10:12:00,375][mephisto.operations.operator][INFO] - Operator running task ID = 1
[2023-10-22 10:12:30,386][mephisto.operations.operator][INFO] - Operator running task ID = 1
[2023-10-22 10:13:00,397][mephisto.operations.operator][INFO] - Operator running task ID = 1
[2023-10-22 10:13:30,404][mephisto.operations.operator][INFO] - Operator running task ID = 1
[2023-10-22 10:14:00,416][mephisto.operations.operator][INFO] - Operator running task ID = 1
[2023-10-22 10:14:30,430][mephisto.operations.operator][INFO] - Operator running task ID = 1
[2023-10-22 10:15:00,439][mephisto.operations.operator][INFO] - Operator running task ID = 1
[2023-10-22 10:15:30,451][mephisto.operations.operator][INFO] - Operator running task ID = 1
[2023-10-22 10:16:00,461][mephisto.operations.operator][INFO] - Operator running task ID = 1
[2023-10-22 10:16:30,475][mephisto.operations.operator][INFO] - Operator running task ID = 1
[2023-10-22 10:17:00,484][mephisto.operations.operator][INFO] - Operator running task ID = 1
[2023-10-22 10:17:30,495][mephisto.operations.operator][INFO] - Operator running task ID = 1
[2023-10-22 10:18:00,505][mephisto.operations.operator][INFO] - Operator running task ID = 1
[2023-10-22 10:18:30,515][mephisto.operations.operator][INFO] - Operator running task ID = 1
[2023-10-22 10:19:00,525][mephisto.operations.operator][INFO] - Operator running task ID = 1
[2023-10-22 10:19:30,536][mephisto.operations.operator][INFO] - Operator running task ID = 1
[2023-10-22 10:20:00,545][mephisto.operations.operator][INFO] - Operator running task ID = 1
[2023-10-22 10:20:30,556][mephisto.operations.operator][INFO] - Operator running task ID = 1
[2023-10-22 10:21:00,566][mephisto.operations.operator][INFO] - Operator running task ID = 1
[2023-10-22 10:21:30,579][mephisto.operations.operator][INFO] - Operator running task ID = 1
[2023-10-22 10:22:00,585][mephisto.operations.operator][INFO] - Operator running task ID = 1
[2023-10-22 10:22:30,597][mephisto.operations.operator][INFO] - Operator running task ID = 1
[2023-10-22 10:23:00,608][mephisto.operations.operator][INFO] - Operator running task ID = 1
[2023-10-22 10:23:30,620][mephisto.operations.operator][INFO] - Operator running task ID = 1
[2023-10-22 10:24:00,630][mephisto.operations.operator][INFO] - Operator running task ID = 1
[2023-10-22 10:24:30,643][mephisto.operations.operator][INFO] - Operator running task ID = 1
[2023-10-22 10:25:00,652][mephisto.operations.operator][INFO] - Operator running task ID = 1
[2023-10-22 10:25:30,665][mephisto.operations.operator][INFO] - Operator running task ID = 1
[2023-10-22 10:26:00,674][mephisto.operations.operator][INFO] - Operator running task ID = 1
[2023-10-22 10:26:30,685][mephisto.operations.operator][INFO] - Operator running task ID = 1
[2023-10-22 10:27:00,695][mephisto.operations.operator][INFO] - Operator running task ID = 1
[2023-10-22 10:27:30,705][mephisto.operations.operator][INFO] - Operator running task ID = 1
[2023-10-22 10:28:00,714][mephisto.operations.operator][INFO] - Operator running task ID = 1
[2023-10-22 10:28:01,790][mephisto.operations.client_io_handler][WARNING] - [31;1m[Version Mismatch!!][0m: Package `mephisto-task` version mismatch. Expected version 2.0.4 but frontend is currently using 2.0.3. This may cause unexpected errors, be sure to update your `mephisto-task` dependency with `npm install mephisto-task@2.0.4 --save`. If this warning still persists or the version isn't found, please open an issue at https://github.com/facebookresearch/Mephisto/issues
[2023-10-22 10:28:30,725][mephisto.operations.operator][INFO] - Operator running task ID = 1
[2023-10-22 10:29:00,734][mephisto.operations.operator][INFO] - Operator running task ID = 1
[2023-10-22 10:29:30,741][mephisto.operations.operator][INFO] - Operator running task ID = 1
[2023-10-22 10:29:57,395][mephisto.operations.client_io_handler][WARNING] - [31;1m[Version Mismatch!!][0m: Package `mephisto-task` version mismatch. Expected version 2.0.4 but frontend is currently using 2.0.3. This may cause unexpected errors, be sure to update your `mephisto-task` dependency with `npm install mephisto-task@2.0.4 --save`. If this warning still persists or the version isn't found, please open an issue at https://github.com/facebookresearch/Mephisto/issues
[2023-10-22 10:30:00,752][mephisto.operations.operator][INFO] - Operator running task ID = 1
[2023-10-22 10:30:30,764][mephisto.operations.operator][INFO] - Operator running task ID = 1
[2023-10-22 10:30:39,341][mephisto.operations.client_io_handler][WARNING] - [31;1m[Version Mismatch!!][0m: Package `mephisto-task` version mismatch. Expected version 2.0.4 but frontend is currently using 2.0.3. This may cause unexpected errors, be sure to update your `mephisto-task` dependency with `npm install mephisto-task@2.0.4 --save`. If this warning still persists or the version isn't found, please open an issue at https://github.com/facebookresearch/Mephisto/issues
[2023-10-22 10:31:00,773][mephisto.operations.operator][INFO] - Operator running task ID = 1
[2023-10-22 10:31:30,785][mephisto.operations.operator][INFO] - Operator running task ID = 1
[2023-10-22 10:31:47,037][mephisto.operations.client_io_handler][WARNING] - [31;1m[Version Mismatch!!][0m: Package `mephisto-task` version mismatch. Expected version 2.0.4 but frontend is currently using 2.0.3. This may cause unexpected errors, be sure to update your `mephisto-task` dependency with `npm install mephisto-task@2.0.4 --save`. If this warning still persists or the version isn't found, please open an issue at https://github.com/facebookresearch/Mephisto/issues
[2023-10-22 10:31:50,145][mephisto.operations.client_io_handler][WARNING] - [31;1m[Version Mismatch!!][0m: Package `mephisto-task` version mismatch. Expected version 2.0.4 but frontend is currently using 2.0.3. This may cause unexpected errors, be sure to update your `mephisto-task` dependency with `npm install mephisto-task@2.0.4 --save`. If this warning still persists or the version isn't found, please open an issue at https://github.com/facebookresearch/Mephisto/issues
[2023-10-22 10:32:00,791][mephisto.operations.operator][INFO] - Operator running task ID = 1
[2023-10-22 10:32:05,029][mephisto.operations.client_io_handler][WARNING] - [31;1m[Version Mismatch!!][0m: Package `mephisto-task` version mismatch. Expected version 2.0.4 but frontend is currently using 2.0.3. This may cause unexpected errors, be sure to update your `mephisto-task` dependency with `npm install mephisto-task@2.0.4 --save`. If this warning still persists or the version isn't found, please open an issue at https://github.com/facebookresearch/Mephisto/issues
[2023-10-22 10:32:05,680][mephisto.operations.client_io_handler][WARNING] - [31;1m[Version Mismatch!!][0m: Package `mephisto-task` version mismatch. Expected version 2.0.4 but frontend is currently using 2.0.3. This may cause unexpected errors, be sure to update your `mephisto-task` dependency with `npm install mephisto-task@2.0.4 --save`. If this warning still persists or the version isn't found, please open an issue at https://github.com/facebookresearch/Mephisto/issues
[2023-10-22 10:32:09,738][mephisto.operations.client_io_handler][WARNING] - [31;1m[Version Mismatch!!][0m: Package `mephisto-task` version mismatch. Expected version 2.0.4 but frontend is currently using 2.0.3. This may cause unexpected errors, be sure to update your `mephisto-task` dependency with `npm install mephisto-task@2.0.4 --save`. If this warning still persists or the version isn't found, please open an issue at https://github.com/facebookresearch/Mephisto/issues
[2023-10-22 10:32:30,800][mephisto.operations.operator][INFO] - Operator running task ID = 1
[2023-10-22 10:33:00,808][mephisto.operations.operator][INFO] - Operator running task ID = 1
[2023-10-22 10:33:30,819][mephisto.operations.operator][INFO] - Operator running task ID = 1
[2023-10-22 10:34:00,828][mephisto.operations.operator][INFO] - Operator running task ID = 1
[2023-10-22 10:34:30,838][mephisto.operations.operator][INFO] - Operator running task ID = 1
[2023-10-22 10:35:00,848][mephisto.operations.operator][INFO] - Operator running task ID = 1
[2023-10-22 10:35:30,859][mephisto.operations.operator][INFO] - Operator running task ID = 1
[2023-10-22 10:36:00,868][mephisto.operations.operator][INFO] - Operator running task ID = 1
[2023-10-22 10:36:30,880][mephisto.operations.operator][INFO] - Operator running task ID = 1
[2023-10-22 10:37:00,888][mephisto.operations.operator][INFO] - Operator running task ID = 1
[2023-10-22 10:37:30,899][mephisto.operations.operator][INFO] - Operator running task ID = 1
[2023-10-22 10:38:00,908][mephisto.operations.operator][INFO] - Operator running task ID = 1
[2023-10-22 10:38:20,652][mephisto.operations.client_io_handler][WARNING] - [31;1m[Version Mismatch!!][0m: Package `mephisto-task` version mismatch. Expected version 2.0.4 but frontend is currently using 2.0.3. This may cause unexpected errors, be sure to update your `mephisto-task` dependency with `npm install mephisto-task@2.0.4 --save`. If this warning still persists or the version isn't found, please open an issue at https://github.com/facebookresearch/Mephisto/issues
[2023-10-22 10:38:30,918][mephisto.operations.operator][INFO] - Operator running task ID = 1
[2023-10-22 10:38:40,195][mephisto.operations.client_io_handler][WARNING] - [31;1m[Version Mismatch!!][0m: Package `mephisto-task` version mismatch. Expected version 2.0.4 but frontend is currently using 2.0.3. This may cause unexpected errors, be sure to update your `mephisto-task` dependency with `npm install mephisto-task@2.0.4 --save`. If this warning still persists or the version isn't found, please open an issue at https://github.com/facebookresearch/Mephisto/issues
[2023-10-22 10:38:51,470][mephisto.operations.client_io_handler][WARNING] - [31;1m[Version Mismatch!!][0m: Package `mephisto-task` version mismatch. Expected version 2.0.4 but frontend is currently using 2.0.3. This may cause unexpected errors, be sure to update your `mephisto-task` dependency with `npm install mephisto-task@2.0.4 --save`. If this warning still persists or the version isn't found, please open an issue at https://github.com/facebookresearch/Mephisto/issues
[2023-10-22 10:38:54,926][mephisto.operations.client_io_handler][WARNING] - [31;1m[Version Mismatch!!][0m: Package `mephisto-task` version mismatch. Expected version 2.0.4 but frontend is currently using 2.0.3. This may cause unexpected errors, be sure to update your `mephisto-task` dependency with `npm install mephisto-task@2.0.4 --save`. If this warning still persists or the version isn't found, please open an issue at https://github.com/facebookresearch/Mephisto/issues
[2023-10-22 10:39:00,926][mephisto.operations.operator][INFO] - Operator running task ID = 1
[2023-10-22 10:39:30,939][mephisto.operations.operator][INFO] - Operator running task ID = 1
[2023-10-22 10:40:00,948][mephisto.operations.operator][INFO] - Operator running task ID = 1
[2023-10-22 10:40:30,959][mephisto.operations.operator][INFO] - Operator running task ID = 1
[2023-10-22 10:40:40,152][mephisto.operations.client_io_handler][WARNING] - [31;1m[Version Mismatch!!][0m: Package `mephisto-task` version mismatch. Expected version 2.0.4 but frontend is currently using 2.0.3. This may cause unexpected errors, be sure to update your `mephisto-task` dependency with `npm install mephisto-task@2.0.4 --save`. If this warning still persists or the version isn't found, please open an issue at https://github.com/facebookresearch/Mephisto/issues
[2023-10-22 10:41:00,967][mephisto.operations.operator][INFO] - Operator running task ID = 1
[2023-10-22 10:41:30,978][mephisto.operations.operator][INFO] - Operator running task ID = 1
[2023-10-22 10:42:00,987][mephisto.operations.operator][INFO] - Operator running task ID = 1
[2023-10-22 10:42:07,340][mephisto.operations.client_io_handler][WARNING] - [31;1m[Version Mismatch!!][0m: Package `mephisto-task` version mismatch. Expected version 2.0.4 but frontend is currently using 2.0.3. This may cause unexpected errors, be sure to update your `mephisto-task` dependency with `npm install mephisto-task@2.0.4 --save`. If this warning still persists or the version isn't found, please open an issue at https://github.com/facebookresearch/Mephisto/issues
[2023-10-22 10:42:30,998][mephisto.operations.operator][INFO] - Operator running task ID = 1
[2023-10-22 10:43:01,005][mephisto.operations.operator][INFO] - Operator running task ID = 1
[2023-10-22 10:43:20,099][mephisto.operations.client_io_handler][WARNING] - [31;1m[Version Mismatch!!][0m: Package `mephisto-task` version mismatch. Expected version 2.0.4 but frontend is currently using 2.0.3. This may cause unexpected errors, be sure to update your `mephisto-task` dependency with `npm install mephisto-task@2.0.4 --save`. If this warning still persists or the version isn't found, please open an issue at https://github.com/facebookresearch/Mephisto/issues
[2023-10-22 10:43:31,017][mephisto.operations.operator][INFO] - Operator running task ID = 1
[2023-10-22 10:44:01,024][mephisto.operations.operator][INFO] - Operator running task ID = 1
[2023-10-22 10:44:31,035][mephisto.operations.operator][INFO] - Operator running task ID = 1
[2023-10-22 10:45:01,044][mephisto.operations.operator][INFO] - Operator running task ID = 1
[2023-10-22 10:45:31,053][mephisto.operations.operator][INFO] - Operator running task ID = 1
[2023-10-22 10:46:01,060][mephisto.operations.operator][INFO] - Operator running task ID = 1
[2023-10-22 10:46:31,069][mephisto.operations.operator][INFO] - Operator running task ID = 1
[2023-10-22 10:46:42,942][mephisto.operations.client_io_handler][WARNING] - [31;1m[Version Mismatch!!][0m: Package `mephisto-task` version mismatch. Expected version 2.0.4 but frontend is currently using 2.0.3. This may cause unexpected errors, be sure to update your `mephisto-task` dependency with `npm install mephisto-task@2.0.4 --save`. If this warning still persists or the version isn't found, please open an issue at https://github.com/facebookresearch/Mephisto/issues
[2023-10-22 10:46:44,195][mephisto.operations.client_io_handler][WARNING] - [31;1m[Version Mismatch!!][0m: Package `mephisto-task` version mismatch. Expected version 2.0.4 but frontend is currently using 2.0.3. This may cause unexpected errors, be sure to update your `mephisto-task` dependency with `npm install mephisto-task@2.0.4 --save`. If this warning still persists or the version isn't found, please open an issue at https://github.com/facebookresearch/Mephisto/issues
[2023-10-22 10:47:01,077][mephisto.operations.operator][INFO] - Operator running task ID = 1
[2023-10-22 10:47:31,085][mephisto.operations.operator][INFO] - Operator running task ID = 1
[2023-10-22 10:48:01,092][mephisto.operations.operator][INFO] - Operator running task ID = 1
[2023-10-22 10:48:27,267][mephisto.operations.client_io_handler][WARNING] - [31;1m[Version Mismatch!!][0m: Package `mephisto-task` version mismatch. Expected version 2.0.4 but frontend is currently using 2.0.3. This may cause unexpected errors, be sure to update your `mephisto-task` dependency with `npm install mephisto-task@2.0.4 --save`. If this warning still persists or the version isn't found, please open an issue at https://github.com/facebookresearch/Mephisto/issues
[2023-10-22 10:48:31,102][mephisto.operations.operator][INFO] - Operator running task ID = 1
[2023-10-22 10:49:01,110][mephisto.operations.operator][INFO] - Operator running task ID = 1
[2023-10-22 10:49:05,257][mephisto.operations.client_io_handler][WARNING] - [31;1m[Version Mismatch!!][0m: Package `mephisto-task` version mismatch. Expected version 2.0.4 but frontend is currently using 2.0.3. This may cause unexpected errors, be sure to update your `mephisto-task` dependency with `npm install mephisto-task@2.0.4 --save`. If this warning still persists or the version isn't found, please open an issue at https://github.com/facebookresearch/Mephisto/issues
[2023-10-22 10:49:06,862][mephisto.operations.client_io_handler][WARNING] - [31;1m[Version Mismatch!!][0m: Package `mephisto-task` version mismatch. Expected version 2.0.4 but frontend is currently using 2.0.3. This may cause unexpected errors, be sure to update your `mephisto-task` dependency with `npm install mephisto-task@2.0.4 --save`. If this warning still persists or the version isn't found, please open an issue at https://github.com/facebookresearch/Mephisto/issues
[2023-10-22 10:49:21,694][mephisto.operations.client_io_handler][WARNING] - [31;1m[Version Mismatch!!][0m: Package `mephisto-task` version mismatch. Expected version 2.0.4 but frontend is currently using 2.0.3. This may cause unexpected errors, be sure to update your `mephisto-task` dependency with `npm install mephisto-task@2.0.4 --save`. If this warning still persists or the version isn't found, please open an issue at https://github.com/facebookresearch/Mephisto/issues
[2023-10-22 10:49:31,121][mephisto.operations.operator][INFO] - Operator running task ID = 1
[2023-10-22 10:50:01,128][mephisto.operations.operator][INFO] - Operator running task ID = 1
[2023-10-22 10:50:21,179][mephisto.operations.client_io_handler][WARNING] - [31;1m[Version Mismatch!!][0m: Package `mephisto-task` version mismatch. Expected version 2.0.4 but frontend is currently using 2.0.3. This may cause unexpected errors, be sure to update your `mephisto-task` dependency with `npm install mephisto-task@2.0.4 --save`. If this warning still persists or the version isn't found, please open an issue at https://github.com/facebookresearch/Mephisto/issues
[2023-10-22 10:50:31,138][mephisto.operations.operator][INFO] - Operator running task ID = 1
[2023-10-22 10:51:01,143][mephisto.operations.operator][INFO] - Operator running task ID = 1
[2023-10-22 10:51:31,152][mephisto.operations.operator][INFO] - Operator running task ID = 1
[2023-10-22 10:51:53,189][mephisto.operations.client_io_handler][WARNING] - [31;1m[Version Mismatch!!][0m: Package `mephisto-task` version mismatch. Expected version 2.0.4 but frontend is currently using 2.0.3. This may cause unexpected errors, be sure to update your `mephisto-task` dependency with `npm install mephisto-task@2.0.4 --save`. If this warning still persists or the version isn't found, please open an issue at https://github.com/facebookresearch/Mephisto/issues
[2023-10-22 10:52:01,160][mephisto.operations.operator][INFO] - Operator running task ID = 1
[2023-10-22 10:52:31,170][mephisto.operations.operator][INFO] - Operator running task ID = 1
[2023-10-22 10:53:01,178][mephisto.operations.operator][INFO] - Operator running task ID = 1
[2023-10-22 10:53:31,186][mephisto.operations.operator][INFO] - Operator running task ID = 1
[2023-10-22 10:54:01,193][mephisto.operations.operator][INFO] - Operator running task ID = 1
[2023-10-22 10:54:31,201][mephisto.operations.operator][INFO] - Operator running task ID = 1
[2023-10-22 10:55:01,208][mephisto.operations.operator][INFO] - Operator running task ID = 1
[2023-10-22 10:55:20,017][mephisto.operations.client_io_handler][WARNING] - [31;1m[Version Mismatch!!][0m: Package `mephisto-task` version mismatch. Expected version 2.0.4 but frontend is currently using 2.0.3. This may cause unexpected errors, be sure to update your `mephisto-task` dependency with `npm install mephisto-task@2.0.4 --save`. If this warning still persists or the version isn't found, please open an issue at https://github.com/facebookresearch/Mephisto/issues
[2023-10-22 10:55:31,216][mephisto.operations.operator][INFO] - Operator running task ID = 1
[2023-10-22 10:56:01,224][mephisto.operations.operator][INFO] - Operator running task ID = 1
[2023-10-22 10:56:06,565][mephisto.operations.client_io_handler][WARNING] - [31;1m[Version Mismatch!!][0m: Package `mephisto-task` version mismatch. Expected version 2.0.4 but frontend is currently using 2.0.3. This may cause unexpected errors, be sure to update your `mephisto-task` dependency with `npm install mephisto-task@2.0.4 --save`. If this warning still persists or the version isn't found, please open an issue at https://github.com/facebookresearch/Mephisto/issues
[2023-10-22 10:56:16,688][mephisto.operations.client_io_handler][WARNING] - [31;1m[Version Mismatch!!][0m: Package `mephisto-task` version mismatch. Expected version 2.0.4 but frontend is currently using 2.0.3. This may cause unexpected errors, be sure to update your `mephisto-task` dependency with `npm install mephisto-task@2.0.4 --save`. If this warning still persists or the version isn't found, please open an issue at https://github.com/facebookresearch/Mephisto/issues
[2023-10-22 10:56:31,233][mephisto.operations.operator][INFO] - Operator running task ID = 1
[2023-10-22 10:56:35,279][mephisto.operations.client_io_handler][WARNING] - [31;1m[Version Mismatch!!][0m: Package `mephisto-task` version mismatch. Expected version 2.0.4 but frontend is currently using 2.0.3. This may cause unexpected errors, be sure to update your `mephisto-task` dependency with `npm install mephisto-task@2.0.4 --save`. If this warning still persists or the version isn't found, please open an issue at https://github.com/facebookresearch/Mephisto/issues
[2023-10-22 10:57:01,238][mephisto.operations.operator][INFO] - Operator running task ID = 1
[2023-10-22 10:57:28,050][mephisto.operations.client_io_handler][WARNING] - [31;1m[Version Mismatch!!][0m: Package `mephisto-task` version mismatch. Expected version 2.0.4 but frontend is currently using 2.0.3. This may cause unexpected errors, be sure to update your `mephisto-task` dependency with `npm install mephisto-task@2.0.4 --save`. If this warning still persists or the version isn't found, please open an issue at https://github.com/facebookresearch/Mephisto/issues
[2023-10-22 10:57:31,246][mephisto.operations.operator][INFO] - Operator running task ID = 1
[2023-10-22 10:58:01,253][mephisto.operations.operator][INFO] - Operator running task ID = 1
[2023-10-22 10:58:31,261][mephisto.operations.operator][INFO] - Operator running task ID = 1
[2023-10-22 10:59:01,267][mephisto.operations.operator][INFO] - Operator running task ID = 1
[2023-10-22 10:59:31,274][mephisto.operations.operator][INFO] - Operator running task ID = 1
[2023-10-22 11:00:01,282][mephisto.operations.operator][INFO] - Operator running task ID = 1
[2023-10-22 11:00:31,290][mephisto.operations.operator][INFO] - Operator running task ID = 1
[2023-10-22 11:01:01,296][mephisto.operations.operator][INFO] - Operator running task ID = 1
[2023-10-22 11:01:31,304][mephisto.operations.operator][INFO] - Operator running task ID = 1
[2023-10-22 11:02:01,310][mephisto.operations.operator][INFO] - Operator running task ID = 1
[2023-10-22 11:02:31,319][mephisto.operations.operator][INFO] - Operator running task ID = 1
[2023-10-22 11:03:01,325][mephisto.operations.operator][INFO] - Operator running task ID = 1
[2023-10-22 11:03:31,334][mephisto.operations.operator][INFO] - Operator running task ID = 1
[2023-10-22 11:04:01,341][mephisto.operations.operator][INFO] - Operator running task ID = 1
[2023-10-22 11:04:31,350][mephisto.operations.operator][INFO] - Operator running task ID = 1
[2023-10-22 11:05:01,357][mephisto.operations.operator][INFO] - Operator running task ID = 1
[2023-10-22 11:05:31,363][mephisto.operations.operator][INFO] - Operator running task ID = 1
[2023-10-22 11:06:01,369][mephisto.operations.operator][INFO] - Operator running task ID = 1
[2023-10-22 11:06:31,378][mephisto.operations.operator][INFO] - Operator running task ID = 1
[2023-10-22 11:07:01,383][mephisto.operations.operator][INFO] - Operator running task ID = 1
[2023-10-22 11:07:31,391][mephisto.operations.operator][INFO] - Operator running task ID = 1
[2023-10-22 11:08:01,397][mephisto.operations.operator][INFO] - Operator running task ID = 1
[2023-10-22 11:08:31,403][mephisto.operations.operator][INFO] - Operator running task ID = 1
[2023-10-22 11:09:01,408][mephisto.operations.operator][INFO] - Operator running task ID = 1
[2023-10-22 11:09:31,415][mephisto.operations.operator][INFO] - Operator running task ID = 1
[2023-10-22 11:10:01,422][mephisto.operations.operator][INFO] - Operator running task ID = 1
[2023-10-22 11:10:31,430][mephisto.operations.operator][INFO] - Operator running task ID = 1
[2023-10-22 11:11:01,436][mephisto.operations.operator][INFO] - Operator running task ID = 1
[2023-10-22 11:11:31,445][mephisto.operations.operator][INFO] - Operator running task ID = 1
[2023-10-22 11:12:01,452][mephisto.operations.operator][INFO] - Operator running task ID = 1
[2023-10-22 11:12:31,460][mephisto.operations.operator][INFO] - Operator running task ID = 1
[2023-10-22 11:13:01,466][mephisto.operations.operator][INFO] - Operator running task ID = 1
[2023-10-22 11:13:31,471][mephisto.operations.operator][INFO] - Operator running task ID = 1
[2023-10-22 11:14:01,477][mephisto.operations.operator][INFO] - Operator running task ID = 1
[2023-10-22 11:14:31,484][mephisto.operations.operator][INFO] - Operator running task ID = 1
[2023-10-22 11:15:01,489][mephisto.operations.operator][INFO] - Operator running task ID = 1
[2023-10-22 11:15:31,498][mephisto.operations.operator][INFO] - Operator running task ID = 1
[2023-10-22 11:16:01,502][mephisto.operations.operator][INFO] - Operator running task ID = 1
[2023-10-22 11:16:31,511][mephisto.operations.operator][INFO] - Operator running task ID = 1
[2023-10-22 11:17:01,516][mephisto.operations.operator][INFO] - Operator running task ID = 1
[2023-10-22 11:17:31,523][mephisto.operations.operator][INFO] - Operator running task ID = 1
[2023-10-22 11:18:01,528][mephisto.operations.operator][INFO] - Operator running task ID = 1
[2023-10-22 11:18:31,537][mephisto.operations.operator][INFO] - Operator running task ID = 1
[2023-10-22 11:19:01,541][mephisto.operations.operator][INFO] - Operator running task ID = 1
[2023-10-22 11:19:31,547][mephisto.operations.operator][INFO] - Operator running task ID = 1
[2023-10-22 11:20:01,551][mephisto.operations.operator][INFO] - Operator running task ID = 1
[2023-10-22 11:20:31,559][mephisto.operations.operator][INFO] - Operator running task ID = 1
[2023-10-22 11:21:01,566][mephisto.operations.operator][INFO] - Operator running task ID = 1
[2023-10-22 11:21:31,576][mephisto.operations.operator][INFO] - Operator running task ID = 1
[2023-10-22 11:22:01,586][mephisto.operations.operator][INFO] - Operator running task ID = 1
[2023-10-22 11:22:31,595][mephisto.operations.operator][INFO] - Operator running task ID = 1
[2023-10-22 11:23:01,604][mephisto.operations.operator][INFO] - Operator running task ID = 1
[2023-10-22 11:23:31,613][mephisto.operations.operator][INFO] - Operator running task ID = 1
[2023-10-22 11:24:01,620][mephisto.operations.operator][INFO] - Operator running task ID = 1
[2023-10-22 11:24:31,628][mephisto.operations.operator][INFO] - Operator running task ID = 1
[2023-10-22 11:25:01,635][mephisto.operations.operator][INFO] - Operator running task ID = 1
[2023-10-22 11:25:31,643][mephisto.operations.operator][INFO] - Operator running task ID = 1
[2023-10-22 11:26:01,651][mephisto.operations.operator][INFO] - Operator running task ID = 1
[2023-10-22 11:26:31,659][mephisto.operations.operator][INFO] - Operator running task ID = 1
[2023-10-22 11:27:01,666][mephisto.operations.operator][INFO] - Operator running task ID = 1
[2023-10-22 11:27:31,673][mephisto.operations.operator][INFO] - Operator running task ID = 1
[2023-10-22 11:28:01,679][mephisto.operations.operator][INFO] - Operator running task ID = 1
[2023-10-22 11:28:31,686][mephisto.operations.operator][INFO] - Operator running task ID = 1
[2023-10-22 11:29:01,691][mephisto.operations.operator][INFO] - Operator running task ID = 1
[2023-10-22 11:29:31,698][mephisto.operations.operator][INFO] - Operator running task ID = 1
[2023-10-22 11:30:01,704][mephisto.operations.operator][INFO] - Operator running task ID = 1
[2023-10-22 11:30:31,714][mephisto.operations.operator][INFO] - Operator running task ID = 1
[2023-10-22 11:31:01,721][mephisto.operations.operator][INFO] - Operator running task ID = 1
[2023-10-22 11:31:31,727][mephisto.operations.operator][INFO] - Operator running task ID = 1
[2023-10-22 11:32:01,734][mephisto.operations.operator][INFO] - Operator running task ID = 1
[2023-10-22 11:32:31,742][mephisto.operations.operator][INFO] - Operator running task ID = 1
[2023-10-22 11:33:01,749][mephisto.operations.operator][INFO] - Operator running task ID = 1
[2023-10-22 11:33:31,757][mephisto.operations.operator][INFO] - Operator running task ID = 1
[2023-10-22 11:34:01,763][mephisto.operations.operator][INFO] - Operator running task ID = 1
[2023-10-22 11:34:31,770][mephisto.operations.operator][INFO] - Operator running task ID = 1
[2023-10-22 11:35:01,778][mephisto.operations.operator][INFO] - Operator running task ID = 1
[2023-10-22 11:35:31,784][mephisto.operations.operator][INFO] - Operator running task ID = 1
[2023-10-22 11:36:01,788][mephisto.operations.operator][INFO] - Operator running task ID = 1
[2023-10-22 11:36:31,794][mephisto.operations.operator][INFO] - Operator running task ID = 1
[2023-10-22 11:37:01,802][mephisto.operations.operator][INFO] - Operator running task ID = 1
[2023-10-22 11:37:31,808][mephisto.operations.operator][INFO] - Operator running task ID = 1
[2023-10-22 11:38:01,813][mephisto.operations.operator][INFO] - Operator running task ID = 1
[2023-10-22 11:38:31,818][mephisto.operations.operator][INFO] - Operator running task ID = 1
[2023-10-22 11:39:01,822][mephisto.operations.operator][INFO] - Operator running task ID = 1
[2023-10-22 11:39:31,827][mephisto.operations.operator][INFO] - Operator running task ID = 1
[2023-10-22 11:40:01,834][mephisto.operations.operator][INFO] - Operator running task ID = 1
[2023-10-22 11:40:31,839][mephisto.operations.operator][INFO] - Operator running task ID = 1
[2023-10-22 11:41:01,844][mephisto.operations.operator][INFO] - Operator running task ID = 1
[2023-10-22 11:41:31,849][mephisto.operations.operator][INFO] - Operator running task ID = 1
[2023-10-22 11:42:01,855][mephisto.operations.operator][INFO] - Operator running task ID = 1
[2023-10-22 11:42:31,859][mephisto.operations.operator][INFO] - Operator running task ID = 1
[2023-10-22 11:43:01,863][mephisto.operations.operator][INFO] - Operator running task ID = 1
[2023-10-22 11:43:31,868][mephisto.operations.operator][INFO] - Operator running task ID = 1
[2023-10-22 11:44:01,872][mephisto.operations.operator][INFO] - Operator running task ID = 1
[2023-10-22 11:44:31,877][mephisto.operations.operator][INFO] - Operator running task ID = 1
[2023-10-22 11:45:01,882][mephisto.operations.operator][INFO] - Operator running task ID = 1
[2023-10-22 11:45:31,886][mephisto.operations.operator][INFO] - Operator running task ID = 1
[2023-10-22 11:46:01,891][mephisto.operations.operator][INFO] - Operator running task ID = 1
[2023-10-22 11:46:31,894][mephisto.operations.operator][INFO] - Operator running task ID = 1
[2023-10-22 11:47:01,899][mephisto.operations.operator][INFO] - Operator running task ID = 1
[2023-10-22 11:47:31,903][mephisto.operations.operator][INFO] - Operator running task ID = 1
[2023-10-22 11:48:01,906][mephisto.operations.operator][INFO] - Operator running task ID = 1
[2023-10-22 11:48:31,910][mephisto.operations.operator][INFO] - Operator running task ID = 1
[2023-10-22 11:49:01,915][mephisto.operations.operator][INFO] - Operator running task ID = 1
[2023-10-22 11:49:31,919][mephisto.operations.operator][INFO] - Operator running task ID = 1
[2023-10-22 11:50:01,923][mephisto.operations.operator][INFO] - Operator running task ID = 1
[2023-10-22 11:50:31,925][mephisto.operations.operator][INFO] - Operator running task ID = 1
[2023-10-22 11:51:01,929][mephisto.operations.operator][INFO] - Operator running task ID = 1
[2023-10-22 11:51:31,933][mephisto.operations.operator][INFO] - Operator running task ID = 1
[2023-10-22 11:52:01,937][mephisto.operations.operator][INFO] - Operator running task ID = 1
[2023-10-22 11:52:31,940][mephisto.operations.operator][INFO] - Operator running task ID = 1
[2023-10-22 11:53:01,942][mephisto.operations.operator][INFO] - Operator running task ID = 1
[2023-10-22 11:53:31,944][mephisto.operations.operator][INFO] - Operator running task ID = 1
[2023-10-22 11:54:01,947][mephisto.operations.operator][INFO] - Operator running task ID = 1
[2023-10-22 11:54:31,954][mephisto.operations.operator][INFO] - Operator running task ID = 1
[2023-10-22 11:55:01,962][mephisto.operations.operator][INFO] - Operator running task ID = 1
[2023-10-22 11:55:31,968][mephisto.operations.operator][INFO] - Operator running task ID = 1
[2023-10-22 11:56:01,976][mephisto.operations.operator][INFO] - Operator running task ID = 1
[2023-10-22 11:56:31,982][mephisto.operations.operator][INFO] - Operator running task ID = 1
[2023-10-22 11:57:01,990][mephisto.operations.operator][INFO] - Operator running task ID = 1
[2023-10-22 11:57:31,996][mephisto.operations.operator][INFO] - Operator running task ID = 1
[2023-10-22 11:58:02,004][mephisto.operations.operator][INFO] - Operator running task ID = 1
[2023-10-22 11:58:32,009][mephisto.operations.operator][INFO] - Operator running task ID = 1
[2023-10-22 11:59:02,017][mephisto.operations.operator][INFO] - Operator running task ID = 1
[2023-10-22 11:59:32,021][mephisto.operations.operator][INFO] - Operator running task ID = 1
[2023-10-22 12:00:02,029][mephisto.operations.operator][INFO] - Operator running task ID = 1
[2023-10-22 12:00:32,033][mephisto.operations.operator][INFO] - Operator running task ID = 1
[2023-10-22 12:01:02,042][mephisto.operations.operator][INFO] - Operator running task ID = 1
[2023-10-22 12:01:32,049][mephisto.operations.operator][INFO] - Operator running task ID = 1
[2023-10-22 12:02:02,058][mephisto.operations.operator][INFO] - Operator running task ID = 1
[2023-10-22 12:02:32,064][mephisto.operations.operator][INFO] - Operator running task ID = 1
[2023-10-22 12:03:02,071][mephisto.operations.operator][INFO] - Operator running task ID = 1
[2023-10-22 12:03:32,075][mephisto.operations.operator][INFO] - Operator running task ID = 1
[2023-10-22 12:04:02,082][mephisto.operations.operator][INFO] - Operator running task ID = 1
[2023-10-22 12:04:32,090][mephisto.operations.operator][INFO] - Operator running task ID = 1
[2023-10-22 12:05:02,099][mephisto.operations.operator][INFO] - Operator running task ID = 1
[2023-10-22 12:05:32,108][mephisto.operations.operator][INFO] - Operator running task ID = 1
[2023-10-22 12:06:02,116][mephisto.operations.operator][INFO] - Operator running task ID = 1
[2023-10-22 12:06:32,125][mephisto.operations.operator][INFO] - Operator running task ID = 1
[2023-10-22 12:07:02,137][mephisto.operations.operator][INFO] - Operator running task ID = 1
[2023-10-22 12:07:32,148][mephisto.operations.operator][INFO] - Operator running task ID = 1
[2023-10-22 12:08:02,158][mephisto.operations.operator][INFO] - Operator running task ID = 1
[2023-10-22 12:08:32,168][mephisto.operations.operator][INFO] - Operator running task ID = 1
[2023-10-22 12:09:02,177][mephisto.operations.operator][INFO] - Operator running task ID = 1
[2023-10-22 12:09:32,188][mephisto.operations.operator][INFO] - Operator running task ID = 1
[2023-10-22 12:10:02,198][mephisto.operations.operator][INFO] - Operator running task ID = 1
[2023-10-22 12:10:32,210][mephisto.operations.operator][INFO] - Operator running task ID = 1
[2023-10-22 12:11:02,220][mephisto.operations.operator][INFO] - Operator running task ID = 1
[2023-10-22 12:11:32,231][mephisto.operations.operator][INFO] - Operator running task ID = 1
[2023-10-22 12:12:02,242][mephisto.operations.operator][INFO] - Operator running task ID = 1
[2023-10-22 12:12:32,254][mephisto.operations.operator][INFO] - Operator running task ID = 1
[2023-10-22 12:13:02,263][mephisto.operations.operator][INFO] - Operator running task ID = 1
[2023-10-22 12:13:32,274][mephisto.operations.operator][INFO] - Operator running task ID = 1
[2023-10-22 12:14:02,282][mephisto.operations.operator][INFO] - Operator running task ID = 1
[2023-10-22 12:14:32,294][mephisto.operations.operator][INFO] - Operator running task ID = 1
[2023-10-22 12:15:02,302][mephisto.operations.operator][INFO] - Operator running task ID = 1
[2023-10-22 12:15:32,314][mephisto.operations.operator][INFO] - Operator running task ID = 1
[2023-10-22 12:16:02,324][mephisto.operations.operator][INFO] - Operator running task ID = 1
[2023-10-22 12:16:32,336][mephisto.operations.operator][INFO] - Operator running task ID = 1
[2023-10-22 12:17:02,344][mephisto.operations.operator][INFO] - Operator running task ID = 1
[2023-10-22 12:17:32,355][mephisto.operations.operator][INFO] - Operator running task ID = 1
[2023-10-22 12:18:02,364][mephisto.operations.operator][INFO] - Operator running task ID = 1
[2023-10-22 12:18:32,373][mephisto.operations.operator][INFO] - Operator running task ID = 1
[2023-10-22 12:19:02,382][mephisto.operations.operator][INFO] - Operator running task ID = 1
[2023-10-22 12:19:32,393][mephisto.operations.operator][INFO] - Operator running task ID = 1
[2023-10-22 12:20:02,403][mephisto.operations.operator][INFO] - Operator running task ID = 1
[2023-10-22 12:20:32,414][mephisto.operations.operator][INFO] - Operator running task ID = 1
[2023-10-22 12:21:02,422][mephisto.operations.operator][INFO] - Operator running task ID = 1
[2023-10-22 12:21:32,434][mephisto.operations.operator][INFO] - Operator running task ID = 1
[2023-10-22 12:22:02,443][mephisto.operations.operator][INFO] - Operator running task ID = 1
[2023-10-22 12:22:32,454][mephisto.operations.operator][INFO] - Operator running task ID = 1
[2023-10-22 12:23:02,463][mephisto.operations.operator][INFO] - Operator running task ID = 1
[2023-10-22 12:23:32,473][mephisto.operations.operator][INFO] - Operator running task ID = 1
[2023-10-22 12:24:02,479][mephisto.operations.operator][INFO] - Operator running task ID = 1
[2023-10-22 12:24:32,490][mephisto.operations.operator][INFO] - Operator running task ID = 1
[2023-10-22 12:25:02,501][mephisto.operations.operator][INFO] - Operator running task ID = 1
[2023-10-22 12:25:32,512][mephisto.operations.operator][INFO] - Operator running task ID = 1
[2023-10-22 12:26:02,521][mephisto.operations.operator][INFO] - Operator running task ID = 1
[2023-10-22 12:26:32,532][mephisto.operations.operator][INFO] - Operator running task ID = 1
[2023-10-22 12:27:02,541][mephisto.operations.operator][INFO] - Operator running task ID = 1
[2023-10-22 12:27:32,550][mephisto.operations.operator][INFO] - Operator running task ID = 1
[2023-10-22 12:28:02,560][mephisto.operations.operator][INFO] - Operator running task ID = 1
[2023-10-22 12:28:32,570][mephisto.operations.operator][INFO] - Operator running task ID = 1
[2023-10-22 12:29:02,580][mephisto.operations.operator][INFO] - Operator running task ID = 1
[2023-10-22 12:29:32,591][mephisto.operations.operator][INFO] - Operator running task ID = 1
[2023-10-22 12:30:02,600][mephisto.operations.operator][INFO] - Operator running task ID = 1
[2023-10-22 12:30:32,610][mephisto.operations.operator][INFO] - Operator running task ID = 1
[2023-10-22 12:31:02,618][mephisto.operations.operator][INFO] - Operator running task ID = 1
[2023-10-22 12:31:32,629][mephisto.operations.operator][INFO] - Operator running task ID = 1
[2023-10-22 12:32:02,637][mephisto.operations.operator][INFO] - Operator running task ID = 1
[2023-10-22 12:32:32,647][mephisto.operations.operator][INFO] - Operator running task ID = 1
[2023-10-22 12:33:02,655][mephisto.operations.operator][INFO] - Operator running task ID = 1
[2023-10-22 12:33:32,666][mephisto.operations.operator][INFO] - Operator running task ID = 1
[2023-10-22 12:34:02,674][mephisto.operations.operator][INFO] - Operator running task ID = 1
[2023-10-22 12:34:32,685][mephisto.operations.operator][INFO] - Operator running task ID = 1
[2023-10-22 12:35:02,692][mephisto.operations.operator][INFO] - Operator running task ID = 1
[2023-10-22 12:35:32,702][mephisto.operations.operator][INFO] - Operator running task ID = 1
[2023-10-22 12:36:02,709][mephisto.operations.operator][INFO] - Operator running task ID = 1
[2023-10-22 12:36:32,720][mephisto.operations.operator][INFO] - Operator running task ID = 1
[2023-10-22 12:37:02,728][mephisto.operations.operator][INFO] - Operator running task ID = 1
[2023-10-22 12:37:32,738][mephisto.operations.operator][INFO] - Operator running task ID = 1
[2023-10-22 12:38:02,747][mephisto.operations.operator][INFO] - Operator running task ID = 1
[2023-10-22 12:38:32,756][mephisto.operations.operator][INFO] - Operator running task ID = 1
[2023-10-22 12:39:02,764][mephisto.operations.operator][INFO] - Operator running task ID = 1
[2023-10-22 12:39:32,775][mephisto.operations.operator][INFO] - Operator running task ID = 1
[2023-10-22 12:40:02,781][mephisto.operations.operator][INFO] - Operator running task ID = 1
[2023-10-22 12:40:32,793][mephisto.operations.operator][INFO] - Operator running task ID = 1
[2023-10-22 12:41:02,799][mephisto.operations.operator][INFO] - Operator running task ID = 1
[2023-10-22 12:41:32,809][mephisto.operations.operator][INFO] - Operator running task ID = 1
[2023-10-22 12:42:02,817][mephisto.operations.operator][INFO] - Operator running task ID = 1
[2023-10-22 12:42:32,826][mephisto.operations.operator][INFO] - Operator running task ID = 1
[2023-10-22 12:43:02,833][mephisto.operations.operator][INFO] - Operator running task ID = 1
[2023-10-22 12:43:32,840][mephisto.operations.operator][INFO] - Operator running task ID = 1
[2023-10-22 12:44:02,848][mephisto.operations.operator][INFO] - Operator running task ID = 1
[2023-10-22 12:44:32,857][mephisto.operations.operator][INFO] - Operator running task ID = 1
[2023-10-22 12:45:02,862][mephisto.operations.operator][INFO] - Operator running task ID = 1
[2023-10-22 12:45:32,871][mephisto.operations.operator][INFO] - Operator running task ID = 1
[2023-10-22 12:46:02,879][mephisto.operations.operator][INFO] - Operator running task ID = 1
[2023-10-22 12:46:32,886][mephisto.operations.operator][INFO] - Operator running task ID = 1
[2023-10-22 12:47:02,892][mephisto.operations.operator][INFO] - Operator running task ID = 1
[2023-10-22 12:47:32,901][mephisto.operations.operator][INFO] - Operator running task ID = 1
[2023-10-22 12:48:02,907][mephisto.operations.operator][INFO] - Operator running task ID = 1
[2023-10-22 12:48:32,916][mephisto.operations.operator][INFO] - Operator running task ID = 1
[2023-10-22 12:49:02,923][mephisto.operations.operator][INFO] - Operator running task ID = 1
[2023-10-22 12:49:32,931][mephisto.operations.operator][INFO] - Operator running task ID = 1
[2023-10-22 12:50:02,937][mephisto.operations.operator][INFO] - Operator running task ID = 1
[2023-10-22 12:50:32,946][mephisto.operations.operator][INFO] - Operator running task ID = 1
[2023-10-22 12:51:02,952][mephisto.operations.operator][INFO] - Operator running task ID = 1
[2023-10-22 12:51:32,961][mephisto.operations.operator][INFO] - Operator running task ID = 1
[2023-10-22 12:52:02,966][mephisto.operations.operator][INFO] - Operator running task ID = 1
[2023-10-22 12:52:32,975][mephisto.operations.operator][INFO] - Operator running task ID = 1
[2023-10-22 12:53:02,981][mephisto.operations.operator][INFO] - Operator running task ID = 1
[2023-10-22 12:53:32,989][mephisto.operations.operator][INFO] - Operator running task ID = 1
[2023-10-22 12:54:02,995][mephisto.operations.operator][INFO] - Operator running task ID = 1
[2023-10-22 12:54:33,003][mephisto.operations.operator][INFO] - Operator running task ID = 1
[2023-10-22 12:55:03,009][mephisto.operations.operator][INFO] - Operator running task ID = 1
[2023-10-22 12:55:33,017][mephisto.operations.operator][INFO] - Operator running task ID = 1
[2023-10-22 12:56:03,022][mephisto.operations.operator][INFO] - Operator running task ID = 1
[2023-10-22 12:56:33,029][mephisto.operations.operator][INFO] - Operator running task ID = 1
[2023-10-22 12:57:03,035][mephisto.operations.operator][INFO] - Operator running task ID = 1
[2023-10-22 12:57:33,042][mephisto.operations.operator][INFO] - Operator running task ID = 1
[2023-10-22 12:58:03,048][mephisto.operations.operator][INFO] - Operator running task ID = 1
[2023-10-22 12:58:33,057][mephisto.operations.operator][INFO] - Operator running task ID = 1
[2023-10-22 12:59:03,062][mephisto.operations.operator][INFO] - Operator running task ID = 1
[2023-10-22 12:59:33,067][mephisto.operations.operator][INFO] - Operator running task ID = 1
[2023-10-22 13:00:03,072][mephisto.operations.operator][INFO] - Operator running task ID = 1
[2023-10-22 13:00:33,080][mephisto.operations.operator][INFO] - Operator running task ID = 1
[2023-10-22 13:01:03,085][mephisto.operations.operator][INFO] - Operator running task ID = 1
[2023-10-22 13:01:33,093][mephisto.operations.operator][INFO] - Operator running task ID = 1
[2023-10-22 13:02:03,099][mephisto.operations.operator][INFO] - Operator running task ID = 1
[2023-10-22 13:02:10,252][mephisto.abstractions.architects.channels.websocket_channel][INFO] - Socket logged error: no close frame received or sent
