[2023-10-23 06:55:18,842][root][WARNING] - Mephisto supports rich run-time metrics visualization through Prometheus and Grafana. If you'd like to use this feature, use `mephisto metrics install` to install.(Current install dir is '/mephisto/mephisto/scripts/metrics')'
[2023-10-23 06:55:27,353][mephisto.operations.operator][INFO] - Creating a task run under task name: crowdwork
[2023-10-23 06:55:33,805][sh.command][INFO] - <Command '/bin/rm -rf /mephisto/data/data/runs/NO_PROJECT/1/build/router', pid 19>: process started
[2023-10-23 06:55:34,951][sh.command][INFO] - <Command '/bin/rm -rf /mephisto/data/data/runs/NO_PROJECT/1/build/router', pid 31>: process started
[2023-10-23 06:55:34,964][mephisto.operations.client_io_handler][INFO] - Sending alive
[2023-10-23 06:55:34,965][mephisto.operations.client_io_handler][INFO] - Sending alive
[2023-10-23 06:55:34,986][mephisto.operations.client_io_handler][INFO] - Sending alive
[2023-10-23 06:55:34,986][mephisto.abstractions.architects.channels.websocket_channel][INFO] - channel open
[2023-10-23 06:55:35,305][mephisto.operations.operator][INFO] - Operator running task ID = 1
[2023-10-23 06:55:35,311][mephisto.abstractions.providers.mock.mock_unit][INFO] - Mock task launched: http://localhost:3000 for preview, http://localhost:3000/?worker_id=x&assignment_id=1 for assignment 1
[2023-10-23 06:55:35,316][mephisto.abstractions.providers.mock.mock_unit][INFO] - Mock task launched: http://localhost:3000 for preview, http://localhost:3000/?worker_id=x&assignment_id=2 for assignment 1
[2023-10-23 06:55:35,322][mephisto.abstractions.providers.mock.mock_unit][INFO] - Mock task launched: http://localhost:3000 for preview, http://localhost:3000/?worker_id=x&assignment_id=3 for assignment 2
[2023-10-23 06:55:35,327][mephisto.abstractions.providers.mock.mock_unit][INFO] - Mock task launched: http://localhost:3000 for preview, http://localhost:3000/?worker_id=x&assignment_id=4 for assignment 2
[2023-10-23 06:56:05,314][mephisto.operations.operator][INFO] - Operator running task ID = 1
[2023-10-23 06:56:35,322][mephisto.operations.operator][INFO] - Operator running task ID = 1
[2023-10-23 06:57:02,037][mephisto.operations.client_io_handler][WARNING] - [31;1m[Version Mismatch!!][0m: Package `mephisto-task` version mismatch. Expected version 2.0.4 but frontend is currently using 2.0.3. This may cause unexpected errors, be sure to update your `mephisto-task` dependency with `npm install mephisto-task@2.0.4 --save`. If this warning still persists or the version isn't found, please open an issue at https://github.com/facebookresearch/Mephisto/issues
[2023-10-23 06:57:05,332][mephisto.operations.operator][INFO] - Operator running task ID = 1
[2023-10-23 06:57:35,344][mephisto.operations.operator][INFO] - Operator running task ID = 1
[2023-10-23 06:58:05,354][mephisto.operations.operator][INFO] - Operator running task ID = 1
[2023-10-23 06:58:35,366][mephisto.operations.operator][INFO] - Operator running task ID = 1
[2023-10-23 06:58:51,811][mephisto.operations.client_io_handler][WARNING] - [31;1m[Version Mismatch!!][0m: Package `mephisto-task` version mismatch. Expected version 2.0.4 but frontend is currently using 2.0.3. This may cause unexpected errors, be sure to update your `mephisto-task` dependency with `npm install mephisto-task@2.0.4 --save`. If this warning still persists or the version isn't found, please open an issue at https://github.com/facebookresearch/Mephisto/issues
[2023-10-23 06:59:05,377][mephisto.operations.operator][INFO] - Operator running task ID = 1
[2023-10-23 06:59:35,388][mephisto.operations.operator][INFO] - Operator running task ID = 1
[2023-10-23 07:00:05,398][mephisto.operations.operator][INFO] - Operator running task ID = 1
[2023-10-23 07:00:35,407][mephisto.operations.operator][INFO] - Operator running task ID = 1
[2023-10-23 07:00:58,462][mephisto.operations.client_io_handler][WARNING] - [31;1m[Version Mismatch!!][0m: Package `mephisto-task` version mismatch. Expected version 2.0.4 but frontend is currently using 2.0.3. This may cause unexpected errors, be sure to update your `mephisto-task` dependency with `npm install mephisto-task@2.0.4 --save`. If this warning still persists or the version isn't found, please open an issue at https://github.com/facebookresearch/Mephisto/issues
[2023-10-23 07:01:05,417][mephisto.operations.operator][INFO] - Operator running task ID = 1
[2023-10-23 07:01:35,430][mephisto.operations.operator][INFO] - Operator running task ID = 1
[2023-10-23 07:01:48,429][mephisto.operations.client_io_handler][WARNING] - [31;1m[Version Mismatch!!][0m: Package `mephisto-task` version mismatch. Expected version 2.0.4 but frontend is currently using 2.0.3. This may cause unexpected errors, be sure to update your `mephisto-task` dependency with `npm install mephisto-task@2.0.4 --save`. If this warning still persists or the version isn't found, please open an issue at https://github.com/facebookresearch/Mephisto/issues
[2023-10-23 07:02:05,440][mephisto.operations.operator][INFO] - Operator running task ID = 1
[2023-10-23 07:02:25,362][mephisto.operations.client_io_handler][WARNING] - [31;1m[Version Mismatch!!][0m: Package `mephisto-task` version mismatch. Expected version 2.0.4 but frontend is currently using 2.0.3. This may cause unexpected errors, be sure to update your `mephisto-task` dependency with `npm install mephisto-task@2.0.4 --save`. If this warning still persists or the version isn't found, please open an issue at https://github.com/facebookresearch/Mephisto/issues
[2023-10-23 07:02:31,274][mephisto.operations.client_io_handler][WARNING] - [31;1m[Version Mismatch!!][0m: Package `mephisto-task` version mismatch. Expected version 2.0.4 but frontend is currently using 2.0.3. This may cause unexpected errors, be sure to update your `mephisto-task` dependency with `npm install mephisto-task@2.0.4 --save`. If this warning still persists or the version isn't found, please open an issue at https://github.com/facebookresearch/Mephisto/issues
[2023-10-23 07:02:35,450][mephisto.operations.operator][INFO] - Operator running task ID = 1
[2023-10-23 07:02:56,328][mephisto.operations.client_io_handler][WARNING] - [31;1m[Version Mismatch!!][0m: Package `mephisto-task` version mismatch. Expected version 2.0.4 but frontend is currently using 2.0.3. This may cause unexpected errors, be sure to update your `mephisto-task` dependency with `npm install mephisto-task@2.0.4 --save`. If this warning still persists or the version isn't found, please open an issue at https://github.com/facebookresearch/Mephisto/issues
[2023-10-23 07:02:59,886][mephisto.operations.client_io_handler][WARNING] - [31;1m[Version Mismatch!!][0m: Package `mephisto-task` version mismatch. Expected version 2.0.4 but frontend is currently using 2.0.3. This may cause unexpected errors, be sure to update your `mephisto-task` dependency with `npm install mephisto-task@2.0.4 --save`. If this warning still persists or the version isn't found, please open an issue at https://github.com/facebookresearch/Mephisto/issues
[2023-10-23 07:03:05,459][mephisto.operations.operator][INFO] - Operator running task ID = 1
[2023-10-23 07:03:28,650][mephisto.operations.client_io_handler][WARNING] - [31;1m[Version Mismatch!!][0m: Package `mephisto-task` version mismatch. Expected version 2.0.4 but frontend is currently using 2.0.3. This may cause unexpected errors, be sure to update your `mephisto-task` dependency with `npm install mephisto-task@2.0.4 --save`. If this warning still persists or the version isn't found, please open an issue at https://github.com/facebookresearch/Mephisto/issues
[2023-10-23 07:03:35,468][mephisto.operations.operator][INFO] - Operator running task ID = 1
[2023-10-23 07:04:05,477][mephisto.operations.operator][INFO] - Operator running task ID = 1
[2023-10-23 07:04:17,266][mephisto.operations.client_io_handler][WARNING] - [31;1m[Version Mismatch!!][0m: Package `mephisto-task` version mismatch. Expected version 2.0.4 but frontend is currently using 2.0.3. This may cause unexpected errors, be sure to update your `mephisto-task` dependency with `npm install mephisto-task@2.0.4 --save`. If this warning still persists or the version isn't found, please open an issue at https://github.com/facebookresearch/Mephisto/issues
[2023-10-23 07:04:35,489][mephisto.operations.operator][INFO] - Operator running task ID = 1
[2023-10-23 07:04:35,607][mephisto.operations.client_io_handler][WARNING] - [31;1m[Version Mismatch!!][0m: Package `mephisto-task` version mismatch. Expected version 2.0.4 but frontend is currently using 2.0.3. This may cause unexpected errors, be sure to update your `mephisto-task` dependency with `npm install mephisto-task@2.0.4 --save`. If this warning still persists or the version isn't found, please open an issue at https://github.com/facebookresearch/Mephisto/issues
[2023-10-23 07:05:05,499][mephisto.operations.operator][INFO] - Operator running task ID = 1
[2023-10-23 07:05:35,511][mephisto.operations.operator][INFO] - Operator running task ID = 1
[2023-10-23 07:05:58,645][mephisto.operations.client_io_handler][WARNING] - [31;1m[Version Mismatch!!][0m: Package `mephisto-task` version mismatch. Expected version 2.0.4 but frontend is currently using 2.0.3. This may cause unexpected errors, be sure to update your `mephisto-task` dependency with `npm install mephisto-task@2.0.4 --save`. If this warning still persists or the version isn't found, please open an issue at https://github.com/facebookresearch/Mephisto/issues
[2023-10-23 07:06:05,522][mephisto.operations.operator][INFO] - Operator running task ID = 1
[2023-10-23 07:06:26,410][mephisto.operations.client_io_handler][WARNING] - [31;1m[Version Mismatch!!][0m: Package `mephisto-task` version mismatch. Expected version 2.0.4 but frontend is currently using 2.0.3. This may cause unexpected errors, be sure to update your `mephisto-task` dependency with `npm install mephisto-task@2.0.4 --save`. If this warning still persists or the version isn't found, please open an issue at https://github.com/facebookresearch/Mephisto/issues
[2023-10-23 07:06:29,416][mephisto.operations.client_io_handler][WARNING] - [31;1m[Version Mismatch!!][0m: Package `mephisto-task` version mismatch. Expected version 2.0.4 but frontend is currently using 2.0.3. This may cause unexpected errors, be sure to update your `mephisto-task` dependency with `npm install mephisto-task@2.0.4 --save`. If this warning still persists or the version isn't found, please open an issue at https://github.com/facebookresearch/Mephisto/issues
[2023-10-23 07:06:31,870][mephisto.operations.client_io_handler][WARNING] - [31;1m[Version Mismatch!!][0m: Package `mephisto-task` version mismatch. Expected version 2.0.4 but frontend is currently using 2.0.3. This may cause unexpected errors, be sure to update your `mephisto-task` dependency with `npm install mephisto-task@2.0.4 --save`. If this warning still persists or the version isn't found, please open an issue at https://github.com/facebookresearch/Mephisto/issues
[2023-10-23 07:06:34,327][mephisto.operations.client_io_handler][WARNING] - [31;1m[Version Mismatch!!][0m: Package `mephisto-task` version mismatch. Expected version 2.0.4 but frontend is currently using 2.0.3. This may cause unexpected errors, be sure to update your `mephisto-task` dependency with `npm install mephisto-task@2.0.4 --save`. If this warning still persists or the version isn't found, please open an issue at https://github.com/facebookresearch/Mephisto/issues
[2023-10-23 07:06:35,532][mephisto.operations.operator][INFO] - Operator running task ID = 1
[2023-10-23 07:07:05,542][mephisto.operations.operator][INFO] - Operator running task ID = 1
[2023-10-23 07:07:25,297][mephisto.operations.client_io_handler][WARNING] - [31;1m[Version Mismatch!!][0m: Package `mephisto-task` version mismatch. Expected version 2.0.4 but frontend is currently using 2.0.3. This may cause unexpected errors, be sure to update your `mephisto-task` dependency with `npm install mephisto-task@2.0.4 --save`. If this warning still persists or the version isn't found, please open an issue at https://github.com/facebookresearch/Mephisto/issues
[2023-10-23 07:07:35,552][mephisto.operations.operator][INFO] - Operator running task ID = 1
[2023-10-23 07:07:47,445][mephisto.operations.client_io_handler][WARNING] - [31;1m[Version Mismatch!!][0m: Package `mephisto-task` version mismatch. Expected version 2.0.4 but frontend is currently using 2.0.3. This may cause unexpected errors, be sure to update your `mephisto-task` dependency with `npm install mephisto-task@2.0.4 --save`. If this warning still persists or the version isn't found, please open an issue at https://github.com/facebookresearch/Mephisto/issues
[2023-10-23 07:07:49,701][mephisto.operations.client_io_handler][WARNING] - [31;1m[Version Mismatch!!][0m: Package `mephisto-task` version mismatch. Expected version 2.0.4 but frontend is currently using 2.0.3. This may cause unexpected errors, be sure to update your `mephisto-task` dependency with `npm install mephisto-task@2.0.4 --save`. If this warning still persists or the version isn't found, please open an issue at https://github.com/facebookresearch/Mephisto/issues
[2023-10-23 07:08:05,560][mephisto.operations.operator][INFO] - Operator running task ID = 1
[2023-10-23 07:08:35,572][mephisto.operations.operator][INFO] - Operator running task ID = 1
[2023-10-23 07:08:38,110][mephisto.operations.client_io_handler][WARNING] - [31;1m[Version Mismatch!!][0m: Package `mephisto-task` version mismatch. Expected version 2.0.4 but frontend is currently using 2.0.3. This may cause unexpected errors, be sure to update your `mephisto-task` dependency with `npm install mephisto-task@2.0.4 --save`. If this warning still persists or the version isn't found, please open an issue at https://github.com/facebookresearch/Mephisto/issues
[2023-10-23 07:08:50,837][mephisto.operations.client_io_handler][WARNING] - [31;1m[Version Mismatch!!][0m: Package `mephisto-task` version mismatch. Expected version 2.0.4 but frontend is currently using 2.0.3. This may cause unexpected errors, be sure to update your `mephisto-task` dependency with `npm install mephisto-task@2.0.4 --save`. If this warning still persists or the version isn't found, please open an issue at https://github.com/facebookresearch/Mephisto/issues
[2023-10-23 07:09:05,582][mephisto.operations.operator][INFO] - Operator running task ID = 1
[2023-10-23 07:09:35,593][mephisto.operations.operator][INFO] - Operator running task ID = 1
[2023-10-23 07:10:05,602][mephisto.operations.operator][INFO] - Operator running task ID = 1
[2023-10-23 07:10:35,612][mephisto.operations.operator][INFO] - Operator running task ID = 1
[2023-10-23 07:11:05,622][mephisto.operations.operator][INFO] - Operator running task ID = 1
[2023-10-23 07:11:35,632][mephisto.operations.operator][INFO] - Operator running task ID = 1
[2023-10-23 07:12:05,642][mephisto.operations.operator][INFO] - Operator running task ID = 1
[2023-10-23 07:12:35,649][mephisto.operations.operator][INFO] - Operator running task ID = 1
[2023-10-23 07:13:05,654][mephisto.operations.operator][INFO] - Operator running task ID = 1
[2023-10-23 07:13:35,662][mephisto.operations.operator][INFO] - Operator running task ID = 1
[2023-10-23 07:14:05,670][mephisto.operations.operator][INFO] - Operator running task ID = 1
[2023-10-23 07:14:08,476][mephisto.operations.client_io_handler][WARNING] - [31;1m[Version Mismatch!!][0m: Package `mephisto-task` version mismatch. Expected version 2.0.4 but frontend is currently using 2.0.3. This may cause unexpected errors, be sure to update your `mephisto-task` dependency with `npm install mephisto-task@2.0.4 --save`. If this warning still persists or the version isn't found, please open an issue at https://github.com/facebookresearch/Mephisto/issues
[2023-10-23 07:14:14,490][mephisto.operations.client_io_handler][WARNING] - [31;1m[Version Mismatch!!][0m: Package `mephisto-task` version mismatch. Expected version 2.0.4 but frontend is currently using 2.0.3. This may cause unexpected errors, be sure to update your `mephisto-task` dependency with `npm install mephisto-task@2.0.4 --save`. If this warning still persists or the version isn't found, please open an issue at https://github.com/facebookresearch/Mephisto/issues
[2023-10-23 07:14:30,624][mephisto.operations.client_io_handler][WARNING] - [31;1m[Version Mismatch!!][0m: Package `mephisto-task` version mismatch. Expected version 2.0.4 but frontend is currently using 2.0.3. This may cause unexpected errors, be sure to update your `mephisto-task` dependency with `npm install mephisto-task@2.0.4 --save`. If this warning still persists or the version isn't found, please open an issue at https://github.com/facebookresearch/Mephisto/issues
[2023-10-23 07:14:35,679][mephisto.operations.operator][INFO] - Operator running task ID = 1
[2023-10-23 07:14:38,142][mephisto.operations.client_io_handler][WARNING] - [31;1m[Version Mismatch!!][0m: Package `mephisto-task` version mismatch. Expected version 2.0.4 but frontend is currently using 2.0.3. This may cause unexpected errors, be sure to update your `mephisto-task` dependency with `npm install mephisto-task@2.0.4 --save`. If this warning still persists or the version isn't found, please open an issue at https://github.com/facebookresearch/Mephisto/issues
[2023-10-23 07:14:39,245][mephisto.operations.client_io_handler][WARNING] - [31;1m[Version Mismatch!!][0m: Package `mephisto-task` version mismatch. Expected version 2.0.4 but frontend is currently using 2.0.3. This may cause unexpected errors, be sure to update your `mephisto-task` dependency with `npm install mephisto-task@2.0.4 --save`. If this warning still persists or the version isn't found, please open an issue at https://github.com/facebookresearch/Mephisto/issues
[2023-10-23 07:14:48,365][mephisto.operations.client_io_handler][WARNING] - [31;1m[Version Mismatch!!][0m: Package `mephisto-task` version mismatch. Expected version 2.0.4 but frontend is currently using 2.0.3. This may cause unexpected errors, be sure to update your `mephisto-task` dependency with `npm install mephisto-task@2.0.4 --save`. If this warning still persists or the version isn't found, please open an issue at https://github.com/facebookresearch/Mephisto/issues
[2023-10-23 07:14:49,317][mephisto.operations.client_io_handler][WARNING] - [31;1m[Version Mismatch!!][0m: Package `mephisto-task` version mismatch. Expected version 2.0.4 but frontend is currently using 2.0.3. This may cause unexpected errors, be sure to update your `mephisto-task` dependency with `npm install mephisto-task@2.0.4 --save`. If this warning still persists or the version isn't found, please open an issue at https://github.com/facebookresearch/Mephisto/issues
[2023-10-23 07:15:05,687][mephisto.operations.operator][INFO] - Operator running task ID = 1
[2023-10-23 07:15:35,697][mephisto.operations.operator][INFO] - Operator running task ID = 1
[2023-10-23 07:16:05,706][mephisto.operations.operator][INFO] - Operator running task ID = 1
[2023-10-23 07:16:35,717][mephisto.operations.operator][INFO] - Operator running task ID = 1
[2023-10-23 07:17:05,724][mephisto.operations.operator][INFO] - Operator running task ID = 1
[2023-10-23 07:17:35,734][mephisto.operations.operator][INFO] - Operator running task ID = 1
[2023-10-23 07:17:55,027][mephisto.operations.client_io_handler][WARNING] - [31;1m[Version Mismatch!!][0m: Package `mephisto-task` version mismatch. Expected version 2.0.4 but frontend is currently using 2.0.3. This may cause unexpected errors, be sure to update your `mephisto-task` dependency with `npm install mephisto-task@2.0.4 --save`. If this warning still persists or the version isn't found, please open an issue at https://github.com/facebookresearch/Mephisto/issues
[2023-10-23 07:18:05,740][mephisto.operations.operator][INFO] - Operator running task ID = 1
[2023-10-23 07:18:20,984][mephisto.operations.client_io_handler][WARNING] - [31;1m[Version Mismatch!!][0m: Package `mephisto-task` version mismatch. Expected version 2.0.4 but frontend is currently using 2.0.3. This may cause unexpected errors, be sure to update your `mephisto-task` dependency with `npm install mephisto-task@2.0.4 --save`. If this warning still persists or the version isn't found, please open an issue at https://github.com/facebookresearch/Mephisto/issues
[2023-10-23 07:18:35,068][mephisto.operations.client_io_handler][WARNING] - [31;1m[Version Mismatch!!][0m: Package `mephisto-task` version mismatch. Expected version 2.0.4 but frontend is currently using 2.0.3. This may cause unexpected errors, be sure to update your `mephisto-task` dependency with `npm install mephisto-task@2.0.4 --save`. If this warning still persists or the version isn't found, please open an issue at https://github.com/facebookresearch/Mephisto/issues
[2023-10-23 07:18:35,748][mephisto.operations.operator][INFO] - Operator running task ID = 1
[2023-10-23 07:18:36,268][mephisto.operations.client_io_handler][WARNING] - [31;1m[Version Mismatch!!][0m: Package `mephisto-task` version mismatch. Expected version 2.0.4 but frontend is currently using 2.0.3. This may cause unexpected errors, be sure to update your `mephisto-task` dependency with `npm install mephisto-task@2.0.4 --save`. If this warning still persists or the version isn't found, please open an issue at https://github.com/facebookresearch/Mephisto/issues
[2023-10-23 07:18:37,671][mephisto.operations.client_io_handler][WARNING] - [31;1m[Version Mismatch!!][0m: Package `mephisto-task` version mismatch. Expected version 2.0.4 but frontend is currently using 2.0.3. This may cause unexpected errors, be sure to update your `mephisto-task` dependency with `npm install mephisto-task@2.0.4 --save`. If this warning still persists or the version isn't found, please open an issue at https://github.com/facebookresearch/Mephisto/issues
[2023-10-23 07:18:47,541][mephisto.operations.client_io_handler][WARNING] - [31;1m[Version Mismatch!!][0m: Package `mephisto-task` version mismatch. Expected version 2.0.4 but frontend is currently using 2.0.3. This may cause unexpected errors, be sure to update your `mephisto-task` dependency with `npm install mephisto-task@2.0.4 --save`. If this warning still persists or the version isn't found, please open an issue at https://github.com/facebookresearch/Mephisto/issues
[2023-10-23 07:19:05,756][mephisto.operations.operator][INFO] - Operator running task ID = 1
[2023-10-23 07:19:11,743][mephisto.operations.client_io_handler][WARNING] - [31;1m[Version Mismatch!!][0m: Package `mephisto-task` version mismatch. Expected version 2.0.4 but frontend is currently using 2.0.3. This may cause unexpected errors, be sure to update your `mephisto-task` dependency with `npm install mephisto-task@2.0.4 --save`. If this warning still persists or the version isn't found, please open an issue at https://github.com/facebookresearch/Mephisto/issues
[2023-10-23 07:19:12,595][mephisto.operations.client_io_handler][WARNING] - [31;1m[Version Mismatch!!][0m: Package `mephisto-task` version mismatch. Expected version 2.0.4 but frontend is currently using 2.0.3. This may cause unexpected errors, be sure to update your `mephisto-task` dependency with `npm install mephisto-task@2.0.4 --save`. If this warning still persists or the version isn't found, please open an issue at https://github.com/facebookresearch/Mephisto/issues
[2023-10-23 07:19:20,012][mephisto.operations.client_io_handler][WARNING] - [31;1m[Version Mismatch!!][0m: Package `mephisto-task` version mismatch. Expected version 2.0.4 but frontend is currently using 2.0.3. This may cause unexpected errors, be sure to update your `mephisto-task` dependency with `npm install mephisto-task@2.0.4 --save`. If this warning still persists or the version isn't found, please open an issue at https://github.com/facebookresearch/Mephisto/issues
[2023-10-23 07:19:35,768][mephisto.operations.operator][INFO] - Operator running task ID = 1
[2023-10-23 07:19:58,246][mephisto.operations.client_io_handler][WARNING] - [31;1m[Version Mismatch!!][0m: Package `mephisto-task` version mismatch. Expected version 2.0.4 but frontend is currently using 2.0.3. This may cause unexpected errors, be sure to update your `mephisto-task` dependency with `npm install mephisto-task@2.0.4 --save`. If this warning still persists or the version isn't found, please open an issue at https://github.com/facebookresearch/Mephisto/issues
[2023-10-23 07:19:59,199][mephisto.operations.client_io_handler][WARNING] - [31;1m[Version Mismatch!!][0m: Package `mephisto-task` version mismatch. Expected version 2.0.4 but frontend is currently using 2.0.3. This may cause unexpected errors, be sure to update your `mephisto-task` dependency with `npm install mephisto-task@2.0.4 --save`. If this warning still persists or the version isn't found, please open an issue at https://github.com/facebookresearch/Mephisto/issues
[2023-10-23 07:20:05,778][mephisto.operations.operator][INFO] - Operator running task ID = 1
[2023-10-23 07:20:26,059][mephisto.operations.client_io_handler][WARNING] - [31;1m[Version Mismatch!!][0m: Package `mephisto-task` version mismatch. Expected version 2.0.4 but frontend is currently using 2.0.3. This may cause unexpected errors, be sure to update your `mephisto-task` dependency with `npm install mephisto-task@2.0.4 --save`. If this warning still persists or the version isn't found, please open an issue at https://github.com/facebookresearch/Mephisto/issues
[2023-10-23 07:20:28,212][mephisto.operations.client_io_handler][WARNING] - [31;1m[Version Mismatch!!][0m: Package `mephisto-task` version mismatch. Expected version 2.0.4 but frontend is currently using 2.0.3. This may cause unexpected errors, be sure to update your `mephisto-task` dependency with `npm install mephisto-task@2.0.4 --save`. If this warning still persists or the version isn't found, please open an issue at https://github.com/facebookresearch/Mephisto/issues
[2023-10-23 07:20:35,788][mephisto.operations.operator][INFO] - Operator running task ID = 1
[2023-10-23 07:20:45,595][mephisto.operations.client_io_handler][WARNING] - [31;1m[Version Mismatch!!][0m: Package `mephisto-task` version mismatch. Expected version 2.0.4 but frontend is currently using 2.0.3. This may cause unexpected errors, be sure to update your `mephisto-task` dependency with `npm install mephisto-task@2.0.4 --save`. If this warning still persists or the version isn't found, please open an issue at https://github.com/facebookresearch/Mephisto/issues
[2023-10-23 07:21:01,934][mephisto.operations.client_io_handler][WARNING] - [31;1m[Version Mismatch!!][0m: Package `mephisto-task` version mismatch. Expected version 2.0.4 but frontend is currently using 2.0.3. This may cause unexpected errors, be sure to update your `mephisto-task` dependency with `npm install mephisto-task@2.0.4 --save`. If this warning still persists or the version isn't found, please open an issue at https://github.com/facebookresearch/Mephisto/issues
[2023-10-23 07:21:02,686][mephisto.operations.client_io_handler][WARNING] - [31;1m[Version Mismatch!!][0m: Package `mephisto-task` version mismatch. Expected version 2.0.4 but frontend is currently using 2.0.3. This may cause unexpected errors, be sure to update your `mephisto-task` dependency with `npm install mephisto-task@2.0.4 --save`. If this warning still persists or the version isn't found, please open an issue at https://github.com/facebookresearch/Mephisto/issues
[2023-10-23 07:21:05,441][mephisto.operations.client_io_handler][WARNING] - [31;1m[Version Mismatch!!][0m: Package `mephisto-task` version mismatch. Expected version 2.0.4 but frontend is currently using 2.0.3. This may cause unexpected errors, be sure to update your `mephisto-task` dependency with `npm install mephisto-task@2.0.4 --save`. If this warning still persists or the version isn't found, please open an issue at https://github.com/facebookresearch/Mephisto/issues
[2023-10-23 07:21:05,794][mephisto.operations.operator][INFO] - Operator running task ID = 1
[2023-10-23 07:21:14,508][mephisto.operations.client_io_handler][WARNING] - [31;1m[Version Mismatch!!][0m: Package `mephisto-task` version mismatch. Expected version 2.0.4 but frontend is currently using 2.0.3. This may cause unexpected errors, be sure to update your `mephisto-task` dependency with `npm install mephisto-task@2.0.4 --save`. If this warning still persists or the version isn't found, please open an issue at https://github.com/facebookresearch/Mephisto/issues
[2023-10-23 07:21:15,460][mephisto.operations.client_io_handler][WARNING] - [31;1m[Version Mismatch!!][0m: Package `mephisto-task` version mismatch. Expected version 2.0.4 but frontend is currently using 2.0.3. This may cause unexpected errors, be sure to update your `mephisto-task` dependency with `npm install mephisto-task@2.0.4 --save`. If this warning still persists or the version isn't found, please open an issue at https://github.com/facebookresearch/Mephisto/issues
[2023-10-23 07:21:26,184][mephisto.operations.client_io_handler][WARNING] - [31;1m[Version Mismatch!!][0m: Package `mephisto-task` version mismatch. Expected version 2.0.4 but frontend is currently using 2.0.3. This may cause unexpected errors, be sure to update your `mephisto-task` dependency with `npm install mephisto-task@2.0.4 --save`. If this warning still persists or the version isn't found, please open an issue at https://github.com/facebookresearch/Mephisto/issues
[2023-10-23 07:21:27,136][mephisto.operations.client_io_handler][WARNING] - [31;1m[Version Mismatch!!][0m: Package `mephisto-task` version mismatch. Expected version 2.0.4 but frontend is currently using 2.0.3. This may cause unexpected errors, be sure to update your `mephisto-task` dependency with `npm install mephisto-task@2.0.4 --save`. If this warning still persists or the version isn't found, please open an issue at https://github.com/facebookresearch/Mephisto/issues
[2023-10-23 07:21:28,188][mephisto.operations.client_io_handler][WARNING] - [31;1m[Version Mismatch!!][0m: Package `mephisto-task` version mismatch. Expected version 2.0.4 but frontend is currently using 2.0.3. This may cause unexpected errors, be sure to update your `mephisto-task` dependency with `npm install mephisto-task@2.0.4 --save`. If this warning still persists or the version isn't found, please open an issue at https://github.com/facebookresearch/Mephisto/issues
[2023-10-23 07:21:29,493][mephisto.operations.client_io_handler][WARNING] - [31;1m[Version Mismatch!!][0m: Package `mephisto-task` version mismatch. Expected version 2.0.4 but frontend is currently using 2.0.3. This may cause unexpected errors, be sure to update your `mephisto-task` dependency with `npm install mephisto-task@2.0.4 --save`. If this warning still persists or the version isn't found, please open an issue at https://github.com/facebookresearch/Mephisto/issues
[2023-10-23 07:21:35,801][mephisto.operations.operator][INFO] - Operator running task ID = 1
[2023-10-23 07:22:05,808][mephisto.operations.operator][INFO] - Operator running task ID = 1
[2023-10-23 07:22:35,819][mephisto.operations.operator][INFO] - Operator running task ID = 1
[2023-10-23 07:23:05,828][mephisto.operations.operator][INFO] - Operator running task ID = 1
[2023-10-23 07:23:35,839][mephisto.operations.operator][INFO] - Operator running task ID = 1
[2023-10-23 07:24:05,846][mephisto.operations.operator][INFO] - Operator running task ID = 1
[2023-10-23 07:24:35,855][mephisto.operations.operator][INFO] - Operator running task ID = 1
[2023-10-23 07:24:37,353][mephisto.operations.client_io_handler][WARNING] - [31;1m[Version Mismatch!!][0m: Package `mephisto-task` version mismatch. Expected version 2.0.4 but frontend is currently using 2.0.3. This may cause unexpected errors, be sure to update your `mephisto-task` dependency with `npm install mephisto-task@2.0.4 --save`. If this warning still persists or the version isn't found, please open an issue at https://github.com/facebookresearch/Mephisto/issues
[2023-10-23 07:25:05,862][mephisto.operations.operator][INFO] - Operator running task ID = 1
[2023-10-23 07:25:35,869][mephisto.operations.operator][INFO] - Operator running task ID = 1
[2023-10-23 07:26:05,876][mephisto.operations.operator][INFO] - Operator running task ID = 1
[2023-10-23 07:26:35,884][mephisto.operations.operator][INFO] - Operator running task ID = 1
[2023-10-23 07:27:05,893][mephisto.operations.operator][INFO] - Operator running task ID = 1
[2023-10-23 07:27:35,904][mephisto.operations.operator][INFO] - Operator running task ID = 1
[2023-10-23 07:28:05,911][mephisto.operations.operator][INFO] - Operator running task ID = 1
[2023-10-23 07:28:35,921][mephisto.operations.operator][INFO] - Operator running task ID = 1
[2023-10-23 07:29:05,929][mephisto.operations.operator][INFO] - Operator running task ID = 1
[2023-10-23 07:29:35,939][mephisto.operations.operator][INFO] - Operator running task ID = 1
[2023-10-23 07:29:49,844][mephisto.operations.client_io_handler][WARNING] - [31;1m[Version Mismatch!!][0m: Package `mephisto-task` version mismatch. Expected version 2.0.4 but frontend is currently using 2.0.3. This may cause unexpected errors, be sure to update your `mephisto-task` dependency with `npm install mephisto-task@2.0.4 --save`. If this warning still persists or the version isn't found, please open an issue at https://github.com/facebookresearch/Mephisto/issues
[2023-10-23 07:30:05,947][mephisto.operations.operator][INFO] - Operator running task ID = 1
[2023-10-23 07:30:11,191][mephisto.operations.client_io_handler][WARNING] - [31;1m[Version Mismatch!!][0m: Package `mephisto-task` version mismatch. Expected version 2.0.4 but frontend is currently using 2.0.3. This may cause unexpected errors, be sure to update your `mephisto-task` dependency with `npm install mephisto-task@2.0.4 --save`. If this warning still persists or the version isn't found, please open an issue at https://github.com/facebookresearch/Mephisto/issues
[2023-10-23 07:30:12,344][mephisto.operations.client_io_handler][WARNING] - [31;1m[Version Mismatch!!][0m: Package `mephisto-task` version mismatch. Expected version 2.0.4 but frontend is currently using 2.0.3. This may cause unexpected errors, be sure to update your `mephisto-task` dependency with `npm install mephisto-task@2.0.4 --save`. If this warning still persists or the version isn't found, please open an issue at https://github.com/facebookresearch/Mephisto/issues
[2023-10-23 07:30:14,198][mephisto.operations.client_io_handler][WARNING] - [31;1m[Version Mismatch!!][0m: Package `mephisto-task` version mismatch. Expected version 2.0.4 but frontend is currently using 2.0.3. This may cause unexpected errors, be sure to update your `mephisto-task` dependency with `npm install mephisto-task@2.0.4 --save`. If this warning still persists or the version isn't found, please open an issue at https://github.com/facebookresearch/Mephisto/issues
[2023-10-23 07:30:17,755][mephisto.operations.client_io_handler][WARNING] - [31;1m[Version Mismatch!!][0m: Package `mephisto-task` version mismatch. Expected version 2.0.4 but frontend is currently using 2.0.3. This may cause unexpected errors, be sure to update your `mephisto-task` dependency with `npm install mephisto-task@2.0.4 --save`. If this warning still persists or the version isn't found, please open an issue at https://github.com/facebookresearch/Mephisto/issues
[2023-10-23 07:30:35,956][mephisto.operations.operator][INFO] - Operator running task ID = 1
[2023-10-23 07:30:38,798][mephisto.operations.client_io_handler][WARNING] - [31;1m[Version Mismatch!!][0m: Package `mephisto-task` version mismatch. Expected version 2.0.4 but frontend is currently using 2.0.3. This may cause unexpected errors, be sure to update your `mephisto-task` dependency with `npm install mephisto-task@2.0.4 --save`. If this warning still persists or the version isn't found, please open an issue at https://github.com/facebookresearch/Mephisto/issues
[2023-10-23 07:30:56,289][mephisto.operations.client_io_handler][WARNING] - [31;1m[Version Mismatch!!][0m: Package `mephisto-task` version mismatch. Expected version 2.0.4 but frontend is currently using 2.0.3. This may cause unexpected errors, be sure to update your `mephisto-task` dependency with `npm install mephisto-task@2.0.4 --save`. If this warning still persists or the version isn't found, please open an issue at https://github.com/facebookresearch/Mephisto/issues
[2023-10-23 07:30:57,241][mephisto.operations.client_io_handler][WARNING] - [31;1m[Version Mismatch!!][0m: Package `mephisto-task` version mismatch. Expected version 2.0.4 but frontend is currently using 2.0.3. This may cause unexpected errors, be sure to update your `mephisto-task` dependency with `npm install mephisto-task@2.0.4 --save`. If this warning still persists or the version isn't found, please open an issue at https://github.com/facebookresearch/Mephisto/issues
[2023-10-23 07:30:58,294][mephisto.operations.client_io_handler][WARNING] - [31;1m[Version Mismatch!!][0m: Package `mephisto-task` version mismatch. Expected version 2.0.4 but frontend is currently using 2.0.3. This may cause unexpected errors, be sure to update your `mephisto-task` dependency with `npm install mephisto-task@2.0.4 --save`. If this warning still persists or the version isn't found, please open an issue at https://github.com/facebookresearch/Mephisto/issues
[2023-10-23 07:30:59,246][mephisto.operations.client_io_handler][WARNING] - [31;1m[Version Mismatch!!][0m: Package `mephisto-task` version mismatch. Expected version 2.0.4 but frontend is currently using 2.0.3. This may cause unexpected errors, be sure to update your `mephisto-task` dependency with `npm install mephisto-task@2.0.4 --save`. If this warning still persists or the version isn't found, please open an issue at https://github.com/facebookresearch/Mephisto/issues
[2023-10-23 07:31:05,963][mephisto.operations.operator][INFO] - Operator running task ID = 1
[2023-10-23 07:31:06,014][mephisto.operations.client_io_handler][WARNING] - [31;1m[Version Mismatch!!][0m: Package `mephisto-task` version mismatch. Expected version 2.0.4 but frontend is currently using 2.0.3. This may cause unexpected errors, be sure to update your `mephisto-task` dependency with `npm install mephisto-task@2.0.4 --save`. If this warning still persists or the version isn't found, please open an issue at https://github.com/facebookresearch/Mephisto/issues
[2023-10-23 07:31:06,866][mephisto.operations.client_io_handler][WARNING] - [31;1m[Version Mismatch!!][0m: Package `mephisto-task` version mismatch. Expected version 2.0.4 but frontend is currently using 2.0.3. This may cause unexpected errors, be sure to update your `mephisto-task` dependency with `npm install mephisto-task@2.0.4 --save`. If this warning still persists or the version isn't found, please open an issue at https://github.com/facebookresearch/Mephisto/issues
[2023-10-23 07:31:07,919][mephisto.operations.client_io_handler][WARNING] - [31;1m[Version Mismatch!!][0m: Package `mephisto-task` version mismatch. Expected version 2.0.4 but frontend is currently using 2.0.3. This may cause unexpected errors, be sure to update your `mephisto-task` dependency with `npm install mephisto-task@2.0.4 --save`. If this warning still persists or the version isn't found, please open an issue at https://github.com/facebookresearch/Mephisto/issues
[2023-10-23 07:31:08,770][mephisto.operations.client_io_handler][WARNING] - [31;1m[Version Mismatch!!][0m: Package `mephisto-task` version mismatch. Expected version 2.0.4 but frontend is currently using 2.0.3. This may cause unexpected errors, be sure to update your `mephisto-task` dependency with `npm install mephisto-task@2.0.4 --save`. If this warning still persists or the version isn't found, please open an issue at https://github.com/facebookresearch/Mephisto/issues
[2023-10-23 07:31:20,444][mephisto.operations.client_io_handler][WARNING] - [31;1m[Version Mismatch!!][0m: Package `mephisto-task` version mismatch. Expected version 2.0.4 but frontend is currently using 2.0.3. This may cause unexpected errors, be sure to update your `mephisto-task` dependency with `npm install mephisto-task@2.0.4 --save`. If this warning still persists or the version isn't found, please open an issue at https://github.com/facebookresearch/Mephisto/issues
[2023-10-23 07:31:32,618][mephisto.operations.client_io_handler][WARNING] - [31;1m[Version Mismatch!!][0m: Package `mephisto-task` version mismatch. Expected version 2.0.4 but frontend is currently using 2.0.3. This may cause unexpected errors, be sure to update your `mephisto-task` dependency with `npm install mephisto-task@2.0.4 --save`. If this warning still persists or the version isn't found, please open an issue at https://github.com/facebookresearch/Mephisto/issues
[2023-10-23 07:31:35,972][mephisto.operations.operator][INFO] - Operator running task ID = 1
[2023-10-23 07:31:49,807][mephisto.operations.client_io_handler][WARNING] - [31;1m[Version Mismatch!!][0m: Package `mephisto-task` version mismatch. Expected version 2.0.4 but frontend is currently using 2.0.3. This may cause unexpected errors, be sure to update your `mephisto-task` dependency with `npm install mephisto-task@2.0.4 --save`. If this warning still persists or the version isn't found, please open an issue at https://github.com/facebookresearch/Mephisto/issues
[2023-10-23 07:31:50,809][mephisto.operations.client_io_handler][WARNING] - [31;1m[Version Mismatch!!][0m: Package `mephisto-task` version mismatch. Expected version 2.0.4 but frontend is currently using 2.0.3. This may cause unexpected errors, be sure to update your `mephisto-task` dependency with `npm install mephisto-task@2.0.4 --save`. If this warning still persists or the version isn't found, please open an issue at https://github.com/facebookresearch/Mephisto/issues
[2023-10-23 07:31:52,915][mephisto.operations.client_io_handler][WARNING] - [31;1m[Version Mismatch!!][0m: Package `mephisto-task` version mismatch. Expected version 2.0.4 but frontend is currently using 2.0.3. This may cause unexpected errors, be sure to update your `mephisto-task` dependency with `npm install mephisto-task@2.0.4 --save`. If this warning still persists or the version isn't found, please open an issue at https://github.com/facebookresearch/Mephisto/issues
[2023-10-23 07:31:55,922][mephisto.operations.client_io_handler][WARNING] - [31;1m[Version Mismatch!!][0m: Package `mephisto-task` version mismatch. Expected version 2.0.4 but frontend is currently using 2.0.3. This may cause unexpected errors, be sure to update your `mephisto-task` dependency with `npm install mephisto-task@2.0.4 --save`. If this warning still persists or the version isn't found, please open an issue at https://github.com/facebookresearch/Mephisto/issues
[2023-10-23 07:32:05,977][mephisto.operations.operator][INFO] - Operator running task ID = 1
[2023-10-23 07:32:16,163][mephisto.operations.client_io_handler][WARNING] - [31;1m[Version Mismatch!!][0m: Package `mephisto-task` version mismatch. Expected version 2.0.4 but frontend is currently using 2.0.3. This may cause unexpected errors, be sure to update your `mephisto-task` dependency with `npm install mephisto-task@2.0.4 --save`. If this warning still persists or the version isn't found, please open an issue at https://github.com/facebookresearch/Mephisto/issues
[2023-10-23 07:32:17,116][mephisto.operations.client_io_handler][WARNING] - [31;1m[Version Mismatch!!][0m: Package `mephisto-task` version mismatch. Expected version 2.0.4 but frontend is currently using 2.0.3. This may cause unexpected errors, be sure to update your `mephisto-task` dependency with `npm install mephisto-task@2.0.4 --save`. If this warning still persists or the version isn't found, please open an issue at https://github.com/facebookresearch/Mephisto/issues
[2023-10-23 07:32:19,119][mephisto.operations.client_io_handler][WARNING] - [31;1m[Version Mismatch!!][0m: Package `mephisto-task` version mismatch. Expected version 2.0.4 but frontend is currently using 2.0.3. This may cause unexpected errors, be sure to update your `mephisto-task` dependency with `npm install mephisto-task@2.0.4 --save`. If this warning still persists or the version isn't found, please open an issue at https://github.com/facebookresearch/Mephisto/issues
[2023-10-23 07:32:35,985][mephisto.operations.operator][INFO] - Operator running task ID = 1
[2023-10-23 07:32:51,394][mephisto.operations.client_io_handler][WARNING] - [31;1m[Version Mismatch!!][0m: Package `mephisto-task` version mismatch. Expected version 2.0.4 but frontend is currently using 2.0.3. This may cause unexpected errors, be sure to update your `mephisto-task` dependency with `npm install mephisto-task@2.0.4 --save`. If this warning still persists or the version isn't found, please open an issue at https://github.com/facebookresearch/Mephisto/issues
[2023-10-23 07:32:53,649][mephisto.operations.client_io_handler][WARNING] - [31;1m[Version Mismatch!!][0m: Package `mephisto-task` version mismatch. Expected version 2.0.4 but frontend is currently using 2.0.3. This may cause unexpected errors, be sure to update your `mephisto-task` dependency with `npm install mephisto-task@2.0.4 --save`. If this warning still persists or the version isn't found, please open an issue at https://github.com/facebookresearch/Mephisto/issues
[2023-10-23 07:33:05,991][mephisto.operations.operator][INFO] - Operator running task ID = 1
[2023-10-23 07:33:35,990][mephisto.operations.client_io_handler][WARNING] - [31;1m[Version Mismatch!!][0m: Package `mephisto-task` version mismatch. Expected version 2.0.4 but frontend is currently using 2.0.3. This may cause unexpected errors, be sure to update your `mephisto-task` dependency with `npm install mephisto-task@2.0.4 --save`. If this warning still persists or the version isn't found, please open an issue at https://github.com/facebookresearch/Mephisto/issues
[2023-10-23 07:33:35,998][mephisto.operations.operator][INFO] - Operator running task ID = 1
[2023-10-23 07:33:36,943][mephisto.operations.client_io_handler][WARNING] - [31;1m[Version Mismatch!!][0m: Package `mephisto-task` version mismatch. Expected version 2.0.4 but frontend is currently using 2.0.3. This may cause unexpected errors, be sure to update your `mephisto-task` dependency with `npm install mephisto-task@2.0.4 --save`. If this warning still persists or the version isn't found, please open an issue at https://github.com/facebookresearch/Mephisto/issues
[2023-10-23 07:33:47,615][mephisto.operations.client_io_handler][WARNING] - [31;1m[Version Mismatch!!][0m: Package `mephisto-task` version mismatch. Expected version 2.0.4 but frontend is currently using 2.0.3. This may cause unexpected errors, be sure to update your `mephisto-task` dependency with `npm install mephisto-task@2.0.4 --save`. If this warning still persists or the version isn't found, please open an issue at https://github.com/facebookresearch/Mephisto/issues
[2023-10-23 07:34:06,005][mephisto.operations.operator][INFO] - Operator running task ID = 1
[2023-10-23 07:34:15,678][mephisto.operations.client_io_handler][WARNING] - [31;1m[Version Mismatch!!][0m: Package `mephisto-task` version mismatch. Expected version 2.0.4 but frontend is currently using 2.0.3. This may cause unexpected errors, be sure to update your `mephisto-task` dependency with `npm install mephisto-task@2.0.4 --save`. If this warning still persists or the version isn't found, please open an issue at https://github.com/facebookresearch/Mephisto/issues
[2023-10-23 07:34:36,011][mephisto.operations.operator][INFO] - Operator running task ID = 1
[2023-10-23 07:35:06,015][mephisto.operations.operator][INFO] - Operator running task ID = 1
[2023-10-23 07:35:36,023][mephisto.operations.operator][INFO] - Operator running task ID = 1
[2023-10-23 07:36:06,029][mephisto.operations.operator][INFO] - Operator running task ID = 1
[2023-10-23 07:36:36,037][mephisto.operations.operator][INFO] - Operator running task ID = 1
[2023-10-23 07:37:06,045][mephisto.operations.operator][INFO] - Operator running task ID = 1
[2023-10-23 07:37:36,054][mephisto.operations.operator][INFO] - Operator running task ID = 1
[2023-10-23 07:38:05,626][mephisto.operations.client_io_handler][WARNING] - [31;1m[Version Mismatch!!][0m: Package `mephisto-task` version mismatch. Expected version 2.0.4 but frontend is currently using 2.0.3. This may cause unexpected errors, be sure to update your `mephisto-task` dependency with `npm install mephisto-task@2.0.4 --save`. If this warning still persists or the version isn't found, please open an issue at https://github.com/facebookresearch/Mephisto/issues
[2023-10-23 07:38:06,060][mephisto.operations.operator][INFO] - Operator running task ID = 1
[2023-10-23 07:38:11,539][mephisto.operations.client_io_handler][WARNING] - [31;1m[Version Mismatch!!][0m: Package `mephisto-task` version mismatch. Expected version 2.0.4 but frontend is currently using 2.0.3. This may cause unexpected errors, be sure to update your `mephisto-task` dependency with `npm install mephisto-task@2.0.4 --save`. If this warning still persists or the version isn't found, please open an issue at https://github.com/facebookresearch/Mephisto/issues
[2023-10-23 07:38:36,069][mephisto.operations.operator][INFO] - Operator running task ID = 1
[2023-10-23 07:39:06,075][mephisto.operations.operator][INFO] - Operator running task ID = 1
[2023-10-23 07:39:36,082][mephisto.operations.operator][INFO] - Operator running task ID = 1
[2023-10-23 07:40:06,088][mephisto.operations.operator][INFO] - Operator running task ID = 1
[2023-10-23 07:40:36,096][mephisto.operations.operator][INFO] - Operator running task ID = 1
[2023-10-23 07:41:06,103][mephisto.operations.operator][INFO] - Operator running task ID = 1
[2023-10-23 07:41:07,631][mephisto.operations.client_io_handler][WARNING] - [31;1m[Version Mismatch!!][0m: Package `mephisto-task` version mismatch. Expected version 2.0.4 but frontend is currently using 2.0.3. This may cause unexpected errors, be sure to update your `mephisto-task` dependency with `npm install mephisto-task@2.0.4 --save`. If this warning still persists or the version isn't found, please open an issue at https://github.com/facebookresearch/Mephisto/issues
[2023-10-23 07:41:26,925][mephisto.operations.client_io_handler][WARNING] - [31;1m[Version Mismatch!!][0m: Package `mephisto-task` version mismatch. Expected version 2.0.4 but frontend is currently using 2.0.3. This may cause unexpected errors, be sure to update your `mephisto-task` dependency with `npm install mephisto-task@2.0.4 --save`. If this warning still persists or the version isn't found, please open an issue at https://github.com/facebookresearch/Mephisto/issues
[2023-10-23 07:41:36,112][mephisto.operations.operator][INFO] - Operator running task ID = 1
[2023-10-23 07:41:47,969][mephisto.operations.client_io_handler][WARNING] - [31;1m[Version Mismatch!!][0m: Package `mephisto-task` version mismatch. Expected version 2.0.4 but frontend is currently using 2.0.3. This may cause unexpected errors, be sure to update your `mephisto-task` dependency with `npm install mephisto-task@2.0.4 --save`. If this warning still persists or the version isn't found, please open an issue at https://github.com/facebookresearch/Mephisto/issues
[2023-10-23 07:41:49,525][mephisto.operations.client_io_handler][WARNING] - [31;1m[Version Mismatch!!][0m: Package `mephisto-task` version mismatch. Expected version 2.0.4 but frontend is currently using 2.0.3. This may cause unexpected errors, be sure to update your `mephisto-task` dependency with `npm install mephisto-task@2.0.4 --save`. If this warning still persists or the version isn't found, please open an issue at https://github.com/facebookresearch/Mephisto/issues
[2023-10-23 07:41:53,985][mephisto.operations.client_io_handler][WARNING] - [31;1m[Version Mismatch!!][0m: Package `mephisto-task` version mismatch. Expected version 2.0.4 but frontend is currently using 2.0.3. This may cause unexpected errors, be sure to update your `mephisto-task` dependency with `npm install mephisto-task@2.0.4 --save`. If this warning still persists or the version isn't found, please open an issue at https://github.com/facebookresearch/Mephisto/issues
[2023-10-23 07:41:54,736][mephisto.operations.client_io_handler][WARNING] - [31;1m[Version Mismatch!!][0m: Package `mephisto-task` version mismatch. Expected version 2.0.4 but frontend is currently using 2.0.3. This may cause unexpected errors, be sure to update your `mephisto-task` dependency with `npm install mephisto-task@2.0.4 --save`. If this warning still persists or the version isn't found, please open an issue at https://github.com/facebookresearch/Mephisto/issues
[2023-10-23 07:41:56,191][mephisto.operations.client_io_handler][WARNING] - [31;1m[Version Mismatch!!][0m: Package `mephisto-task` version mismatch. Expected version 2.0.4 but frontend is currently using 2.0.3. This may cause unexpected errors, be sure to update your `mephisto-task` dependency with `npm install mephisto-task@2.0.4 --save`. If this warning still persists or the version isn't found, please open an issue at https://github.com/facebookresearch/Mephisto/issues
[2023-10-23 07:42:06,117][mephisto.operations.operator][INFO] - Operator running task ID = 1
[2023-10-23 07:42:08,115][mephisto.operations.client_io_handler][WARNING] - [31;1m[Version Mismatch!!][0m: Package `mephisto-task` version mismatch. Expected version 2.0.4 but frontend is currently using 2.0.3. This may cause unexpected errors, be sure to update your `mephisto-task` dependency with `npm install mephisto-task@2.0.4 --save`. If this warning still persists or the version isn't found, please open an issue at https://github.com/facebookresearch/Mephisto/issues
[2023-10-23 07:42:36,125][mephisto.operations.operator][INFO] - Operator running task ID = 1
[2023-10-23 07:42:38,182][mephisto.operations.client_io_handler][WARNING] - [31;1m[Version Mismatch!!][0m: Package `mephisto-task` version mismatch. Expected version 2.0.4 but frontend is currently using 2.0.3. This may cause unexpected errors, be sure to update your `mephisto-task` dependency with `npm install mephisto-task@2.0.4 --save`. If this warning still persists or the version isn't found, please open an issue at https://github.com/facebookresearch/Mephisto/issues
[2023-10-23 07:42:39,335][mephisto.operations.client_io_handler][WARNING] - [31;1m[Version Mismatch!!][0m: Package `mephisto-task` version mismatch. Expected version 2.0.4 but frontend is currently using 2.0.3. This may cause unexpected errors, be sure to update your `mephisto-task` dependency with `npm install mephisto-task@2.0.4 --save`. If this warning still persists or the version isn't found, please open an issue at https://github.com/facebookresearch/Mephisto/issues
[2023-10-23 07:42:53,116][mephisto.operations.client_io_handler][WARNING] - [31;1m[Version Mismatch!!][0m: Package `mephisto-task` version mismatch. Expected version 2.0.4 but frontend is currently using 2.0.3. This may cause unexpected errors, be sure to update your `mephisto-task` dependency with `npm install mephisto-task@2.0.4 --save`. If this warning still persists or the version isn't found, please open an issue at https://github.com/facebookresearch/Mephisto/issues
[2023-10-23 07:42:54,067][mephisto.operations.client_io_handler][WARNING] - [31;1m[Version Mismatch!!][0m: Package `mephisto-task` version mismatch. Expected version 2.0.4 but frontend is currently using 2.0.3. This may cause unexpected errors, be sure to update your `mephisto-task` dependency with `npm install mephisto-task@2.0.4 --save`. If this warning still persists or the version isn't found, please open an issue at https://github.com/facebookresearch/Mephisto/issues
[2023-10-23 07:43:06,131][mephisto.operations.operator][INFO] - Operator running task ID = 1
[2023-10-23 07:43:22,583][mephisto.operations.client_io_handler][WARNING] - [31;1m[Version Mismatch!!][0m: Package `mephisto-task` version mismatch. Expected version 2.0.4 but frontend is currently using 2.0.3. This may cause unexpected errors, be sure to update your `mephisto-task` dependency with `npm install mephisto-task@2.0.4 --save`. If this warning still persists or the version isn't found, please open an issue at https://github.com/facebookresearch/Mephisto/issues
[2023-10-23 07:43:23,435][mephisto.operations.client_io_handler][WARNING] - [31;1m[Version Mismatch!!][0m: Package `mephisto-task` version mismatch. Expected version 2.0.4 but frontend is currently using 2.0.3. This may cause unexpected errors, be sure to update your `mephisto-task` dependency with `npm install mephisto-task@2.0.4 --save`. If this warning still persists or the version isn't found, please open an issue at https://github.com/facebookresearch/Mephisto/issues
[2023-10-23 07:43:33,909][mephisto.operations.client_io_handler][WARNING] - [31;1m[Version Mismatch!!][0m: Package `mephisto-task` version mismatch. Expected version 2.0.4 but frontend is currently using 2.0.3. This may cause unexpected errors, be sure to update your `mephisto-task` dependency with `npm install mephisto-task@2.0.4 --save`. If this warning still persists or the version isn't found, please open an issue at https://github.com/facebookresearch/Mephisto/issues
[2023-10-23 07:43:34,709][mephisto.operations.client_io_handler][WARNING] - [31;1m[Version Mismatch!!][0m: Package `mephisto-task` version mismatch. Expected version 2.0.4 but frontend is currently using 2.0.3. This may cause unexpected errors, be sure to update your `mephisto-task` dependency with `npm install mephisto-task@2.0.4 --save`. If this warning still persists or the version isn't found, please open an issue at https://github.com/facebookresearch/Mephisto/issues
[2023-10-23 07:43:36,138][mephisto.operations.operator][INFO] - Operator running task ID = 1
[2023-10-23 07:43:57,059][mephisto.operations.client_io_handler][WARNING] - [31;1m[Version Mismatch!!][0m: Package `mephisto-task` version mismatch. Expected version 2.0.4 but frontend is currently using 2.0.3. This may cause unexpected errors, be sure to update your `mephisto-task` dependency with `npm install mephisto-task@2.0.4 --save`. If this warning still persists or the version isn't found, please open an issue at https://github.com/facebookresearch/Mephisto/issues
[2023-10-23 07:43:58,561][mephisto.operations.client_io_handler][WARNING] - [31;1m[Version Mismatch!!][0m: Package `mephisto-task` version mismatch. Expected version 2.0.4 but frontend is currently using 2.0.3. This may cause unexpected errors, be sure to update your `mephisto-task` dependency with `npm install mephisto-task@2.0.4 --save`. If this warning still persists or the version isn't found, please open an issue at https://github.com/facebookresearch/Mephisto/issues
[2023-10-23 07:44:06,144][mephisto.operations.operator][INFO] - Operator running task ID = 1
[2023-10-23 07:44:15,299][mephisto.operations.client_io_handler][WARNING] - [31;1m[Version Mismatch!!][0m: Package `mephisto-task` version mismatch. Expected version 2.0.4 but frontend is currently using 2.0.3. This may cause unexpected errors, be sure to update your `mephisto-task` dependency with `npm install mephisto-task@2.0.4 --save`. If this warning still persists or the version isn't found, please open an issue at https://github.com/facebookresearch/Mephisto/issues
[2023-10-23 07:44:36,149][mephisto.operations.operator][INFO] - Operator running task ID = 1
[2023-10-23 07:44:43,509][mephisto.operations.client_io_handler][WARNING] - [31;1m[Version Mismatch!!][0m: Package `mephisto-task` version mismatch. Expected version 2.0.4 but frontend is currently using 2.0.3. This may cause unexpected errors, be sure to update your `mephisto-task` dependency with `npm install mephisto-task@2.0.4 --save`. If this warning still persists or the version isn't found, please open an issue at https://github.com/facebookresearch/Mephisto/issues
[2023-10-23 07:44:44,812][mephisto.operations.client_io_handler][WARNING] - [31;1m[Version Mismatch!!][0m: Package `mephisto-task` version mismatch. Expected version 2.0.4 but frontend is currently using 2.0.3. This may cause unexpected errors, be sure to update your `mephisto-task` dependency with `npm install mephisto-task@2.0.4 --save`. If this warning still persists or the version isn't found, please open an issue at https://github.com/facebookresearch/Mephisto/issues
[2023-10-23 07:44:46,064][mephisto.operations.client_io_handler][WARNING] - [31;1m[Version Mismatch!!][0m: Package `mephisto-task` version mismatch. Expected version 2.0.4 but frontend is currently using 2.0.3. This may cause unexpected errors, be sure to update your `mephisto-task` dependency with `npm install mephisto-task@2.0.4 --save`. If this warning still persists or the version isn't found, please open an issue at https://github.com/facebookresearch/Mephisto/issues
[2023-10-23 07:44:55,888][mephisto.operations.client_io_handler][WARNING] - [31;1m[Version Mismatch!!][0m: Package `mephisto-task` version mismatch. Expected version 2.0.4 but frontend is currently using 2.0.3. This may cause unexpected errors, be sure to update your `mephisto-task` dependency with `npm install mephisto-task@2.0.4 --save`. If this warning still persists or the version isn't found, please open an issue at https://github.com/facebookresearch/Mephisto/issues
[2023-10-23 07:45:06,152][mephisto.operations.operator][INFO] - Operator running task ID = 1
[2023-10-23 07:45:23,452][mephisto.operations.client_io_handler][WARNING] - [31;1m[Version Mismatch!!][0m: Package `mephisto-task` version mismatch. Expected version 2.0.4 but frontend is currently using 2.0.3. This may cause unexpected errors, be sure to update your `mephisto-task` dependency with `npm install mephisto-task@2.0.4 --save`. If this warning still persists or the version isn't found, please open an issue at https://github.com/facebookresearch/Mephisto/issues
[2023-10-23 07:45:24,705][mephisto.operations.client_io_handler][WARNING] - [31;1m[Version Mismatch!!][0m: Package `mephisto-task` version mismatch. Expected version 2.0.4 but frontend is currently using 2.0.3. This may cause unexpected errors, be sure to update your `mephisto-task` dependency with `npm install mephisto-task@2.0.4 --save`. If this warning still persists or the version isn't found, please open an issue at https://github.com/facebookresearch/Mephisto/issues
[2023-10-23 07:45:26,006][mephisto.operations.client_io_handler][WARNING] - [31;1m[Version Mismatch!!][0m: Package `mephisto-task` version mismatch. Expected version 2.0.4 but frontend is currently using 2.0.3. This may cause unexpected errors, be sure to update your `mephisto-task` dependency with `npm install mephisto-task@2.0.4 --save`. If this warning still persists or the version isn't found, please open an issue at https://github.com/facebookresearch/Mephisto/issues
[2023-10-23 07:45:36,158][mephisto.operations.operator][INFO] - Operator running task ID = 1
[2023-10-23 07:45:43,298][mephisto.operations.client_io_handler][WARNING] - [31;1m[Version Mismatch!!][0m: Package `mephisto-task` version mismatch. Expected version 2.0.4 but frontend is currently using 2.0.3. This may cause unexpected errors, be sure to update your `mephisto-task` dependency with `npm install mephisto-task@2.0.4 --save`. If this warning still persists or the version isn't found, please open an issue at https://github.com/facebookresearch/Mephisto/issues
[2023-10-23 07:45:44,402][mephisto.operations.client_io_handler][WARNING] - [31;1m[Version Mismatch!!][0m: Package `mephisto-task` version mismatch. Expected version 2.0.4 but frontend is currently using 2.0.3. This may cause unexpected errors, be sure to update your `mephisto-task` dependency with `npm install mephisto-task@2.0.4 --save`. If this warning still persists or the version isn't found, please open an issue at https://github.com/facebookresearch/Mephisto/issues
[2023-10-23 07:45:45,655][mephisto.operations.client_io_handler][WARNING] - [31;1m[Version Mismatch!!][0m: Package `mephisto-task` version mismatch. Expected version 2.0.4 but frontend is currently using 2.0.3. This may cause unexpected errors, be sure to update your `mephisto-task` dependency with `npm install mephisto-task@2.0.4 --save`. If this warning still persists or the version isn't found, please open an issue at https://github.com/facebookresearch/Mephisto/issues
[2023-10-23 07:46:06,164][mephisto.operations.operator][INFO] - Operator running task ID = 1
[2023-10-23 07:46:11,908][mephisto.operations.client_io_handler][WARNING] - [31;1m[Version Mismatch!!][0m: Package `mephisto-task` version mismatch. Expected version 2.0.4 but frontend is currently using 2.0.3. This may cause unexpected errors, be sure to update your `mephisto-task` dependency with `npm install mephisto-task@2.0.4 --save`. If this warning still persists or the version isn't found, please open an issue at https://github.com/facebookresearch/Mephisto/issues
[2023-10-23 07:46:25,688][mephisto.operations.client_io_handler][WARNING] - [31;1m[Version Mismatch!!][0m: Package `mephisto-task` version mismatch. Expected version 2.0.4 but frontend is currently using 2.0.3. This may cause unexpected errors, be sure to update your `mephisto-task` dependency with `npm install mephisto-task@2.0.4 --save`. If this warning still persists or the version isn't found, please open an issue at https://github.com/facebookresearch/Mephisto/issues
[2023-10-23 07:46:26,589][mephisto.operations.client_io_handler][WARNING] - [31;1m[Version Mismatch!!][0m: Package `mephisto-task` version mismatch. Expected version 2.0.4 but frontend is currently using 2.0.3. This may cause unexpected errors, be sure to update your `mephisto-task` dependency with `npm install mephisto-task@2.0.4 --save`. If this warning still persists or the version isn't found, please open an issue at https://github.com/facebookresearch/Mephisto/issues
[2023-10-23 07:46:27,390][mephisto.operations.client_io_handler][WARNING] - [31;1m[Version Mismatch!!][0m: Package `mephisto-task` version mismatch. Expected version 2.0.4 but frontend is currently using 2.0.3. This may cause unexpected errors, be sure to update your `mephisto-task` dependency with `npm install mephisto-task@2.0.4 --save`. If this warning still persists or the version isn't found, please open an issue at https://github.com/facebookresearch/Mephisto/issues
[2023-10-23 07:46:32,250][mephisto.operations.client_io_handler][WARNING] - [31;1m[Version Mismatch!!][0m: Package `mephisto-task` version mismatch. Expected version 2.0.4 but frontend is currently using 2.0.3. This may cause unexpected errors, be sure to update your `mephisto-task` dependency with `npm install mephisto-task@2.0.4 --save`. If this warning still persists or the version isn't found, please open an issue at https://github.com/facebookresearch/Mephisto/issues
[2023-10-23 07:46:36,171][mephisto.operations.operator][INFO] - Operator running task ID = 1
[2023-10-23 07:47:00,867][mephisto.operations.client_io_handler][WARNING] - [31;1m[Version Mismatch!!][0m: Package `mephisto-task` version mismatch. Expected version 2.0.4 but frontend is currently using 2.0.3. This may cause unexpected errors, be sure to update your `mephisto-task` dependency with `npm install mephisto-task@2.0.4 --save`. If this warning still persists or the version isn't found, please open an issue at https://github.com/facebookresearch/Mephisto/issues
[2023-10-23 07:47:01,819][mephisto.operations.client_io_handler][WARNING] - [31;1m[Version Mismatch!!][0m: Package `mephisto-task` version mismatch. Expected version 2.0.4 but frontend is currently using 2.0.3. This may cause unexpected errors, be sure to update your `mephisto-task` dependency with `npm install mephisto-task@2.0.4 --save`. If this warning still persists or the version isn't found, please open an issue at https://github.com/facebookresearch/Mephisto/issues
[2023-10-23 07:47:06,177][mephisto.operations.operator][INFO] - Operator running task ID = 1
[2023-10-23 07:47:14,446][mephisto.operations.client_io_handler][WARNING] - [31;1m[Version Mismatch!!][0m: Package `mephisto-task` version mismatch. Expected version 2.0.4 but frontend is currently using 2.0.3. This may cause unexpected errors, be sure to update your `mephisto-task` dependency with `npm install mephisto-task@2.0.4 --save`. If this warning still persists or the version isn't found, please open an issue at https://github.com/facebookresearch/Mephisto/issues
[2023-10-23 07:47:15,650][mephisto.operations.client_io_handler][WARNING] - [31;1m[Version Mismatch!!][0m: Package `mephisto-task` version mismatch. Expected version 2.0.4 but frontend is currently using 2.0.3. This may cause unexpected errors, be sure to update your `mephisto-task` dependency with `npm install mephisto-task@2.0.4 --save`. If this warning still persists or the version isn't found, please open an issue at https://github.com/facebookresearch/Mephisto/issues
[2023-10-23 07:47:16,651][mephisto.operations.client_io_handler][WARNING] - [31;1m[Version Mismatch!!][0m: Package `mephisto-task` version mismatch. Expected version 2.0.4 but frontend is currently using 2.0.3. This may cause unexpected errors, be sure to update your `mephisto-task` dependency with `npm install mephisto-task@2.0.4 --save`. If this warning still persists or the version isn't found, please open an issue at https://github.com/facebookresearch/Mephisto/issues
[2023-10-23 07:47:17,502][mephisto.operations.client_io_handler][WARNING] - [31;1m[Version Mismatch!!][0m: Package `mephisto-task` version mismatch. Expected version 2.0.4 but frontend is currently using 2.0.3. This may cause unexpected errors, be sure to update your `mephisto-task` dependency with `npm install mephisto-task@2.0.4 --save`. If this warning still persists or the version isn't found, please open an issue at https://github.com/facebookresearch/Mephisto/issues
[2023-10-23 07:47:29,478][mephisto.operations.client_io_handler][WARNING] - [31;1m[Version Mismatch!!][0m: Package `mephisto-task` version mismatch. Expected version 2.0.4 but frontend is currently using 2.0.3. This may cause unexpected errors, be sure to update your `mephisto-task` dependency with `npm install mephisto-task@2.0.4 --save`. If this warning still persists or the version isn't found, please open an issue at https://github.com/facebookresearch/Mephisto/issues
[2023-10-23 07:47:36,182][mephisto.operations.operator][INFO] - Operator running task ID = 1
[2023-10-23 07:47:56,137][mephisto.operations.client_io_handler][WARNING] - [31;1m[Version Mismatch!!][0m: Package `mephisto-task` version mismatch. Expected version 2.0.4 but frontend is currently using 2.0.3. This may cause unexpected errors, be sure to update your `mephisto-task` dependency with `npm install mephisto-task@2.0.4 --save`. If this warning still persists or the version isn't found, please open an issue at https://github.com/facebookresearch/Mephisto/issues
[2023-10-23 07:47:57,739][mephisto.operations.client_io_handler][WARNING] - [31;1m[Version Mismatch!!][0m: Package `mephisto-task` version mismatch. Expected version 2.0.4 but frontend is currently using 2.0.3. This may cause unexpected errors, be sure to update your `mephisto-task` dependency with `npm install mephisto-task@2.0.4 --save`. If this warning still persists or the version isn't found, please open an issue at https://github.com/facebookresearch/Mephisto/issues
[2023-10-23 07:48:06,185][mephisto.operations.operator][INFO] - Operator running task ID = 1
[2023-10-23 07:48:36,194][mephisto.operations.operator][INFO] - Operator running task ID = 1
[2023-10-23 07:49:06,199][mephisto.operations.operator][INFO] - Operator running task ID = 1
[2023-10-23 07:49:36,207][mephisto.operations.operator][INFO] - Operator running task ID = 1
[2023-10-23 07:50:06,212][mephisto.operations.operator][INFO] - Operator running task ID = 1
[2023-10-23 07:50:36,220][mephisto.operations.operator][INFO] - Operator running task ID = 1
[2023-10-23 07:50:50,112][mephisto.operations.client_io_handler][WARNING] - [31;1m[Version Mismatch!!][0m: Package `mephisto-task` version mismatch. Expected version 2.0.4 but frontend is currently using 2.0.3. This may cause unexpected errors, be sure to update your `mephisto-task` dependency with `npm install mephisto-task@2.0.4 --save`. If this warning still persists or the version isn't found, please open an issue at https://github.com/facebookresearch/Mephisto/issues
[2023-10-23 07:50:56,877][mephisto.operations.client_io_handler][WARNING] - [31;1m[Version Mismatch!!][0m: Package `mephisto-task` version mismatch. Expected version 2.0.4 but frontend is currently using 2.0.3. This may cause unexpected errors, be sure to update your `mephisto-task` dependency with `npm install mephisto-task@2.0.4 --save`. If this warning still persists or the version isn't found, please open an issue at https://github.com/facebookresearch/Mephisto/issues
[2023-10-23 07:51:06,225][mephisto.operations.operator][INFO] - Operator running task ID = 1
[2023-10-23 07:51:29,855][mephisto.operations.client_io_handler][WARNING] - [31;1m[Version Mismatch!!][0m: Package `mephisto-task` version mismatch. Expected version 2.0.4 but frontend is currently using 2.0.3. This may cause unexpected errors, be sure to update your `mephisto-task` dependency with `npm install mephisto-task@2.0.4 --save`. If this warning still persists or the version isn't found, please open an issue at https://github.com/facebookresearch/Mephisto/issues
[2023-10-23 07:51:32,260][mephisto.operations.client_io_handler][WARNING] - [31;1m[Version Mismatch!!][0m: Package `mephisto-task` version mismatch. Expected version 2.0.4 but frontend is currently using 2.0.3. This may cause unexpected errors, be sure to update your `mephisto-task` dependency with `npm install mephisto-task@2.0.4 --save`. If this warning still persists or the version isn't found, please open an issue at https://github.com/facebookresearch/Mephisto/issues
[2023-10-23 07:51:36,231][mephisto.operations.operator][INFO] - Operator running task ID = 1
[2023-10-23 07:52:06,233][mephisto.operations.operator][INFO] - Operator running task ID = 1
[2023-10-23 07:52:36,243][mephisto.operations.operator][INFO] - Operator running task ID = 1
[2023-10-23 07:53:06,249][mephisto.operations.operator][INFO] - Operator running task ID = 1
[2023-10-23 07:53:30,919][mephisto.operations.client_io_handler][WARNING] - [31;1m[Version Mismatch!!][0m: Package `mephisto-task` version mismatch. Expected version 2.0.4 but frontend is currently using 2.0.3. This may cause unexpected errors, be sure to update your `mephisto-task` dependency with `npm install mephisto-task@2.0.4 --save`. If this warning still persists or the version isn't found, please open an issue at https://github.com/facebookresearch/Mephisto/issues
[2023-10-23 07:53:32,723][mephisto.operations.client_io_handler][WARNING] - [31;1m[Version Mismatch!!][0m: Package `mephisto-task` version mismatch. Expected version 2.0.4 but frontend is currently using 2.0.3. This may cause unexpected errors, be sure to update your `mephisto-task` dependency with `npm install mephisto-task@2.0.4 --save`. If this warning still persists or the version isn't found, please open an issue at https://github.com/facebookresearch/Mephisto/issues
[2023-10-23 07:53:34,676][mephisto.operations.client_io_handler][WARNING] - [31;1m[Version Mismatch!!][0m: Package `mephisto-task` version mismatch. Expected version 2.0.4 but frontend is currently using 2.0.3. This may cause unexpected errors, be sure to update your `mephisto-task` dependency with `npm install mephisto-task@2.0.4 --save`. If this warning still persists or the version isn't found, please open an issue at https://github.com/facebookresearch/Mephisto/issues
[2023-10-23 07:53:36,255][mephisto.operations.operator][INFO] - Operator running task ID = 1
[2023-10-23 07:54:06,261][mephisto.operations.operator][INFO] - Operator running task ID = 1
[2023-10-23 07:54:15,413][mephisto.operations.client_io_handler][WARNING] - [31;1m[Version Mismatch!!][0m: Package `mephisto-task` version mismatch. Expected version 2.0.4 but frontend is currently using 2.0.3. This may cause unexpected errors, be sure to update your `mephisto-task` dependency with `npm install mephisto-task@2.0.4 --save`. If this warning still persists or the version isn't found, please open an issue at https://github.com/facebookresearch/Mephisto/issues
[2023-10-23 07:54:36,268][mephisto.operations.operator][INFO] - Operator running task ID = 1
[2023-10-23 07:55:06,271][mephisto.operations.operator][INFO] - Operator running task ID = 1
[2023-10-23 07:55:36,280][mephisto.operations.operator][INFO] - Operator running task ID = 1
[2023-10-23 07:56:06,285][mephisto.operations.operator][INFO] - Operator running task ID = 1
[2023-10-23 07:56:36,294][mephisto.operations.operator][INFO] - Operator running task ID = 1
[2023-10-23 07:57:06,298][mephisto.operations.operator][INFO] - Operator running task ID = 1
[2023-10-23 07:57:36,304][mephisto.operations.operator][INFO] - Operator running task ID = 1
[2023-10-23 07:58:06,311][mephisto.operations.operator][INFO] - Operator running task ID = 1
[2023-10-23 07:58:36,322][mephisto.operations.operator][INFO] - Operator running task ID = 1
[2023-10-23 07:59:06,333][mephisto.operations.operator][INFO] - Operator running task ID = 1
[2023-10-23 07:59:15,023][mephisto.operations.client_io_handler][WARNING] - [31;1m[Version Mismatch!!][0m: Package `mephisto-task` version mismatch. Expected version 2.0.4 but frontend is currently using 2.0.3. This may cause unexpected errors, be sure to update your `mephisto-task` dependency with `npm install mephisto-task@2.0.4 --save`. If this warning still persists or the version isn't found, please open an issue at https://github.com/facebookresearch/Mephisto/issues
[2023-10-23 07:59:29,455][mephisto.operations.client_io_handler][WARNING] - [31;1m[Version Mismatch!!][0m: Package `mephisto-task` version mismatch. Expected version 2.0.4 but frontend is currently using 2.0.3. This may cause unexpected errors, be sure to update your `mephisto-task` dependency with `npm install mephisto-task@2.0.4 --save`. If this warning still persists or the version isn't found, please open an issue at https://github.com/facebookresearch/Mephisto/issues
[2023-10-23 07:59:36,344][mephisto.operations.operator][INFO] - Operator running task ID = 1
[2023-10-23 08:00:06,356][mephisto.operations.operator][INFO] - Operator running task ID = 1
[2023-10-23 08:00:36,365][mephisto.operations.operator][INFO] - Operator running task ID = 1
[2023-10-23 08:01:06,377][mephisto.operations.operator][INFO] - Operator running task ID = 1
[2023-10-23 08:01:36,384][mephisto.operations.operator][INFO] - Operator running task ID = 1
[2023-10-23 08:02:06,396][mephisto.operations.operator][INFO] - Operator running task ID = 1
[2023-10-23 08:02:36,406][mephisto.operations.operator][INFO] - Operator running task ID = 1
[2023-10-23 08:03:06,419][mephisto.operations.operator][INFO] - Operator running task ID = 1
[2023-10-23 08:03:36,430][mephisto.operations.operator][INFO] - Operator running task ID = 1
[2023-10-23 08:04:06,441][mephisto.operations.operator][INFO] - Operator running task ID = 1
[2023-10-23 08:04:36,453][mephisto.operations.operator][INFO] - Operator running task ID = 1
[2023-10-23 08:05:06,464][mephisto.operations.operator][INFO] - Operator running task ID = 1
[2023-10-23 08:05:36,474][mephisto.operations.operator][INFO] - Operator running task ID = 1
[2023-10-23 08:06:06,486][mephisto.operations.operator][INFO] - Operator running task ID = 1
[2023-10-23 08:06:36,496][mephisto.operations.operator][INFO] - Operator running task ID = 1
[2023-10-23 08:07:06,508][mephisto.operations.operator][INFO] - Operator running task ID = 1
[2023-10-23 08:07:36,519][mephisto.operations.operator][INFO] - Operator running task ID = 1
[2023-10-23 08:08:06,532][mephisto.operations.operator][INFO] - Operator running task ID = 1
[2023-10-23 08:08:36,542][mephisto.operations.operator][INFO] - Operator running task ID = 1
[2023-10-23 08:09:06,552][mephisto.operations.operator][INFO] - Operator running task ID = 1
[2023-10-23 08:09:36,561][mephisto.operations.operator][INFO] - Operator running task ID = 1
[2023-10-23 08:10:06,572][mephisto.operations.operator][INFO] - Operator running task ID = 1
[2023-10-23 08:10:36,582][mephisto.operations.operator][INFO] - Operator running task ID = 1
[2023-10-23 08:11:06,592][mephisto.operations.operator][INFO] - Operator running task ID = 1
[2023-10-23 08:11:36,601][mephisto.operations.operator][INFO] - Operator running task ID = 1
[2023-10-23 08:12:06,612][mephisto.operations.operator][INFO] - Operator running task ID = 1
[2023-10-23 08:12:36,622][mephisto.operations.operator][INFO] - Operator running task ID = 1
[2023-10-23 08:13:06,633][mephisto.operations.operator][INFO] - Operator running task ID = 1
[2023-10-23 08:13:36,643][mephisto.operations.operator][INFO] - Operator running task ID = 1
[2023-10-23 08:14:06,656][mephisto.operations.operator][INFO] - Operator running task ID = 1
[2023-10-23 08:14:36,664][mephisto.operations.operator][INFO] - Operator running task ID = 1
[2023-10-23 08:15:06,675][mephisto.operations.operator][INFO] - Operator running task ID = 1
[2023-10-23 08:15:36,683][mephisto.operations.operator][INFO] - Operator running task ID = 1
[2023-10-23 08:16:06,694][mephisto.operations.operator][INFO] - Operator running task ID = 1
[2023-10-23 08:16:36,704][mephisto.operations.operator][INFO] - Operator running task ID = 1
[2023-10-23 08:17:06,715][mephisto.operations.operator][INFO] - Operator running task ID = 1
[2023-10-23 08:17:36,725][mephisto.operations.operator][INFO] - Operator running task ID = 1
[2023-10-23 08:18:06,736][mephisto.operations.operator][INFO] - Operator running task ID = 1
[2023-10-23 08:18:36,745][mephisto.operations.operator][INFO] - Operator running task ID = 1
[2023-10-23 08:19:06,756][mephisto.operations.operator][INFO] - Operator running task ID = 1
[2023-10-23 08:19:36,765][mephisto.operations.operator][INFO] - Operator running task ID = 1
[2023-10-23 08:20:06,778][mephisto.operations.operator][INFO] - Operator running task ID = 1
[2023-10-23 08:20:36,786][mephisto.operations.operator][INFO] - Operator running task ID = 1
[2023-10-23 08:21:06,798][mephisto.operations.operator][INFO] - Operator running task ID = 1
[2023-10-23 08:21:36,807][mephisto.operations.operator][INFO] - Operator running task ID = 1
[2023-10-23 08:22:06,818][mephisto.operations.operator][INFO] - Operator running task ID = 1
[2023-10-23 08:22:36,827][mephisto.operations.operator][INFO] - Operator running task ID = 1
[2023-10-23 08:23:06,837][mephisto.operations.operator][INFO] - Operator running task ID = 1
[2023-10-23 08:23:36,847][mephisto.operations.operator][INFO] - Operator running task ID = 1
[2023-10-23 08:24:06,856][mephisto.operations.operator][INFO] - Operator running task ID = 1
[2023-10-23 08:24:36,864][mephisto.operations.operator][INFO] - Operator running task ID = 1
[2023-10-23 08:25:06,874][mephisto.operations.operator][INFO] - Operator running task ID = 1
[2023-10-23 08:25:36,882][mephisto.operations.operator][INFO] - Operator running task ID = 1
[2023-10-23 08:26:06,894][mephisto.operations.operator][INFO] - Operator running task ID = 1
[2023-10-23 08:26:36,904][mephisto.operations.operator][INFO] - Operator running task ID = 1
[2023-10-23 08:27:06,914][mephisto.operations.operator][INFO] - Operator running task ID = 1
[2023-10-23 08:27:36,921][mephisto.operations.operator][INFO] - Operator running task ID = 1
[2023-10-23 08:28:06,932][mephisto.operations.operator][INFO] - Operator running task ID = 1
[2023-10-23 08:28:36,940][mephisto.operations.operator][INFO] - Operator running task ID = 1
[2023-10-23 08:29:06,951][mephisto.operations.operator][INFO] - Operator running task ID = 1
[2023-10-23 08:29:36,959][mephisto.operations.operator][INFO] - Operator running task ID = 1
[2023-10-23 08:30:06,970][mephisto.operations.operator][INFO] - Operator running task ID = 1
[2023-10-23 08:30:36,980][mephisto.operations.operator][INFO] - Operator running task ID = 1
[2023-10-23 08:31:06,990][mephisto.operations.operator][INFO] - Operator running task ID = 1
[2023-10-23 08:31:36,999][mephisto.operations.operator][INFO] - Operator running task ID = 1
[2023-10-23 08:32:07,006][mephisto.operations.operator][INFO] - Operator running task ID = 1
[2023-10-23 08:32:37,019][mephisto.operations.operator][INFO] - Operator running task ID = 1
[2023-10-23 08:33:07,029][mephisto.operations.operator][INFO] - Operator running task ID = 1
[2023-10-23 08:33:37,038][mephisto.operations.operator][INFO] - Operator running task ID = 1
[2023-10-23 08:34:07,048][mephisto.operations.operator][INFO] - Operator running task ID = 1
[2023-10-23 08:34:37,058][mephisto.operations.operator][INFO] - Operator running task ID = 1
[2023-10-23 08:35:07,068][mephisto.operations.operator][INFO] - Operator running task ID = 1
[2023-10-23 08:35:37,079][mephisto.operations.operator][INFO] - Operator running task ID = 1
[2023-10-23 08:36:07,087][mephisto.operations.operator][INFO] - Operator running task ID = 1
[2023-10-23 08:36:37,093][mephisto.operations.operator][INFO] - Operator running task ID = 1
[2023-10-23 08:37:07,102][mephisto.operations.operator][INFO] - Operator running task ID = 1
[2023-10-23 08:37:37,109][mephisto.operations.operator][INFO] - Operator running task ID = 1
[2023-10-23 08:38:07,116][mephisto.operations.operator][INFO] - Operator running task ID = 1
[2023-10-23 08:38:14,435][mephisto.operations.client_io_handler][WARNING] - [31;1m[Version Mismatch!!][0m: Package `mephisto-task` version mismatch. Expected version 2.0.4 but frontend is currently using 2.0.3. This may cause unexpected errors, be sure to update your `mephisto-task` dependency with `npm install mephisto-task@2.0.4 --save`. If this warning still persists or the version isn't found, please open an issue at https://github.com/facebookresearch/Mephisto/issues
[2023-10-23 08:38:37,123][mephisto.operations.operator][INFO] - Operator running task ID = 1
[2023-10-23 08:39:07,134][mephisto.operations.operator][INFO] - Operator running task ID = 1
[2023-10-23 08:39:36,714][mephisto.operations.client_io_handler][WARNING] - [31;1m[Version Mismatch!!][0m: Package `mephisto-task` version mismatch. Expected version 2.0.4 but frontend is currently using 2.0.3. This may cause unexpected errors, be sure to update your `mephisto-task` dependency with `npm install mephisto-task@2.0.4 --save`. If this warning still persists or the version isn't found, please open an issue at https://github.com/facebookresearch/Mephisto/issues
[2023-10-23 08:39:37,141][mephisto.operations.operator][INFO] - Operator running task ID = 1
[2023-10-23 08:40:00,015][mephisto.operations.client_io_handler][WARNING] - [31;1m[Version Mismatch!!][0m: Package `mephisto-task` version mismatch. Expected version 2.0.4 but frontend is currently using 2.0.3. This may cause unexpected errors, be sure to update your `mephisto-task` dependency with `npm install mephisto-task@2.0.4 --save`. If this warning still persists or the version isn't found, please open an issue at https://github.com/facebookresearch/Mephisto/issues
[2023-10-23 08:40:07,150][mephisto.operations.operator][INFO] - Operator running task ID = 1
[2023-10-23 08:40:16,555][mephisto.operations.client_io_handler][WARNING] - [31;1m[Version Mismatch!!][0m: Package `mephisto-task` version mismatch. Expected version 2.0.4 but frontend is currently using 2.0.3. This may cause unexpected errors, be sure to update your `mephisto-task` dependency with `npm install mephisto-task@2.0.4 --save`. If this warning still persists or the version isn't found, please open an issue at https://github.com/facebookresearch/Mephisto/issues
[2023-10-23 08:40:36,346][mephisto.operations.client_io_handler][WARNING] - [31;1m[Version Mismatch!!][0m: Package `mephisto-task` version mismatch. Expected version 2.0.4 but frontend is currently using 2.0.3. This may cause unexpected errors, be sure to update your `mephisto-task` dependency with `npm install mephisto-task@2.0.4 --save`. If this warning still persists or the version isn't found, please open an issue at https://github.com/facebookresearch/Mephisto/issues
[2023-10-23 08:40:37,157][mephisto.operations.operator][INFO] - Operator running task ID = 1
[2023-10-23 08:40:37,398][mephisto.operations.client_io_handler][WARNING] - [31;1m[Version Mismatch!!][0m: Package `mephisto-task` version mismatch. Expected version 2.0.4 but frontend is currently using 2.0.3. This may cause unexpected errors, be sure to update your `mephisto-task` dependency with `npm install mephisto-task@2.0.4 --save`. If this warning still persists or the version isn't found, please open an issue at https://github.com/facebookresearch/Mephisto/issues
[2023-10-23 08:40:38,651][mephisto.operations.client_io_handler][WARNING] - [31;1m[Version Mismatch!!][0m: Package `mephisto-task` version mismatch. Expected version 2.0.4 but frontend is currently using 2.0.3. This may cause unexpected errors, be sure to update your `mephisto-task` dependency with `npm install mephisto-task@2.0.4 --save`. If this warning still persists or the version isn't found, please open an issue at https://github.com/facebookresearch/Mephisto/issues
[2023-10-23 08:40:53,785][mephisto.operations.client_io_handler][WARNING] - [31;1m[Version Mismatch!!][0m: Package `mephisto-task` version mismatch. Expected version 2.0.4 but frontend is currently using 2.0.3. This may cause unexpected errors, be sure to update your `mephisto-task` dependency with `npm install mephisto-task@2.0.4 --save`. If this warning still persists or the version isn't found, please open an issue at https://github.com/facebookresearch/Mephisto/issues
[2023-10-23 08:40:54,788][mephisto.operations.client_io_handler][WARNING] - [31;1m[Version Mismatch!!][0m: Package `mephisto-task` version mismatch. Expected version 2.0.4 but frontend is currently using 2.0.3. This may cause unexpected errors, be sure to update your `mephisto-task` dependency with `npm install mephisto-task@2.0.4 --save`. If this warning still persists or the version isn't found, please open an issue at https://github.com/facebookresearch/Mephisto/issues
[2023-10-23 08:41:07,166][mephisto.operations.operator][INFO] - Operator running task ID = 1
[2023-10-23 08:41:37,172][mephisto.operations.operator][INFO] - Operator running task ID = 1
[2023-10-23 08:42:07,180][mephisto.operations.operator][INFO] - Operator running task ID = 1
[2023-10-23 08:42:09,553][mephisto.operations.client_io_handler][WARNING] - [31;1m[Version Mismatch!!][0m: Package `mephisto-task` version mismatch. Expected version 2.0.4 but frontend is currently using 2.0.3. This may cause unexpected errors, be sure to update your `mephisto-task` dependency with `npm install mephisto-task@2.0.4 --save`. If this warning still persists or the version isn't found, please open an issue at https://github.com/facebookresearch/Mephisto/issues
[2023-10-23 08:42:31,549][mephisto.operations.client_io_handler][WARNING] - [31;1m[Version Mismatch!!][0m: Package `mephisto-task` version mismatch. Expected version 2.0.4 but frontend is currently using 2.0.3. This may cause unexpected errors, be sure to update your `mephisto-task` dependency with `npm install mephisto-task@2.0.4 --save`. If this warning still persists or the version isn't found, please open an issue at https://github.com/facebookresearch/Mephisto/issues
[2023-10-23 08:42:37,189][mephisto.operations.operator][INFO] - Operator running task ID = 1
[2023-10-23 08:42:39,014][mephisto.operations.client_io_handler][WARNING] - [31;1m[Version Mismatch!!][0m: Package `mephisto-task` version mismatch. Expected version 2.0.4 but frontend is currently using 2.0.3. This may cause unexpected errors, be sure to update your `mephisto-task` dependency with `npm install mephisto-task@2.0.4 --save`. If this warning still persists or the version isn't found, please open an issue at https://github.com/facebookresearch/Mephisto/issues
[2023-10-23 08:42:40,416][mephisto.operations.client_io_handler][WARNING] - [31;1m[Version Mismatch!!][0m: Package `mephisto-task` version mismatch. Expected version 2.0.4 but frontend is currently using 2.0.3. This may cause unexpected errors, be sure to update your `mephisto-task` dependency with `npm install mephisto-task@2.0.4 --save`. If this warning still persists or the version isn't found, please open an issue at https://github.com/facebookresearch/Mephisto/issues
[2023-10-23 08:43:07,198][mephisto.operations.operator][INFO] - Operator running task ID = 1
[2023-10-23 08:43:37,205][mephisto.operations.operator][INFO] - Operator running task ID = 1
[2023-10-23 08:44:07,214][mephisto.operations.operator][INFO] - Operator running task ID = 1
[2023-10-23 08:44:37,221][mephisto.operations.operator][INFO] - Operator running task ID = 1
[2023-10-23 08:45:07,229][mephisto.operations.operator][INFO] - Operator running task ID = 1
[2023-10-23 08:45:37,235][mephisto.operations.operator][INFO] - Operator running task ID = 1
[2023-10-23 08:46:07,242][mephisto.operations.operator][INFO] - Operator running task ID = 1
[2023-10-23 08:46:37,249][mephisto.operations.operator][INFO] - Operator running task ID = 1
[2023-10-23 08:47:07,256][mephisto.operations.operator][INFO] - Operator running task ID = 1
[2023-10-23 08:47:37,264][mephisto.operations.operator][INFO] - Operator running task ID = 1
[2023-10-23 08:48:07,271][mephisto.operations.operator][INFO] - Operator running task ID = 1
[2023-10-23 08:48:37,277][mephisto.operations.operator][INFO] - Operator running task ID = 1
[2023-10-23 08:49:07,285][mephisto.operations.operator][INFO] - Operator running task ID = 1
[2023-10-23 08:49:37,292][mephisto.operations.operator][INFO] - Operator running task ID = 1
[2023-10-23 08:50:07,299][mephisto.operations.operator][INFO] - Operator running task ID = 1
[2023-10-23 08:50:37,305][mephisto.operations.operator][INFO] - Operator running task ID = 1
[2023-10-23 08:51:07,315][mephisto.operations.operator][INFO] - Operator running task ID = 1
[2023-10-23 08:51:37,320][mephisto.operations.operator][INFO] - Operator running task ID = 1
[2023-10-23 08:52:07,329][mephisto.operations.operator][INFO] - Operator running task ID = 1
[2023-10-23 08:52:37,334][mephisto.operations.operator][INFO] - Operator running task ID = 1
[2023-10-23 08:53:07,343][mephisto.operations.operator][INFO] - Operator running task ID = 1
[2023-10-23 08:53:37,350][mephisto.operations.operator][INFO] - Operator running task ID = 1
[2023-10-23 08:54:07,358][mephisto.operations.operator][INFO] - Operator running task ID = 1
[2023-10-23 08:54:37,364][mephisto.operations.operator][INFO] - Operator running task ID = 1
[2023-10-23 08:55:07,372][mephisto.operations.operator][INFO] - Operator running task ID = 1
[2023-10-23 08:55:37,377][mephisto.operations.operator][INFO] - Operator running task ID = 1
[2023-10-23 08:56:07,386][mephisto.operations.operator][INFO] - Operator running task ID = 1
[2023-10-23 08:56:37,393][mephisto.operations.operator][INFO] - Operator running task ID = 1
[2023-10-23 08:57:07,400][mephisto.operations.operator][INFO] - Operator running task ID = 1
[2023-10-23 08:57:37,406][mephisto.operations.operator][INFO] - Operator running task ID = 1
[2023-10-23 08:58:07,414][mephisto.operations.operator][INFO] - Operator running task ID = 1
[2023-10-23 08:58:37,420][mephisto.operations.operator][INFO] - Operator running task ID = 1
[2023-10-23 08:59:07,429][mephisto.operations.operator][INFO] - Operator running task ID = 1
